 General Geometry - Free Format                                                  
                          U :            4.000000
                       t_up :            1.000000
                       t_dn :            1.000000
                      mu_up :            0.000000
                      mu_dn :            0.000000
             Time slice - L :           40
            Number of sites :           64
                       dtau :            0.050000
                       beta :            2.000000
     Number of warmup sweep :         5000
Number of measurement sweep :        50000
   Frequency of measurement :            0
                Random seed :      1234567
 Frequency of recomputing G :           15
Global move number of sites :            0
               Accept count :     72522275
               Reject count :     68185664
    Approximate accept rate :            0.515410
                      gamma :            0.712565
           Type of matrix B : Dense MatB  
         Type of matrix HSF : discrete
 Sign of equal time measurements:
                   Avg sign :   0.10000000E+01 +-  0.00000000E+00
                Avg up sign :   0.99996000E+00 +-  0.40000000E-04
                Avg dn sign :   0.99996000E+00 +-  0.40000000E-04
============================================================================
 Equal time measurements:
          Up spin occupancy :   0.50006521E+00 +-  0.21871884E-03
        Down spin occupancy :   0.49993479E+00 +-  0.21871884E-03
             <U*N_up*N_dn>  :   0.53776551E+00 +-  0.22744116E-03
             Kinetic energy :  -0.32549315E+01 +-  0.41325273E-03
               Total energy :  -0.17171660E+01 +-  0.20415782E-03
                    Density :   0.10000000E+01 +-  0.00000000E+00
                Chi_thermal :  -0.25600000E+03 +-  0.27614437E-11
              Specific heat :   0.11354309E+04 +-  0.23694540E+00
  XX Ferro structure factor :   0.32202556E+00 +-  0.62159429E-03
  ZZ Ferro structure factor :   0.32221809E+00 +-  0.25469242E-02
     XX AF structure factor :   0.15744362E+01 +-  0.73439007E-03
  Root Mean Square of XX AF :   0.16069414E+01 +-  0.12400401E-02
     ZZ AF structure factor :   0.15611514E+01 +-  0.15907536E-01
  Root Mean Square of ZZ AF :   0.22339898E+01 +-  0.18566661E-01
           Potential energy :  -0.46223449E+00 +-  0.22744116E-03
             Hopping energy :  -0.12549315E+01 +-  0.41325273E-03
           Double occupancy :   0.13444138E+00 +-  0.56860290E-04
      Magnetisation squared :   0.18277931E+00 +-  0.28430145E-04
============================================================================
 Mean Equal time Green's function:
  0  0 64   0.00   0.00   0.00  0.50000000E+00 +-  0.00000000E+00
  0  0256   1.00   0.00   0.00 -0.15686644E+00 +-  0.51656592E-04
  0  0256   2.00   0.00   0.00  0.31862640E-21 +-  0.80013775E-21
  0  0256   3.00   0.00   0.00  0.26911278E-02 +-  0.45518650E-05
  0  0128   4.00   0.00   0.00 -0.10117790E-20 +-  0.49664995E-21
  0  0256   1.00   1.00   0.00  0.19768525E-21 +-  0.12331944E-20
  0  0512   2.00   1.00   0.00  0.26957724E-01 +-  0.20740054E-04
  0  0512   3.00   1.00   0.00  0.92094159E-21 +-  0.74570052E-21
  0  0256   4.00   1.00   0.00 -0.36137510E-02 +-  0.27465719E-05
  0  0256   2.00   2.00   0.00  0.11460252E-20 +-  0.20256142E-21
  0  0512   3.00   2.00   0.00 -0.68819142E-02 +-  0.94247914E-05
  0  0256   4.00   2.00   0.00 -0.23933300E-21 +-  0.51701352E-21
  0  0256   3.00   3.00   0.00  0.17429464E-21 +-  0.21803966E-21
  0  0256   4.00   3.00   0.00  0.32657686E-02 +-  0.70825244E-05
  0  0 64   4.00   4.00   0.00 -0.62508164E-21 +-  0.48835677E-21
============================================================================
 Up Equal time Green's function:
  0  0 64   0.00   0.00   0.00  0.49993479E+00 +-  0.21871884E-03
  0  0256   1.00   0.00   0.00 -0.15686644E+00 +-  0.51656592E-04
  0  0256   2.00   0.00   0.00  0.25608370E-04 +-  0.10083768E-04
  0  0256   3.00   0.00   0.00  0.26911278E-02 +-  0.45518650E-05
  0  0128   4.00   0.00   0.00 -0.17023268E-04 +-  0.65991229E-05
  0  0256   1.00   1.00   0.00  0.12512981E-04 +-  0.61515723E-04
  0  0512   2.00   1.00   0.00  0.26957724E-01 +-  0.20740054E-04
  0  0512   3.00   1.00   0.00  0.91403092E-06 +-  0.88868062E-05
  0  0256   4.00   1.00   0.00 -0.36137510E-02 +-  0.27465719E-05
  0  0256   2.00   2.00   0.00 -0.19954210E-04 +-  0.27507473E-04
  0  0512   3.00   2.00   0.00 -0.68819142E-02 +-  0.94247914E-05
  0  0256   4.00   2.00   0.00  0.61647414E-05 +-  0.97574164E-05
  0  0256   3.00   3.00   0.00  0.48631333E-05 +-  0.49097782E-05
  0  0256   4.00   3.00   0.00  0.32657686E-02 +-  0.70825244E-05
  0  0 64   4.00   4.00   0.00 -0.99284932E-05 +-  0.14806519E-04
============================================================================
 Down Equal time Green's function:
  0  0 64   0.00   0.00   0.00  0.50006521E+00 +-  0.21871884E-03
  0  0256   1.00   0.00   0.00 -0.15686644E+00 +-  0.51656592E-04
  0  0256   2.00   0.00   0.00 -0.25608370E-04 +-  0.10083768E-04
  0  0256   3.00   0.00   0.00  0.26911278E-02 +-  0.45518650E-05
  0  0128   4.00   0.00   0.00  0.17023268E-04 +-  0.65991229E-05
  0  0256   1.00   1.00   0.00 -0.12512981E-04 +-  0.61515723E-04
  0  0512   2.00   1.00   0.00  0.26957724E-01 +-  0.20740054E-04
  0  0512   3.00   1.00   0.00 -0.91403092E-06 +-  0.88868062E-05
  0  0256   4.00   1.00   0.00 -0.36137510E-02 +-  0.27465719E-05
  0  0256   2.00   2.00   0.00  0.19954210E-04 +-  0.27507473E-04
  0  0512   3.00   2.00   0.00 -0.68819142E-02 +-  0.94247914E-05
  0  0256   4.00   2.00   0.00 -0.61647414E-05 +-  0.97574164E-05
  0  0256   3.00   3.00   0.00 -0.48631333E-05 +-  0.49097782E-05
  0  0256   4.00   3.00   0.00  0.32657686E-02 +-  0.70825244E-05
  0  0 64   4.00   4.00   0.00  0.99284932E-05 +-  0.14806519E-04
============================================================================
 Density-density correlation fn: (up-up)
  0  0 64   0.00   0.00   0.00  0.50000000E+00 +-  0.00000000E+00
  0  0256   1.00   0.00   0.00  0.20936651E+00 +-  0.74747985E-04
  0  0256   2.00   0.00   0.00  0.25255843E+00 +-  0.12180371E-03
  0  0256   3.00   0.00   0.00  0.24939728E+00 +-  0.53152455E-04
  0  0128   4.00   0.00   0.00  0.25011697E+00 +-  0.11314890E-03
  0  0256   1.00   1.00   0.00  0.25599364E+00 +-  0.71832890E-04
  0  0512   2.00   1.00   0.00  0.24663757E+00 +-  0.81016248E-04
  0  0512   3.00   1.00   0.00  0.25059858E+00 +-  0.72362728E-04
  0  0256   4.00   1.00   0.00  0.24976394E+00 +-  0.93600234E-04
  0  0256   2.00   2.00   0.00  0.25103321E+00 +-  0.85857594E-04
  0  0512   3.00   2.00   0.00  0.24946235E+00 +-  0.44959537E-04
  0  0256   4.00   2.00   0.00  0.25022739E+00 +-  0.66237273E-04
  0  0256   3.00   3.00   0.00  0.25020151E+00 +-  0.77928908E-04
  0  0256   4.00   3.00   0.00  0.24989893E+00 +-  0.70241358E-04
  0  0 64   4.00   4.00   0.00  0.25016183E+00 +-  0.21389385E-03
============================================================================
 Density-density correlation fn: (up-dn)
  0  0 64   0.00   0.00   0.00  0.13444138E+00 +-  0.56860290E-04
  0  0256   1.00   0.00   0.00  0.27089272E+00 +-  0.75074904E-04
  0  0256   2.00   0.00   0.00  0.24672642E+00 +-  0.12177882E-03
  0  0256   3.00   0.00   0.00  0.25052729E+00 +-  0.53168505E-04
  0  0128   4.00   0.00   0.00  0.24985555E+00 +-  0.11312330E-03
  0  0256   1.00   1.00   0.00  0.24152055E+00 +-  0.71369141E-04
  0  0512   2.00   1.00   0.00  0.25270640E+00 +-  0.81157357E-04
  0  0512   3.00   1.00   0.00  0.24930662E+00 +-  0.72333038E-04
  0  0256   4.00   1.00   0.00  0.25020293E+00 +-  0.93604987E-04
  0  0256   2.00   2.00   0.00  0.24873927E+00 +-  0.85791667E-04
  0  0512   3.00   2.00   0.00  0.25047139E+00 +-  0.44953166E-04
  0  0256   4.00   2.00   0.00  0.24973694E+00 +-  0.66228490E-04
  0  0256   3.00   3.00   0.00  0.24977144E+00 +-  0.77889092E-04
  0  0256   4.00   3.00   0.00  0.25008130E+00 +-  0.70276396E-04
  0  0 64   4.00   4.00   0.00  0.24981487E+00 +-  0.21389170E-03
============================================================================
 XX Spin correlation function:
  0  0 64   0.00   0.00   0.00  0.73111725E+00 +-  0.11372058E-03
  0  0256   1.00   0.00   0.00 -0.12327458E+00 +-  0.94441641E-04
  0  0256   2.00   0.00   0.00  0.11777707E-01 +-  0.28668100E-04
  0  0256   3.00   0.00   0.00 -0.27546354E-02 +-  0.14136111E-04
  0  0128   4.00   0.00   0.00  0.13612064E-02 +-  0.45205282E-05
  0  0256   1.00   1.00   0.00  0.28843821E-01 +-  0.43925544E-04
  0  0512   2.00   1.00   0.00 -0.12065556E-01 +-  0.18365318E-04
  0  0512   3.00   1.00   0.00  0.27569024E-02 +-  0.90048833E-05
  0  0256   4.00   1.00   0.00 -0.13795202E-02 +-  0.46045711E-05
  0  0256   2.00   2.00   0.00  0.49992753E-02 +-  0.87734469E-05
  0  0512   3.00   2.00   0.00 -0.20902640E-02 +-  0.47893660E-05
  0  0256   4.00   2.00   0.00  0.11985243E-02 +-  0.17808378E-05
  0  0256   3.00   3.00   0.00  0.10791793E-02 +-  0.41301300E-05
  0  0256   4.00   3.00   0.00 -0.83094689E-03 +-  0.26337974E-05
  0  0 64   4.00   4.00   0.00  0.74196339E-03 +-  0.32326984E-05
============================================================================
 ZZ Spin correlation function:
  0  0 64   0.00   0.00   0.00  0.73111725E+00 +-  0.11372058E-03
  0  0256   1.00   0.00   0.00 -0.12305242E+00 +-  0.29929140E-03
  0  0256   2.00   0.00   0.00  0.11664018E-01 +-  0.48716337E-03
  0  0256   3.00   0.00   0.00 -0.22600349E-02 +-  0.21264181E-03
  0  0128   4.00   0.00   0.00  0.52285053E-03 +-  0.45254438E-03
  0  0256   1.00   1.00   0.00  0.28946167E-01 +-  0.28640322E-03
  0  0512   2.00   1.00   0.00 -0.12137650E-01 +-  0.32434563E-03
  0  0512   3.00   1.00   0.00  0.25839212E-02 +-  0.28939142E-03
  0  0256   4.00   1.00   0.00 -0.87799640E-03 +-  0.37441044E-03
  0  0256   2.00   2.00   0.00  0.45878894E-02 +-  0.34329843E-03
  0  0512   3.00   2.00   0.00 -0.20180851E-02 +-  0.17982534E-03
  0  0256   4.00   2.00   0.00  0.98089789E-03 +-  0.26493150E-03
  0  0256   3.00   3.00   0.00  0.86015455E-03 +-  0.31163598E-03
  0  0256   4.00   3.00   0.00 -0.36474450E-03 +-  0.28103550E-03
  0  0 64   4.00   4.00   0.00  0.69391806E-03 +-  0.85557109E-03
============================================================================
 Average Spin correlation function:
  0  0 64   0.00   0.00   0.00  0.73111725E+00 +-  0.11372058E-03
  0  0256   1.00   0.00   0.00 -0.12320053E+00 +-  0.10294260E-03
  0  0256   2.00   0.00   0.00  0.11739810E-01 +-  0.15583869E-03
  0  0256   3.00   0.00   0.00 -0.25897686E-02 +-  0.72937818E-04
  0  0128   4.00   0.00   0.00  0.10817544E-02 +-  0.15362830E-03
  0  0256   1.00   1.00   0.00  0.28877936E-01 +-  0.99390939E-04
  0  0512   2.00   1.00   0.00 -0.12089587E-01 +-  0.99880339E-04
  0  0512   3.00   1.00   0.00  0.26992420E-02 +-  0.94856435E-04
  0  0256   4.00   1.00   0.00 -0.12123456E-02 +-  0.12378643E-03
  0  0256   2.00   2.00   0.00  0.48621466E-02 +-  0.11459257E-03
  0  0512   3.00   2.00   0.00 -0.20662043E-02 +-  0.59571439E-04
  0  0256   4.00   2.00   0.00  0.11259822E-02 +-  0.88175297E-04
  0  0256   3.00   3.00   0.00  0.10061711E-02 +-  0.10242810E-03
  0  0256   4.00   3.00   0.00 -0.67554609E-03 +-  0.92255189E-04
  0  0 64   4.00   4.00   0.00  0.72594828E-03 +-  0.28360579E-03
============================================================================
 Pairing correlation function:
  0  0 64   0.00   0.00   0.00  0.67220689E-01 +-  0.28430145E-04
  0  0256   1.00   0.00   0.00  0.98703839E-02 +-  0.36458643E-05
  0  0256   2.00   0.00   0.00 -0.35757146E-03 +-  0.32051141E-06
  0  0256   3.00   0.00   0.00  0.37714122E-04 +-  0.53619243E-07
  0  0128   4.00   0.00   0.00 -0.13738260E-04 +-  0.35458319E-07
  0  0256   1.00   1.00   0.00 -0.12429062E-02 +-  0.28981394E-06
  0  0512   2.00   1.00   0.00  0.32801311E-03 +-  0.26285624E-06
  0  0512   3.00   1.00   0.00 -0.47399119E-04 +-  0.63777623E-07
  0  0256   4.00   1.00   0.00  0.16565718E-04 +-  0.64229057E-08
  0  0256   2.00   2.00   0.00 -0.11375805E-03 +-  0.69634349E-07
  0  0512   3.00   2.00   0.00  0.33129369E-04 +-  0.38703040E-07
  0  0256   4.00   2.00   0.00 -0.17832100E-04 +-  0.28306885E-07
  0  0256   3.00   3.00   0.00 -0.13523701E-04 +-  0.31015924E-07
  0  0256   4.00   3.00   0.00  0.98831826E-05 +-  0.26914014E-07
  0  0 64   4.00   4.00   0.00 -0.11646624E-04 +-  0.34328810E-07
============================================================================
 Double-Double correlation function:
  0  0 64   0.00   0.00   0.00  0.13444138E+00 +-  0.56860290E-04
  0  0256   1.00   0.00   0.00  0.11461795E-01 +-  0.93515621E-05
  0  0256   2.00   0.00   0.00  0.17774845E-01 +-  0.14451713E-04
  0  0256   3.00   0.00   0.00  0.18039730E-01 +-  0.14918414E-04
  0  0128   4.00   0.00   0.00  0.18060083E-01 +-  0.15450684E-04
  0  0256   1.00   1.00   0.00  0.16709439E-01 +-  0.14666630E-04
  0  0512   2.00   1.00   0.00  0.17796561E-01 +-  0.15727966E-04
  0  0512   3.00   1.00   0.00  0.18028630E-01 +-  0.15098862E-04
  0  0256   4.00   1.00   0.00  0.18058790E-01 +-  0.15160210E-04
  0  0256   2.00   2.00   0.00  0.17952979E-01 +-  0.16785096E-04
  0  0512   3.00   2.00   0.00  0.18042137E-01 +-  0.15410828E-04
  0  0256   4.00   2.00   0.00  0.18054479E-01 +-  0.15376954E-04
  0  0256   3.00   3.00   0.00  0.18059452E-01 +-  0.15595978E-04
  0  0256   4.00   3.00   0.00  0.18064367E-01 +-  0.14937958E-04
  0  0 64   4.00   4.00   0.00  0.18059326E-01 +-  0.13513212E-04
============================================================================
 Single-Single correlation function:
  0  0 64   0.00   0.00   0.00  0.73111725E+00 +-  0.11372058E-03
  0  0256   1.00   0.00   0.00  0.54756321E+00 +-  0.17641263E-03
  0  0256   2.00   0.00   0.00  0.53476416E+00 +-  0.16886403E-03
  0  0256   3.00   0.00   0.00  0.53454427E+00 +-  0.16779389E-03
  0  0128   4.00   0.00   0.00  0.53452978E+00 +-  0.16567879E-03
  0  0256   1.00   1.00   0.00  0.53404387E+00 +-  0.16844902E-03
  0  0512   2.00   1.00   0.00  0.53473279E+00 +-  0.16353061E-03
  0  0512   3.00   1.00   0.00  0.53453861E+00 +-  0.16708201E-03
  0  0256   4.00   1.00   0.00  0.53453591E+00 +-  0.16690207E-03
  0  0256   2.00   2.00   0.00  0.53450144E+00 +-  0.16022506E-03
  0  0512   3.00   2.00   0.00  0.53453556E+00 +-  0.16571856E-03
  0  0256   4.00   2.00   0.00  0.53452374E+00 +-  0.16590881E-03
  0  0256   3.00   3.00   0.00  0.53452639E+00 +-  0.16510310E-03
  0  0256   4.00   3.00   0.00  0.53453149E+00 +-  0.16764285E-03
  0  0 64   4.00   4.00   0.00  0.53451838E+00 +-  0.17406492E-03
============================================================================
 Grid for Green's function
  K-points
  Class
    1         0.00000   0.00000

    2         0.00000  -0.78540
              0.00000   0.78540
             -0.78540   0.00000
              0.78540   0.00000

    3        -0.78540  -0.78540
              0.78540  -0.78540
             -0.78540   0.78540
              0.78540   0.78540

    4         0.00000  -1.57080
              0.00000   1.57080
             -1.57080   0.00000
              1.57080   0.00000

    5        -0.78540  -1.57080
              0.78540  -1.57080
             -0.78540   1.57080
              0.78540   1.57080
             -1.57080  -0.78540
             -1.57080   0.78540
              1.57080  -0.78540
              1.57080   0.78540

    6        -1.57080  -1.57080
              1.57080  -1.57080
             -1.57080   1.57080
              1.57080   1.57080

    7         0.00000  -2.35619
              0.00000   2.35619
             -2.35619   0.00000
              2.35619   0.00000

    8        -0.78540  -2.35619
              0.78540  -2.35619
             -0.78540   2.35619
              0.78540   2.35619
             -2.35619  -0.78540
             -2.35619   0.78540
              2.35619  -0.78540
              2.35619   0.78540

    9        -1.57080  -2.35619
              1.57080  -2.35619
             -1.57080   2.35619
              1.57080   2.35619
             -2.35619  -1.57080
             -2.35619   1.57080
              2.35619  -1.57080
              2.35619   1.57080

   10         0.00000  -3.14159
             -3.14159   0.00000

   11        -0.78540  -3.14159
              0.78540  -3.14159
             -3.14159  -0.78540
             -3.14159   0.78540

   12        -2.35619  -2.35619
              2.35619  -2.35619
             -2.35619   2.35619
              2.35619   2.35619

   13        -1.57080  -3.14159
              1.57080  -3.14159
             -3.14159  -1.57080
             -3.14159   1.57080

   14        -2.35619  -3.14159
              2.35619  -3.14159
             -3.14159  -2.35619
             -3.14159   2.35619

   15        -3.14159  -3.14159

============================================================================
 Grid for spin/charge correlations
  K-points
  Class
    1         0.00000   0.00000

    2         0.00000  -0.78540
              0.00000   0.78540
             -0.78540   0.00000
              0.78540   0.00000

    3        -0.78540  -0.78540
              0.78540  -0.78540
             -0.78540   0.78540
              0.78540   0.78540

    4         0.00000  -1.57080
              0.00000   1.57080
             -1.57080   0.00000
              1.57080   0.00000

    5        -0.78540  -1.57080
              0.78540  -1.57080
             -0.78540   1.57080
              0.78540   1.57080
             -1.57080  -0.78540
             -1.57080   0.78540
              1.57080  -0.78540
              1.57080   0.78540

    6        -1.57080  -1.57080
              1.57080  -1.57080
             -1.57080   1.57080
              1.57080   1.57080

    7         0.00000  -2.35619
              0.00000   2.35619
             -2.35619   0.00000
              2.35619   0.00000

    8        -0.78540  -2.35619
              0.78540  -2.35619
             -0.78540   2.35619
              0.78540   2.35619
             -2.35619  -0.78540
             -2.35619   0.78540
              2.35619  -0.78540
              2.35619   0.78540

    9        -1.57080  -2.35619
              1.57080  -2.35619
             -1.57080   2.35619
              1.57080   2.35619
             -2.35619  -1.57080
             -2.35619   1.57080
              2.35619  -1.57080
              2.35619   1.57080

   10         0.00000  -3.14159
             -3.14159   0.00000

   11        -0.78540  -3.14159
              0.78540  -3.14159
             -3.14159  -0.78540
             -3.14159   0.78540

   12        -2.35619  -2.35619
              2.35619  -2.35619
             -2.35619   2.35619
              2.35619   2.35619

   13        -1.57080  -3.14159
              1.57080  -3.14159
             -3.14159  -1.57080
             -3.14159   1.57080

   14        -2.35619  -3.14159
              2.35619  -3.14159
             -3.14159  -2.35619
             -3.14159   2.35619

   15        -3.14159  -3.14159

============================================================================
 FT of Ave Equal t Green's function:
    1    0    0                 0.42513309E-01 +-  0.84996913E-04
    2    0    0                 0.52680711E-01 +-  0.11179461E-03
    3    0    0                 0.68161272E-01 +-  0.13397537E-03
    4    0    0                 0.11065017E+00 +-  0.13605925E-03
    5    0    0                 0.16890946E+00 +-  0.17469983E-03
    6    0    0                 0.50000000E+00 +-  0.00000000E+00
    7    0    0                 0.33200998E+00 +-  0.96474247E-04
    8    0    0                 0.50000000E+00 +-  0.30201331E-15
    9    0    0                 0.83109054E+00 +-  0.17469983E-03
   10    0    0                 0.50000000E+00 +-  0.19860273E-15
   11    0    0                 0.66799002E+00 +-  0.96474247E-04
   12    0    0                 0.93183873E+00 +-  0.13397537E-03
   13    0    0                 0.88934983E+00 +-  0.13605925E-03
   14    0    0                 0.94731929E+00 +-  0.11179461E-03
   15    0    0                 0.95748669E+00 +-  0.84996913E-04
============================================================================
 FT of Up Equal t Green's function:
    1    0    0                 0.42528212E-01 +-  0.45139391E-04
    2    0    0                 0.52685949E-01 +-  0.61723685E-04
    3    0    0                 0.68151271E-01 +-  0.73149848E-04
    4    0    0                 0.11062080E+00 +-  0.55486664E-04
    5    0    0                 0.16881529E+00 +-  0.13879979E-03
    6    0    0                 0.49968390E+00 +-  0.40068265E-03
    7    0    0                 0.33197194E+00 +-  0.31220773E-03
    8    0    0                 0.49992781E+00 +-  0.39577136E-03
    9    0    0                 0.83099636E+00 +-  0.35846632E-03
   10    0    0                 0.49986127E+00 +-  0.46442659E-03
   11    0    0                 0.66795199E+00 +-  0.44193153E-03
   12    0    0                 0.93182873E+00 +-  0.20850638E-03
   13    0    0                 0.88932045E+00 +-  0.26076464E-03
   14    0    0                 0.94732453E+00 +-  0.16561730E-03
   15    0    0                 0.95750159E+00 +-  0.15209336E-03
============================================================================
 FT of Dn Equal t Green's function:
    1    0    0                 0.42498407E-01 +-  0.15209336E-03
    2    0    0                 0.52675473E-01 +-  0.16561730E-03
    3    0    0                 0.68171272E-01 +-  0.20850638E-03
    4    0    0                 0.11067955E+00 +-  0.26076464E-03
    5    0    0                 0.16900364E+00 +-  0.35846632E-03
    6    0    0                 0.50031610E+00 +-  0.40068265E-03
    7    0    0                 0.33204801E+00 +-  0.44193153E-03
    8    0    0                 0.50007219E+00 +-  0.39577136E-03
    9    0    0                 0.83118471E+00 +-  0.13879979E-03
   10    0    0                 0.50013873E+00 +-  0.46442659E-03
   11    0    0                 0.66802806E+00 +-  0.31220773E-03
   12    0    0                 0.93184873E+00 +-  0.73149848E-04
   13    0    0                 0.88937920E+00 +-  0.55486664E-04
   14    0    0                 0.94731405E+00 +-  0.61723685E-04
   15    0    0                 0.95747179E+00 +-  0.45139391E-04
============================================================================
 FT of Density-density correlation fn: (up-up)
    1    0    0                 0.16097747E+02 +-  0.63164901E-03
    2    0    0                 0.12429205E+00 +-  0.36430866E-03
    3    0    0                 0.14708158E+00 +-  0.16795624E-03
    4    0    0                 0.17871654E+00 +-  0.19456862E-03
    5    0    0                 0.19636279E+00 +-  0.32112827E-03
    6    0    0                 0.24338534E+00 +-  0.50727365E-03
    7    0    0                 0.22111214E+00 +-  0.36452819E-03
    8    0    0                 0.23993191E+00 +-  0.36969297E-03
    9    0    0                 0.29398938E+00 +-  0.31085883E-03
   10    0    0                 0.23610269E+00 +-  0.52880626E-03
   11    0    0                 0.25512318E+00 +-  0.33842761E-03
   12    0    0                 0.37276614E+00 +-  0.78546673E-03
   13    0    0                 0.31380931E+00 +-  0.40222644E-03
   14    0    0                 0.41747363E+00 +-  0.63914698E-03
   15    0    0                 0.49273518E+00 +-  0.39716394E-02
============================================================================
 FT of Density-density correlation fn: (up-dn)
    1    0    0                 0.15936638E+02 +-  0.64192756E-03
    2    0    0                -0.67165378E-01 +-  0.34136975E-03
    3    0    0                -0.72839250E-01 +-  0.14854654E-03
    4    0    0                -0.80292391E-01 +-  0.20970699E-03
    5    0    0                -0.86700941E-01 +-  0.34190078E-03
    6    0    0                -0.10692904E+00 +-  0.52415757E-03
    7    0    0                -0.91080578E-01 +-  0.36636543E-03
    8    0    0                -0.10081234E+00 +-  0.36661636E-03
    9    0    0                -0.13200398E+00 +-  0.30480647E-03
   10    0    0                -0.94843026E-01 +-  0.54549283E-03
   11    0    0                -0.10503444E+00 +-  0.29411425E-03
   12    0    0                -0.18735545E+00 +-  0.83316949E-03
   13    0    0                -0.14168707E+00 +-  0.37504940E-03
   14    0    0                -0.22229775E+00 +-  0.61640508E-03
   15    0    0                -0.28784051E+00 +-  0.39825854E-02
============================================================================
 FT of XX spin correlation fn:
    1    0    0                 0.32202556E+00 +-  0.62159429E-03
    2    0    0                 0.38299528E+00 +-  0.46851289E-03
    3    0    0                 0.43862489E+00 +-  0.36385681E-03
    4    0    0                 0.51472843E+00 +-  0.26005106E-03
    5    0    0                 0.56621456E+00 +-  0.20587698E-03
    6    0    0                 0.70267380E+00 +-  0.15872894E-03
    7    0    0                 0.62479701E+00 +-  0.15006462E-03
    8    0    0                 0.68031840E+00 +-  0.95062030E-04
    9    0    0                 0.85221928E+00 +-  0.10888023E-03
   10    0    0                 0.66473642E+00 +-  0.15816545E-03
   11    0    0                 0.72120975E+00 +-  0.62725680E-04
   12    0    0                 0.11172855E+01 +-  0.18254460E-03
   13    0    0                 0.91444062E+00 +-  0.13551947E-03
   14    0    0                 0.12771326E+01 +-  0.37229479E-03
   15    0    0                 0.15744362E+01 +-  0.73439007E-03
============================================================================
 FT of ZZ spin correlation fn:
    1    0    0                 0.32221809E+00 +-  0.25469242E-02
    2    0    0                 0.38291486E+00 +-  0.14107760E-02
    3    0    0                 0.43984166E+00 +-  0.62986173E-03
    4    0    0                 0.51801786E+00 +-  0.80402830E-03
    5    0    0                 0.56612747E+00 +-  0.13230586E-02
    6    0    0                 0.70062876E+00 +-  0.20598586E-02
    7    0    0                 0.62438543E+00 +-  0.14578027E-02
    8    0    0                 0.68148850E+00 +-  0.14681651E-02
    9    0    0                 0.85198671E+00 +-  0.12242200E-02
   10    0    0                 0.66189143E+00 +-  0.21458721E-02
   11    0    0                 0.72031523E+00 +-  0.12624818E-02
   12    0    0                 0.11202432E+01 +-  0.32350440E-02
   13    0    0                 0.91099275E+00 +-  0.15493360E-02
   14    0    0                 0.12795428E+01 +-  0.25063022E-02
   15    0    0                 0.15611514E+01 +-  0.15907536E-01
============================================================================
 FT of Average spin correlation fn:
    1    0    0                 0.32208974E+00 +-  0.98927862E-03
    2    0    0                 0.38296847E+00 +-  0.44234487E-03
    3    0    0                 0.43903048E+00 +-  0.28314808E-03
    4    0    0                 0.51582490E+00 +-  0.40883481E-03
    5    0    0                 0.56618553E+00 +-  0.53453957E-03
    6    0    0                 0.70199212E+00 +-  0.64926824E-03
    7    0    0                 0.62465981E+00 +-  0.47418701E-03
    8    0    0                 0.68070844E+00 +-  0.45244102E-03
    9    0    0                 0.85214175E+00 +-  0.39485569E-03
   10    0    0                 0.66378809E+00 +-  0.79476755E-03
   11    0    0                 0.72091158E+00 +-  0.41210947E-03
   12    0    0                 0.11182714E+01 +-  0.10766626E-02
   13    0    0                 0.91329133E+00 +-  0.54522802E-03
   14    0    0                 0.12779360E+01 +-  0.63467859E-03
   15    0    0                 0.15700079E+01 +-  0.52536933E-02
============================================================================
 FT of Pairing correlation fn:
    1    0    0                 0.10244733E+00 +-  0.42971416E-04
    2    0    0                 0.97587939E-01 +-  0.40436637E-04
    3    0    0                 0.92705344E-01 +-  0.38344862E-04
    4    0    0                 0.86061122E-01 +-  0.34589789E-04
    5    0    0                 0.80992702E-01 +-  0.33172728E-04
    6    0    0                 0.68228148E-01 +-  0.29073542E-04
    7    0    0                 0.75044371E-01 +-  0.30032444E-04
    8    0    0                 0.69559782E-01 +-  0.28651774E-04
    9    0    0                 0.54830926E-01 +-  0.24586480E-04
   10    0    0                 0.70629832E-01 +-  0.28307380E-04
   11    0    0                 0.65015780E-01 +-  0.26979868E-04
   12    0    0                 0.37121166E-01 +-  0.18502018E-04
   13    0    0                 0.49212074E-01 +-  0.22652612E-04
   14    0    0                 0.28563337E-01 +-  0.15296749E-04
   15    0    0                 0.17192679E-01 +-  0.99642927E-05
============================================================================
 FT of Double-Double correlation fn: 
    1    0    0                 0.12362630E+01 +-  0.99448492E-03
    2    0    0                 0.88756017E-01 +-  0.22644721E-04
    3    0    0                 0.95214365E-01 +-  0.25889904E-04
    4    0    0                 0.10470353E+00 +-  0.19457026E-04
    5    0    0                 0.10832542E+00 +-  0.36962839E-04
    6    0    0                 0.11711549E+00 +-  0.49420215E-04
    7    0    0                 0.11640302E+00 +-  0.40054688E-04
    8    0    0                 0.11895727E+00 +-  0.39478974E-04
    9    0    0                 0.12555722E+00 +-  0.54046136E-04
   10    0    0                 0.12044548E+00 +-  0.48954144E-04
   11    0    0                 0.12287937E+00 +-  0.50055714E-04
   12    0    0                 0.13239323E+00 +-  0.56022855E-04
   13    0    0                 0.12891438E+00 +-  0.50485554E-04
   14    0    0                 0.13525272E+00 +-  0.57527452E-04
   15    0    0                 0.13784637E+00 +-  0.62570315E-04
============================================================================
 FT of Single-Single correlation fn: 
    1    0    0                 0.34459289E+02 +-  0.10616317E-01
    2    0    0                 0.24077072E+00 +-  0.51109209E-04
    3    0    0                 0.23237280E+00 +-  0.55780882E-04
    4    0    0                 0.22196581E+00 +-  0.37620583E-04
    5    0    0                 0.21397800E+00 +-  0.50459464E-04
    6    0    0                 0.19554937E+00 +-  0.84158075E-04
    7    0    0                 0.20554896E+00 +-  0.58124342E-04
    8    0    0                 0.19758997E+00 +-  0.45309718E-04
    9    0    0                 0.17825805E+00 +-  0.84668520E-04
   10    0    0                 0.19926259E+00 +-  0.99578082E-04
   11    0    0                 0.19134002E+00 +-  0.83276282E-04
   12    0    0                 0.15875156E+00 +-  0.72006150E-04
   13    0    0                 0.17141305E+00 +-  0.68704775E-04
   14    0    0                 0.15065912E+00 +-  0.75311254E-04
   15    0    0                 0.14159615E+00 +-  0.84869248E-04
============================================================================
 Pair-field correlation function - accumulated:
s-wave                          0.20489467E+00 +-  0.85942833E-04
s*-wave                         0.54133189E+00 +-  0.13396726E-03
s**-wave                        0.31931298E+00 +-  0.76150854E-04
d-wave                          0.33651053E+00 +-  0.15636885E-03
d*-wave                         0.31214240E+00 +-  0.16117625E-03
============================================================================
