 General Geometry - Free Format                                                  
                          U :            4.000000
                       t_up :            1.000000
                       t_dn :            1.000000
                      mu_up :            0.000000
                      mu_dn :            0.000000
             Time slice - L :           80
            Number of sites :           64
                       dtau :            0.025000
                       beta :            2.000000
     Number of warmup sweep :         5000
Number of measurement sweep :        20000
   Frequency of measurement :            0
                Random seed :            5
 Frequency of recomputing G :           15
Global move number of sites :            0
               Accept count :     65615182
               Reject count :     62302997
    Approximate accept rate :            0.512946
                      gamma :            0.834953
           Type of matrix B : Dense MatB  
         Type of matrix HSF : discrete
 Sign of equal time measurements:
                   Avg sign :   0.10000000E+01 +-  0.00000000E+00
                Avg up sign :   0.10000000E+01 +-  0.00000000E+00
                Avg dn sign :   0.10000000E+01 +-  0.00000000E+00
============================================================================
 Equal time measurements:
          Up spin occupancy :   0.49953273E+00 +-  0.45435543E-03
        Down spin occupancy :   0.50046727E+00 +-  0.45435543E-03
             <U*N_up*N_dn>  :   0.53885921E+00 +-  0.31261508E-03
             Kinetic energy :  -0.32521333E+01 +-  0.51271126E-03
               Total energy :  -0.17132741E+01 +-  0.26683757E-03
                    Density :   0.10000000E+01 +-  0.00000000E+00
                Chi_thermal :  -0.25600000E+03 +-  0.12804919E-10
              Specific heat :   0.11335218E+04 +-  0.19203775E+01
  XX Ferro structure factor :   0.32355235E+00 +-  0.61466077E-03
  ZZ Ferro structure factor :   0.32762904E+00 +-  0.37623940E-02
     XX AF structure factor :   0.15667194E+01 +-  0.11117220E-02
  Root Mean Square of XX AF :   0.15998239E+01 +-  0.13387889E-02
     ZZ AF structure factor :   0.15612490E+01 +-  0.21740616E-01
  Root Mean Square of ZZ AF :   0.21640211E+01 +-  0.35870476E-01
           Potential energy :  -0.46114079E+00 +-  0.31261508E-03
             Hopping energy :  -0.12521333E+01 +-  0.51271126E-03
           Double occupancy :   0.13471480E+00 +-  0.78153770E-04
      Magnetisation squared :   0.18264260E+00 +-  0.39076885E-04
============================================================================
 Mean Equal time Green's function:
  0  0 64   0.00   0.00   0.00  0.50000000E+00 +-  0.00000000E+00
  0  0256   1.00   0.00   0.00 -0.15651667E+00 +-  0.64088908E-04
  0  0256   2.00   0.00   0.00 -0.16486065E-20 +-  0.12178202E-20
  0  0256   3.00   0.00   0.00  0.27131020E-02 +-  0.12246544E-04
  0  0128   4.00   0.00   0.00  0.62990883E-21 +-  0.50326113E-21
  0  0256   1.00   1.00   0.00  0.26101593E-20 +-  0.19214455E-20
  0  0512   2.00   1.00   0.00  0.26824405E-01 +-  0.36999844E-04
  0  0512   3.00   1.00   0.00 -0.29593979E-22 +-  0.73630234E-21
  0  0256   4.00   1.00   0.00 -0.36037317E-02 +-  0.92337867E-05
  0  0256   2.00   2.00   0.00 -0.67962758E-21 +-  0.11699289E-20
  0  0512   3.00   2.00   0.00 -0.68205245E-02 +-  0.16443425E-04
  0  0256   4.00   2.00   0.00  0.12783166E-20 +-  0.66040992E-21
  0  0256   3.00   3.00   0.00 -0.12440245E-20 +-  0.62480080E-21
  0  0256   4.00   3.00   0.00  0.32296907E-02 +-  0.10046812E-04
  0  0 64   4.00   4.00   0.00  0.31199557E-22 +-  0.52393287E-21
============================================================================
 Up Equal time Green's function:
  0  0 64   0.00   0.00   0.00  0.50046727E+00 +-  0.45435543E-03
  0  0256   1.00   0.00   0.00 -0.15651667E+00 +-  0.64088908E-04
  0  0256   2.00   0.00   0.00 -0.44859478E-04 +-  0.30150769E-04
  0  0256   3.00   0.00   0.00  0.27131020E-02 +-  0.12246544E-04
  0  0128   4.00   0.00   0.00 -0.12014940E-04 +-  0.16649604E-04
  0  0256   1.00   1.00   0.00 -0.15265334E-03 +-  0.14344175E-03
  0  0512   2.00   1.00   0.00  0.26824405E-01 +-  0.36999844E-04
  0  0512   3.00   1.00   0.00  0.33779114E-04 +-  0.23852640E-04
  0  0256   4.00   1.00   0.00 -0.36037317E-02 +-  0.92337867E-05
  0  0256   2.00   2.00   0.00  0.56466461E-04 +-  0.58945211E-04
  0  0512   3.00   2.00   0.00 -0.68205245E-02 +-  0.16443425E-04
  0  0256   4.00   2.00   0.00 -0.40227433E-04 +-  0.30225504E-04
  0  0256   3.00   3.00   0.00 -0.13270465E-04 +-  0.15942710E-04
  0  0256   4.00   3.00   0.00  0.32296907E-02 +-  0.10046812E-04
  0  0 64   4.00   4.00   0.00  0.38179869E-04 +-  0.38508718E-04
============================================================================
 Down Equal time Green's function:
  0  0 64   0.00   0.00   0.00  0.49953273E+00 +-  0.45435543E-03
  0  0256   1.00   0.00   0.00 -0.15651667E+00 +-  0.64088908E-04
  0  0256   2.00   0.00   0.00  0.44859478E-04 +-  0.30150769E-04
  0  0256   3.00   0.00   0.00  0.27131020E-02 +-  0.12246544E-04
  0  0128   4.00   0.00   0.00  0.12014940E-04 +-  0.16649604E-04
  0  0256   1.00   1.00   0.00  0.15265334E-03 +-  0.14344175E-03
  0  0512   2.00   1.00   0.00  0.26824405E-01 +-  0.36999844E-04
  0  0512   3.00   1.00   0.00 -0.33779114E-04 +-  0.23852640E-04
  0  0256   4.00   1.00   0.00 -0.36037317E-02 +-  0.92337867E-05
  0  0256   2.00   2.00   0.00 -0.56466461E-04 +-  0.58945211E-04
  0  0512   3.00   2.00   0.00 -0.68205245E-02 +-  0.16443425E-04
  0  0256   4.00   2.00   0.00  0.40227433E-04 +-  0.30225504E-04
  0  0256   3.00   3.00   0.00  0.13270465E-04 +-  0.15942710E-04
  0  0256   4.00   3.00   0.00  0.32296907E-02 +-  0.10046812E-04
  0  0 64   4.00   4.00   0.00 -0.38179869E-04 +-  0.38508718E-04
============================================================================
 Density-density correlation fn: (up-up)
  0  0 64   0.00   0.00   0.00  0.50000000E+00 +-  0.00000000E+00
  0  0256   1.00   0.00   0.00  0.20953983E+00 +-  0.12895208E-03
  0  0256   2.00   0.00   0.00  0.25234115E+00 +-  0.12824682E-03
  0  0256   3.00   0.00   0.00  0.24958653E+00 +-  0.13714859E-03
  0  0128   4.00   0.00   0.00  0.25035072E+00 +-  0.18410346E-03
  0  0256   1.00   1.00   0.00  0.25569918E+00 +-  0.12191777E-03
  0  0512   2.00   1.00   0.00  0.24679962E+00 +-  0.10333765E-03
  0  0512   3.00   1.00   0.00  0.25063479E+00 +-  0.11417828E-03
  0  0256   4.00   1.00   0.00  0.24968366E+00 +-  0.14929020E-03
  0  0256   2.00   2.00   0.00  0.25127534E+00 +-  0.12513068E-03
  0  0512   3.00   2.00   0.00  0.24929398E+00 +-  0.10956069E-03
  0  0256   4.00   2.00   0.00  0.25037972E+00 +-  0.12250271E-03
  0  0256   3.00   3.00   0.00  0.25031681E+00 +-  0.14235624E-03
  0  0256   4.00   3.00   0.00  0.24975351E+00 +-  0.16190556E-03
  0  0 64   4.00   4.00   0.00  0.25027500E+00 +-  0.24970496E-03
============================================================================
 Density-density correlation fn: (up-dn)
  0  0 64   0.00   0.00   0.00  0.13471480E+00 +-  0.78153770E-04
  0  0256   1.00   0.00   0.00  0.27062895E+00 +-  0.12719127E-03
  0  0256   2.00   0.00   0.00  0.24695057E+00 +-  0.12828728E-03
  0  0256   3.00   0.00   0.00  0.25033832E+00 +-  0.13715347E-03
  0  0128   4.00   0.00   0.00  0.24962194E+00 +-  0.18410589E-03
  0  0256   1.00   1.00   0.00  0.24182351E+00 +-  0.12185142E-03
  0  0512   2.00   1.00   0.00  0.25254687E+00 +-  0.10318608E-03
  0  0512   3.00   1.00   0.00  0.24927109E+00 +-  0.11419483E-03
  0  0256   4.00   1.00   0.00  0.25028345E+00 +-  0.14929005E-03
  0  0256   2.00   2.00   0.00  0.24849805E+00 +-  0.12519940E-03
  0  0512   3.00   2.00   0.00  0.25064025E+00 +-  0.10953943E-03
  0  0256   4.00   2.00   0.00  0.24958504E+00 +-  0.12252069E-03
  0  0256   3.00   3.00   0.00  0.24965651E+00 +-  0.14236930E-03
  0  0256   4.00   3.00   0.00  0.25022700E+00 +-  0.16190137E-03
  0  0 64   4.00   4.00   0.00  0.24970198E+00 +-  0.24972729E-03
============================================================================
 XX Spin correlation function:
  0  0 64   0.00   0.00   0.00  0.73057040E+00 +-  0.15630754E-03
  0  0256   1.00   0.00   0.00 -0.12248288E+00 +-  0.11669066E-03
  0  0256   2.00   0.00   0.00  0.11636439E-01 +-  0.32273307E-04
  0  0256   3.00   0.00   0.00 -0.27214910E-02 +-  0.10850310E-04
  0  0128   4.00   0.00   0.00  0.13525715E-02 +-  0.78466281E-05
  0  0256   1.00   1.00   0.00  0.28540045E-01 +-  0.60023864E-04
  0  0512   2.00   1.00   0.00 -0.11946785E-01 +-  0.34303217E-04
  0  0512   3.00   1.00   0.00  0.27258849E-02 +-  0.10560394E-04
  0  0256   4.00   1.00   0.00 -0.13667315E-02 +-  0.70342927E-05
  0  0256   2.00   2.00   0.00  0.49210958E-02 +-  0.19226097E-04
  0  0512   3.00   2.00   0.00 -0.20599795E-02 +-  0.96596846E-05
  0  0256   4.00   2.00   0.00  0.11835897E-02 +-  0.65525282E-05
  0  0256   3.00   3.00   0.00  0.10524101E-02 +-  0.57816431E-05
  0  0256   4.00   3.00   0.00 -0.81124649E-03 +-  0.51302377E-05
  0  0 64   4.00   4.00   0.00  0.71894017E-03 +-  0.52966756E-05
============================================================================
 ZZ Spin correlation function:
  0  0 64   0.00   0.00   0.00  0.73057040E+00 +-  0.15630754E-03
  0  0256   1.00   0.00   0.00 -0.12217824E+00 +-  0.51194046E-03
  0  0256   2.00   0.00   0.00  0.10781171E-01 +-  0.51306611E-03
  0  0256   3.00   0.00   0.00 -0.15035884E-02 +-  0.54860402E-03
  0  0128   4.00   0.00   0.00  0.14575618E-02 +-  0.73641868E-03
  0  0256   1.00   1.00   0.00  0.27751350E-01 +-  0.48751806E-03
  0  0512   2.00   1.00   0.00 -0.11494500E-01 +-  0.41304388E-03
  0  0512   3.00   1.00   0.00  0.27273957E-02 +-  0.45674611E-03
  0  0256   4.00   1.00   0.00 -0.11995901E-02 +-  0.59716047E-03
  0  0256   2.00   2.00   0.00  0.55545894E-02 +-  0.50065943E-03
  0  0512   3.00   2.00   0.00 -0.26925461E-02 +-  0.43820011E-03
  0  0256   4.00   2.00   0.00  0.15893493E-02 +-  0.49004676E-03
  0  0256   3.00   3.00   0.00  0.13206045E-02 +-  0.56945107E-03
  0  0256   4.00   3.00   0.00 -0.94698015E-03 +-  0.64761385E-03
  0  0 64   4.00   4.00   0.00  0.11460562E-02 +-  0.99886447E-03
============================================================================
 Average Spin correlation function:
  0  0 64   0.00   0.00   0.00  0.73057040E+00 +-  0.15630754E-03
  0  0256   1.00   0.00   0.00 -0.12238134E+00 +-  0.19117589E-03
  0  0256   2.00   0.00   0.00  0.11351350E-01 +-  0.17095600E-03
  0  0256   3.00   0.00   0.00 -0.23155235E-02 +-  0.18295343E-03
  0  0128   4.00   0.00   0.00  0.13875682E-02 +-  0.24525923E-03
  0  0256   1.00   1.00   0.00  0.28277147E-01 +-  0.15820102E-03
  0  0512   2.00   1.00   0.00 -0.11796023E-01 +-  0.14152942E-03
  0  0512   3.00   1.00   0.00  0.27263885E-02 +-  0.15279752E-03
  0  0256   4.00   1.00   0.00 -0.13110177E-02 +-  0.19942243E-03
  0  0256   2.00   2.00   0.00  0.51322603E-02 +-  0.16652081E-03
  0  0512   3.00   2.00   0.00 -0.22708351E-02 +-  0.14640265E-03
  0  0256   4.00   2.00   0.00  0.13188429E-02 +-  0.16402831E-03
  0  0256   3.00   3.00   0.00  0.11418082E-02 +-  0.19022518E-03
  0  0256   4.00   3.00   0.00 -0.85649104E-03 +-  0.21628210E-03
  0  0 64   4.00   4.00   0.00  0.86131217E-03 +-  0.33355864E-03
============================================================================
 Pairing correlation function:
  0  0 64   0.00   0.00   0.00  0.67357401E-01 +-  0.39076885E-04
  0  0256   1.00   0.00   0.00  0.99156077E-02 +-  0.47894918E-05
  0  0256   2.00   0.00   0.00 -0.35414068E-03 +-  0.36572571E-06
  0  0256   3.00   0.00   0.00  0.37575856E-04 +-  0.76017718E-07
  0  0128   4.00   0.00   0.00 -0.13669675E-04 +-  0.48697484E-07
  0  0256   1.00   1.00   0.00 -0.12386553E-02 +-  0.11133774E-05
  0  0512   2.00   1.00   0.00  0.32675317E-03 +-  0.43594412E-06
  0  0512   3.00   1.00   0.00 -0.47056518E-04 +-  0.78433936E-07
  0  0256   4.00   1.00   0.00  0.16445357E-04 +-  0.41322818E-07
  0  0256   2.00   2.00   0.00 -0.11330533E-03 +-  0.21867369E-06
  0  0512   3.00   2.00   0.00  0.32884525E-04 +-  0.82249985E-07
  0  0256   4.00   2.00   0.00 -0.17617860E-04 +-  0.52822870E-07
  0  0256   3.00   3.00   0.00 -0.13343803E-04 +-  0.48052144E-07
  0  0256   4.00   3.00   0.00  0.97402829E-05 +-  0.37244338E-07
  0  0 64   4.00   4.00   0.00 -0.11510540E-04 +-  0.60453034E-07
============================================================================
 Double-Double correlation function:
  0  0 64   0.00   0.00   0.00  0.13471480E+00 +-  0.78153770E-04
  0  0256   1.00   0.00   0.00  0.11501826E-01 +-  0.14360117E-04
  0  0256   2.00   0.00   0.00  0.17845894E-01 +-  0.20937188E-04
  0  0256   3.00   0.00   0.00  0.18110942E-01 +-  0.20903780E-04
  0  0128   4.00   0.00   0.00  0.18133851E-01 +-  0.21092410E-04
  0  0256   1.00   1.00   0.00  0.16780131E-01 +-  0.20547152E-04
  0  0512   2.00   1.00   0.00  0.17868691E-01 +-  0.20648718E-04
  0  0512   3.00   1.00   0.00  0.18102791E-01 +-  0.20947998E-04
  0  0256   4.00   1.00   0.00  0.18127370E-01 +-  0.21318378E-04
  0  0256   2.00   2.00   0.00  0.18024150E-01 +-  0.20686416E-04
  0  0512   3.00   2.00   0.00  0.18118950E-01 +-  0.20927957E-04
  0  0256   4.00   2.00   0.00  0.18126718E-01 +-  0.21194706E-04
  0  0256   3.00   3.00   0.00  0.18137618E-01 +-  0.21107931E-04
  0  0256   4.00   3.00   0.00  0.18139731E-01 +-  0.21323058E-04
  0  0 64   4.00   4.00   0.00  0.18144368E-01 +-  0.21744831E-04
============================================================================
 Single-Single correlation function:
  0  0 64   0.00   0.00   0.00  0.73057040E+00 +-  0.15630754E-03
  0  0256   1.00   0.00   0.00  0.54681053E+00 +-  0.23940969E-03
  0  0256   2.00   0.00   0.00  0.53394093E+00 +-  0.22913938E-03
  0  0256   3.00   0.00   0.00  0.53373487E+00 +-  0.22957688E-03
  0  0128   4.00   0.00   0.00  0.53373088E+00 +-  0.22934813E-03
  0  0256   1.00   1.00   0.00  0.53321594E+00 +-  0.22895936E-03
  0  0512   2.00   1.00   0.00  0.53392257E+00 +-  0.22885572E-03
  0  0512   3.00   1.00   0.00  0.53374018E+00 +-  0.22896807E-03
  0  0256   4.00   1.00   0.00  0.53371606E+00 +-  0.22794258E-03
  0  0256   2.00   2.00   0.00  0.53369062E+00 +-  0.22979021E-03
  0  0512   3.00   2.00   0.00  0.53374813E+00 +-  0.22894161E-03
  0  0256   4.00   2.00   0.00  0.53371814E+00 +-  0.22820079E-03
  0  0256   3.00   3.00   0.00  0.53374464E+00 +-  0.22873215E-03
  0  0256   4.00   3.00   0.00  0.53373868E+00 +-  0.22790632E-03
  0  0 64   4.00   4.00   0.00  0.53376431E+00 +-  0.22751919E-03
============================================================================
 Grid for Green's function
  K-points
  Class
    1         0.00000   0.00000

    2         0.00000  -0.78540
              0.00000   0.78540
             -0.78540   0.00000
              0.78540   0.00000

    3        -0.78540  -0.78540
              0.78540  -0.78540
             -0.78540   0.78540
              0.78540   0.78540

    4         0.00000  -1.57080
              0.00000   1.57080
             -1.57080   0.00000
              1.57080   0.00000

    5        -0.78540  -1.57080
              0.78540  -1.57080
             -0.78540   1.57080
              0.78540   1.57080
             -1.57080  -0.78540
             -1.57080   0.78540
              1.57080  -0.78540
              1.57080   0.78540

    6        -1.57080  -1.57080
              1.57080  -1.57080
             -1.57080   1.57080
              1.57080   1.57080

    7         0.00000  -2.35619
              0.00000   2.35619
             -2.35619   0.00000
              2.35619   0.00000

    8        -0.78540  -2.35619
              0.78540  -2.35619
             -0.78540   2.35619
              0.78540   2.35619
             -2.35619  -0.78540
             -2.35619   0.78540
              2.35619  -0.78540
              2.35619   0.78540

    9        -1.57080  -2.35619
              1.57080  -2.35619
             -1.57080   2.35619
              1.57080   2.35619
             -2.35619  -1.57080
             -2.35619   1.57080
              2.35619  -1.57080
              2.35619   1.57080

   10         0.00000  -3.14159
             -3.14159   0.00000

   11        -0.78540  -3.14159
              0.78540  -3.14159
             -3.14159  -0.78540
             -3.14159   0.78540

   12        -2.35619  -2.35619
              2.35619  -2.35619
             -2.35619   2.35619
              2.35619   2.35619

   13        -1.57080  -3.14159
              1.57080  -3.14159
             -3.14159  -1.57080
             -3.14159   1.57080

   14        -2.35619  -3.14159
              2.35619  -3.14159
             -3.14159  -2.35619
             -3.14159   2.35619

   15        -3.14159  -3.14159

============================================================================
 Grid for spin/charge correlations
  K-points
  Class
    1         0.00000   0.00000

    2         0.00000  -0.78540
              0.00000   0.78540
             -0.78540   0.00000
              0.78540   0.00000

    3        -0.78540  -0.78540
              0.78540  -0.78540
             -0.78540   0.78540
              0.78540   0.78540

    4         0.00000  -1.57080
              0.00000   1.57080
             -1.57080   0.00000
              1.57080   0.00000

    5        -0.78540  -1.57080
              0.78540  -1.57080
             -0.78540   1.57080
              0.78540   1.57080
             -1.57080  -0.78540
             -1.57080   0.78540
              1.57080  -0.78540
              1.57080   0.78540

    6        -1.57080  -1.57080
              1.57080  -1.57080
             -1.57080   1.57080
              1.57080   1.57080

    7         0.00000  -2.35619
              0.00000   2.35619
             -2.35619   0.00000
              2.35619   0.00000

    8        -0.78540  -2.35619
              0.78540  -2.35619
             -0.78540   2.35619
              0.78540   2.35619
             -2.35619  -0.78540
             -2.35619   0.78540
              2.35619  -0.78540
              2.35619   0.78540

    9        -1.57080  -2.35619
              1.57080  -2.35619
             -1.57080   2.35619
              1.57080   2.35619
             -2.35619  -1.57080
             -2.35619   1.57080
              2.35619  -1.57080
              2.35619   1.57080

   10         0.00000  -3.14159
             -3.14159   0.00000

   11        -0.78540  -3.14159
              0.78540  -3.14159
             -3.14159  -0.78540
             -3.14159   0.78540

   12        -2.35619  -2.35619
              2.35619  -2.35619
             -2.35619   2.35619
              2.35619   2.35619

   13        -1.57080  -3.14159
              1.57080  -3.14159
             -3.14159  -1.57080
             -3.14159   1.57080

   14        -2.35619  -3.14159
              2.35619  -3.14159
             -3.14159  -2.35619
             -3.14159   2.35619

   15        -3.14159  -3.14159

============================================================================
 FT of Ave Equal t Green's function:
    1    0    0                 0.43320616E-01 +-  0.99122843E-04
    2    0    0                 0.53454362E-01 +-  0.11376496E-03
    3    0    0                 0.68958037E-01 +-  0.14589302E-03
    4    0    0                 0.11162926E+00 +-  0.20837184E-03
    5    0    0                 0.16998895E+00 +-  0.25032272E-03
    6    0    0                 0.50000000E+00 +-  0.00000000E+00
    7    0    0                 0.33282754E+00 +-  0.20417838E-03
    8    0    0                 0.50000000E+00 +-  0.81293480E-14
    9    0    0                 0.83001105E+00 +-  0.25032272E-03
   10    0    0                 0.50000000E+00 +-  0.18810255E-14
   11    0    0                 0.66717246E+00 +-  0.20417838E-03
   12    0    0                 0.93104196E+00 +-  0.14589302E-03
   13    0    0                 0.88837074E+00 +-  0.20837184E-03
   14    0    0                 0.94654564E+00 +-  0.11376496E-03
   15    0    0                 0.95667938E+00 +-  0.99122843E-04
============================================================================
 FT of Up Equal t Green's function:
    1    0    0                 0.43294095E-01 +-  0.12671204E-03
    2    0    0                 0.53479957E-01 +-  0.14080663E-03
    3    0    0                 0.69020555E-01 +-  0.18499518E-03
    4    0    0                 0.11188482E+00 +-  0.31124999E-03
    5    0    0                 0.17042731E+00 +-  0.46172049E-03
    6    0    0                 0.50104764E+00 +-  0.90550478E-03
    7    0    0                 0.33364160E+00 +-  0.81802046E-03
    8    0    0                 0.50099645E+00 +-  0.92043067E-03
    9    0    0                 0.83044941E+00 +-  0.49439427E-03
   10    0    0                 0.50076040E+00 +-  0.95556384E-03
   11    0    0                 0.66798653E+00 +-  0.82707967E-03
   12    0    0                 0.93110448E+00 +-  0.20219730E-03
   13    0    0                 0.88862629E+00 +-  0.33215814E-03
   14    0    0                 0.94657123E+00 +-  0.15693454E-03
   15    0    0                 0.95665286E+00 +-  0.13705433E-03
============================================================================
 FT of Dn Equal t Green's function:
    1    0    0                 0.43347137E-01 +-  0.13705433E-03
    2    0    0                 0.53428767E-01 +-  0.15693454E-03
    3    0    0                 0.68895518E-01 +-  0.20219730E-03
    4    0    0                 0.11137371E+00 +-  0.33215814E-03
    5    0    0                 0.16955059E+00 +-  0.49439427E-03
    6    0    0                 0.49895236E+00 +-  0.90550478E-03
    7    0    0                 0.33201347E+00 +-  0.82707967E-03
    8    0    0                 0.49900355E+00 +-  0.92043067E-03
    9    0    0                 0.82957269E+00 +-  0.46172049E-03
   10    0    0                 0.49923960E+00 +-  0.95556384E-03
   11    0    0                 0.66635840E+00 +-  0.81802046E-03
   12    0    0                 0.93097944E+00 +-  0.18499518E-03
   13    0    0                 0.88811518E+00 +-  0.31124999E-03
   14    0    0                 0.94652004E+00 +-  0.14080663E-03
   15    0    0                 0.95670591E+00 +-  0.12671204E-03
============================================================================
 FT of Density-density correlation fn: (up-up)
    1    0    0                 0.16099107E+02 +-  0.94141914E-03
    2    0    0                 0.12446141E+00 +-  0.46757764E-03
    3    0    0                 0.14599480E+00 +-  0.47135701E-03
    4    0    0                 0.17862774E+00 +-  0.59863981E-03
    5    0    0                 0.19612387E+00 +-  0.41626197E-03
    6    0    0                 0.24519433E+00 +-  0.70074769E-03
    7    0    0                 0.22159106E+00 +-  0.54286067E-03
    8    0    0                 0.24008075E+00 +-  0.41158380E-03
    9    0    0                 0.29548040E+00 +-  0.60808639E-03
   10    0    0                 0.23781900E+00 +-  0.81923845E-03
   11    0    0                 0.25525735E+00 +-  0.62646558E-03
   12    0    0                 0.37213794E+00 +-  0.14919054E-02
   13    0    0                 0.31312242E+00 +-  0.92186417E-03
   14    0    0                 0.41328162E+00 +-  0.16905268E-02
   15    0    0                 0.49310067E+00 +-  0.54394522E-02
============================================================================
 FT of Density-density correlation fn: (up-dn)
    1    0    0                 0.15935292E+02 +-  0.94008227E-03
    2    0    0                -0.67329713E-01 +-  0.47067910E-03
    3    0    0                -0.71720544E-01 +-  0.46805058E-03
    4    0    0                -0.80124568E-01 +-  0.59015698E-03
    5    0    0                -0.86335839E-01 +-  0.40826316E-03
    6    0    0                -0.10848960E+00 +-  0.70529561E-03
    7    0    0                -0.91355284E-01 +-  0.54222248E-03
    8    0    0                -0.10070275E+00 +-  0.40883968E-03
    9    0    0                -0.13310060E+00 +-  0.61739263E-03
   10    0    0                -0.96293514E-01 +-  0.82499294E-03
   11    0    0                -0.10484685E+00 +-  0.63496687E-03
   12    0    0                -0.18618237E+00 +-  0.14976975E-02
   13    0    0                -0.14053850E+00 +-  0.93752620E-03
   14    0    0                -0.21749268E+00 +-  0.16982459E-02
   15    0    0                -0.28752381E+00 +-  0.54314445E-02
============================================================================
 FT of XX spin correlation fn:
    1    0    0                 0.32355235E+00 +-  0.61466077E-03
    2    0    0                 0.38433327E+00 +-  0.47810968E-03
    3    0    0                 0.43970034E+00 +-  0.39756392E-03
    4    0    0                 0.51557245E+00 +-  0.30504759E-03
    5    0    0                 0.56675611E+00 +-  0.25858873E-03
    6    0    0                 0.70239875E+00 +-  0.19118742E-03
    7    0    0                 0.62507546E+00 +-  0.26180900E-03
    8    0    0                 0.68030282E+00 +-  0.22144175E-03
    9    0    0                 0.85113541E+00 +-  0.17161972E-03
   10    0    0                 0.66478208E+00 +-  0.29885793E-03
   11    0    0                 0.72094531E+00 +-  0.26277515E-03
   12    0    0                 0.11140308E+01 +-  0.30305680E-03
   13    0    0                 0.91304775E+00 +-  0.23257421E-03
   14    0    0                 0.12726746E+01 +-  0.49114538E-03
   15    0    0                 0.15667194E+01 +-  0.11117220E-02
============================================================================
 FT of ZZ spin correlation fn:
    1    0    0                 0.32762904E+00 +-  0.37623940E-02
    2    0    0                 0.38358226E+00 +-  0.18741697E-02
    3    0    0                 0.43543069E+00 +-  0.18757484E-02
    4    0    0                 0.51750461E+00 +-  0.23739302E-02
    5    0    0                 0.56491941E+00 +-  0.16433980E-02
    6    0    0                 0.70736785E+00 +-  0.28078002E-02
    7    0    0                 0.62589269E+00 +-  0.21644769E-02
    8    0    0                 0.68156700E+00 +-  0.16329822E-02
    9    0    0                 0.85716198E+00 +-  0.24445949E-02
   10    0    0                 0.66822503E+00 +-  0.32843918E-02
   11    0    0                 0.72020840E+00 +-  0.25172654E-02
   12    0    0                 0.11166406E+01 +-  0.59758078E-02
   13    0    0                 0.90732183E+00 +-  0.37142375E-02
   14    0    0                 0.12615486E+01 +-  0.67741971E-02
   15    0    0                 0.15612490E+01 +-  0.21740616E-01
============================================================================
 FT of Average spin correlation fn:
    1    0    0                 0.32491125E+00 +-  0.13508228E-02
    2    0    0                 0.38408293E+00 +-  0.75036093E-03
    3    0    0                 0.43827713E+00 +-  0.68947674E-03
    4    0    0                 0.51621650E+00 +-  0.80611846E-03
    5    0    0                 0.56614388E+00 +-  0.56671658E-03
    6    0    0                 0.70405512E+00 +-  0.95485448E-03
    7    0    0                 0.62534787E+00 +-  0.73556511E-03
    8    0    0                 0.68072422E+00 +-  0.55279048E-03
    9    0    0                 0.85314427E+00 +-  0.83316207E-03
   10    0    0                 0.66592973E+00 +-  0.11229788E-02
   11    0    0                 0.72069967E+00 +-  0.86337840E-03
   12    0    0                 0.11149007E+01 +-  0.19893712E-02
   13    0    0                 0.91113911E+00 +-  0.12574228E-02
   14    0    0                 0.12689659E+01 +-  0.22758090E-02
   15    0    0                 0.15648959E+01 +-  0.73113140E-02
============================================================================
 FT of Pairing correlation fn:
    1    0    0                 0.10278843E+00 +-  0.56712178E-04
    2    0    0                 0.97894472E-01 +-  0.53392725E-04
    3    0    0                 0.92977786E-01 +-  0.50471591E-04
    4    0    0                 0.86291960E-01 +-  0.46604327E-04
    5    0    0                 0.81189900E-01 +-  0.44368839E-04
    6    0    0                 0.68352364E-01 +-  0.38868342E-04
    7    0    0                 0.75205251E-01 +-  0.42213171E-04
    8    0    0                 0.69689002E-01 +-  0.40138802E-04
    9    0    0                 0.54894014E-01 +-  0.34338023E-04
   10    0    0                 0.70762744E-01 +-  0.40995710E-04
   11    0    0                 0.65117889E-01 +-  0.39261292E-04
   12    0    0                 0.37137129E-01 +-  0.26877391E-04
   13    0    0                 0.49251584E-01 +-  0.33255201E-04
   14    0    0                 0.28565850E-01 +-  0.23490850E-04
   15    0    0                 0.17199268E-01 +-  0.16934732E-04
============================================================================
 FT of Double-Double correlation fn: 
    1    0    0                 0.12410278E+01 +-  0.13661380E-02
    2    0    0                 0.88788551E-01 +-  0.38073371E-04
    3    0    0                 0.95357359E-01 +-  0.45130689E-04
    4    0    0                 0.10483945E+00 +-  0.51446338E-04
    5    0    0                 0.10847574E+00 +-  0.50509458E-04
    6    0    0                 0.11733302E+00 +-  0.57818231E-04
    7    0    0                 0.11661169E+00 +-  0.56194765E-04
    8    0    0                 0.11916713E+00 +-  0.59686506E-04
    9    0    0                 0.12578843E+00 +-  0.66458293E-04
   10    0    0                 0.12062060E+00 +-  0.63749844E-04
   11    0    0                 0.12308499E+00 +-  0.64455726E-04
   12    0    0                 0.13267424E+00 +-  0.76153067E-04
   13    0    0                 0.12922110E+00 +-  0.71040250E-04
   14    0    0                 0.13554992E+00 +-  0.79795333E-04
   15    0    0                 0.13818663E+00 +-  0.83282175E-04
============================================================================
 FT of Single-Single correlation fn: 
    1    0    0                 0.34408325E+02 +-  0.14606781E-01
    2    0    0                 0.24089080E+00 +-  0.10047081E-03
    3    0    0                 0.23288092E+00 +-  0.10981188E-03
    4    0    0                 0.22235145E+00 +-  0.98865658E-04
    5    0    0                 0.21432689E+00 +-  0.80167348E-04
    6    0    0                 0.19592263E+00 +-  0.90020194E-04
    7    0    0                 0.20597522E+00 +-  0.89894172E-04
    8    0    0                 0.19791252E+00 +-  0.86221308E-04
    9    0    0                 0.17839410E+00 +-  0.94137929E-04
   10    0    0                 0.19943143E+00 +-  0.12110277E-03
   11    0    0                 0.19151894E+00 +-  0.10169241E-03
   12    0    0                 0.15878582E+00 +-  0.11259935E-03
   13    0    0                 0.17171655E+00 +-  0.10814162E-03
   14    0    0                 0.15062178E+00 +-  0.11775204E-03
   15    0    0                 0.14159281E+00 +-  0.12577051E-03
============================================================================
 Pair-field correlation function - accumulated:
s-wave                          0.20557685E+00 +-  0.11342436E-03
s*-wave                         0.53909639E+00 +-  0.19141670E-03
s**-wave                        0.31973244E+00 +-  0.12542581E-03
d-wave                          0.33584115E+00 +-  0.28795693E-03
d*-wave                         0.31221264E+00 +-  0.18308632E-03
============================================================================
Number of Green's function errors: 0
Running time: 22521.3887 (second)
