 General Geometry - Free Format                                                  
                          U :            4.000000
                       t_up :            1.000000
                       t_dn :            1.000000
                      mu_up :            0.000000
                      mu_dn :            0.000000
             Time slice - L :           80
            Number of sites :           64
                       dtau :            0.025000
                       beta :            2.000000
     Number of warmup sweep :         5000
Number of measurement sweep :        20000
   Frequency of measurement :            0
                Random seed :            3
 Frequency of recomputing G :           15
Global move number of sites :            0
               Accept count :     65651996
               Reject count :     62255943
    Approximate accept rate :            0.513275
                      gamma :            0.833879
           Type of matrix B : Dense MatB  
         Type of matrix HSF : discrete
 Sign of equal time measurements:
                   Avg sign :   0.10000000E+01 +-  0.00000000E+00
                Avg up sign :   0.10000000E+01 +-  0.00000000E+00
                Avg dn sign :   0.10000000E+01 +-  0.00000000E+00
============================================================================
 Equal time measurements:
          Up spin occupancy :   0.50033588E+00 +-  0.43953270E-03
        Down spin occupancy :   0.49966412E+00 +-  0.43953270E-03
             <U*N_up*N_dn>  :   0.53977784E+00 +-  0.31566865E-03
             Kinetic energy :  -0.32536189E+01 +-  0.46741391E-03
               Total energy :  -0.17138411E+01 +-  0.23219456E-03
                    Density :   0.10000000E+01 +-  0.00000000E+00
                Chi_thermal :  -0.25600000E+03 +-  0.13321750E-10
              Specific heat :   0.11338202E+04 +-  0.16619422E+01
  XX Ferro structure factor :   0.32323901E+00 +-  0.59513652E-03
  ZZ Ferro structure factor :   0.32757304E+00 +-  0.37835055E-02
     XX AF structure factor :   0.15676281E+01 +-  0.11649538E-02
  Root Mean Square of XX AF :   0.16036705E+01 +-  0.26304458E-02
     ZZ AF structure factor :   0.15661222E+01 +-  0.23041695E-01
  Root Mean Square of ZZ AF :   0.21864717E+01 +-  0.36783802E-01
           Potential energy :  -0.46022216E+00 +-  0.31566865E-03
             Hopping energy :  -0.12536189E+01 +-  0.46741391E-03
           Double occupancy :   0.13494446E+00 +-  0.78917163E-04
      Magnetisation squared :   0.18252777E+00 +-  0.39458582E-04
============================================================================
 Mean Equal time Green's function:
  0  0 64   0.00   0.00   0.00  0.50000000E+00 +-  0.00000000E+00
  0  0256   1.00   0.00   0.00 -0.15670236E+00 +-  0.58426739E-04
  0  0256   2.00   0.00   0.00  0.22264476E-21 +-  0.11913912E-20
  0  0256   3.00   0.00   0.00  0.26904653E-02 +-  0.11408815E-04
  0  0128   4.00   0.00   0.00  0.83472460E-21 +-  0.55678748E-21
  0  0256   1.00   1.00   0.00  0.21094161E-20 +-  0.19084509E-20
  0  0512   2.00   1.00   0.00  0.26916071E-01 +-  0.32008676E-04
  0  0512   3.00   1.00   0.00  0.32838360E-21 +-  0.81547866E-21
  0  0256   4.00   1.00   0.00 -0.36146892E-02 +-  0.87109463E-05
  0  0256   2.00   2.00   0.00 -0.20374023E-20 +-  0.11665162E-20
  0  0512   3.00   2.00   0.00 -0.68543524E-02 +-  0.14303032E-04
  0  0256   4.00   2.00   0.00  0.39113951E-21 +-  0.63053979E-21
  0  0256   3.00   3.00   0.00  0.13396846E-21 +-  0.58162754E-21
  0  0256   4.00   3.00   0.00  0.32457519E-02 +-  0.87018371E-05
  0  0 64   4.00   4.00   0.00  0.42768968E-21 +-  0.53262945E-21
============================================================================
 Up Equal time Green's function:
  0  0 64   0.00   0.00   0.00  0.49966412E+00 +-  0.43953270E-03
  0  0256   1.00   0.00   0.00 -0.15670236E+00 +-  0.58426739E-04
  0  0256   2.00   0.00   0.00 -0.21206751E-04 +-  0.30666257E-04
  0  0256   3.00   0.00   0.00  0.26904653E-02 +-  0.11408815E-04
  0  0128   4.00   0.00   0.00  0.17150623E-04 +-  0.17253655E-04
  0  0256   1.00   1.00   0.00  0.10452612E-03 +-  0.14063441E-03
  0  0512   2.00   1.00   0.00  0.26916071E-01 +-  0.32008676E-04
  0  0512   3.00   1.00   0.00 -0.43302119E-05 +-  0.24001041E-04
  0  0256   4.00   1.00   0.00 -0.36146892E-02 +-  0.87109463E-05
  0  0256   2.00   2.00   0.00 -0.33562928E-04 +-  0.59390454E-04
  0  0512   3.00   2.00   0.00 -0.68543524E-02 +-  0.14303032E-04
  0  0256   4.00   2.00   0.00  0.23922631E-05 +-  0.30506025E-04
  0  0256   3.00   3.00   0.00  0.16201588E-04 +-  0.15869976E-04
  0  0256   4.00   3.00   0.00  0.32457519E-02 +-  0.87018371E-05
  0  0 64   4.00   4.00   0.00 -0.18830096E-04 +-  0.38449054E-04
============================================================================
 Down Equal time Green's function:
  0  0 64   0.00   0.00   0.00  0.50033588E+00 +-  0.43953270E-03
  0  0256   1.00   0.00   0.00 -0.15670236E+00 +-  0.58426739E-04
  0  0256   2.00   0.00   0.00  0.21206751E-04 +-  0.30666257E-04
  0  0256   3.00   0.00   0.00  0.26904653E-02 +-  0.11408815E-04
  0  0128   4.00   0.00   0.00 -0.17150623E-04 +-  0.17253655E-04
  0  0256   1.00   1.00   0.00 -0.10452612E-03 +-  0.14063441E-03
  0  0512   2.00   1.00   0.00  0.26916071E-01 +-  0.32008676E-04
  0  0512   3.00   1.00   0.00  0.43302119E-05 +-  0.24001041E-04
  0  0256   4.00   1.00   0.00 -0.36146892E-02 +-  0.87109463E-05
  0  0256   2.00   2.00   0.00  0.33562928E-04 +-  0.59390454E-04
  0  0512   3.00   2.00   0.00 -0.68543524E-02 +-  0.14303032E-04
  0  0256   4.00   2.00   0.00 -0.23922631E-05 +-  0.30506025E-04
  0  0256   3.00   3.00   0.00 -0.16201588E-04 +-  0.15869976E-04
  0  0256   4.00   3.00   0.00  0.32457519E-02 +-  0.87018371E-05
  0  0 64   4.00   4.00   0.00  0.18830096E-04 +-  0.38449054E-04
============================================================================
 Density-density correlation fn: (up-up)
  0  0 64   0.00   0.00   0.00  0.50000000E+00 +-  0.00000000E+00
  0  0256   1.00   0.00   0.00  0.20944476E+00 +-  0.13742259E-03
  0  0256   2.00   0.00   0.00  0.25251385E+00 +-  0.12057329E-03
  0  0256   3.00   0.00   0.00  0.24937234E+00 +-  0.12522389E-03
  0  0128   4.00   0.00   0.00  0.25028743E+00 +-  0.15401312E-03
  0  0256   1.00   1.00   0.00  0.25582427E+00 +-  0.13749338E-03
  0  0512   2.00   1.00   0.00  0.24676048E+00 +-  0.11524690E-03
  0  0512   3.00   1.00   0.00  0.25063023E+00 +-  0.10254668E-03
  0  0256   4.00   1.00   0.00  0.24975734E+00 +-  0.13104804E-03
  0  0256   2.00   2.00   0.00  0.25109567E+00 +-  0.13374565E-03
  0  0512   3.00   2.00   0.00  0.24939617E+00 +-  0.12386977E-03
  0  0256   4.00   2.00   0.00  0.25035917E+00 +-  0.13823536E-03
  0  0256   3.00   3.00   0.00  0.25046169E+00 +-  0.15090034E-03
  0  0256   4.00   3.00   0.00  0.24968960E+00 +-  0.15520892E-03
  0  0 64   4.00   4.00   0.00  0.25017091E+00 +-  0.23800533E-03
============================================================================
 Density-density correlation fn: (up-dn)
  0  0 64   0.00   0.00   0.00  0.13494446E+00 +-  0.78917163E-04
  0  0256   1.00   0.00   0.00  0.27069040E+00 +-  0.13721114E-03
  0  0256   2.00   0.00   0.00  0.24677858E+00 +-  0.12050281E-03
  0  0256   3.00   0.00   0.00  0.25055287E+00 +-  0.12524714E-03
  0  0128   4.00   0.00   0.00  0.24968530E+00 +-  0.15401845E-03
  0  0256   1.00   1.00   0.00  0.24169296E+00 +-  0.13741923E-03
  0  0512   2.00   1.00   0.00  0.25258374E+00 +-  0.11522020E-03
  0  0512   3.00   1.00   0.00  0.24927535E+00 +-  0.10252813E-03
  0  0256   4.00   1.00   0.00  0.25020963E+00 +-  0.13104253E-03
  0  0256   2.00   2.00   0.00  0.24867647E+00 +-  0.13371799E-03
  0  0512   3.00   2.00   0.00  0.25053776E+00 +-  0.12389434E-03
  0  0256   4.00   2.00   0.00  0.24960522E+00 +-  0.13823949E-03
  0  0256   3.00   3.00   0.00  0.24951145E+00 +-  0.15089442E-03
  0  0256   4.00   3.00   0.00  0.25029074E+00 +-  0.15521237E-03
  0  0 64   4.00   4.00   0.00  0.24980586E+00 +-  0.23801925E-03
============================================================================
 XX Spin correlation function:
  0  0 64   0.00   0.00   0.00  0.73011108E+00 +-  0.15783433E-03
  0  0256   1.00   0.00   0.00 -0.12255226E+00 +-  0.11865162E-03
  0  0256   2.00   0.00   0.00  0.11637278E-01 +-  0.36840748E-04
  0  0256   3.00   0.00   0.00 -0.27036920E-02 +-  0.11935770E-04
  0  0128   4.00   0.00   0.00  0.13487156E-02 +-  0.77721957E-05
  0  0256   1.00   1.00   0.00  0.28695065E-01 +-  0.69149677E-04
  0  0512   2.00   1.00   0.00 -0.11981186E-01 +-  0.33425209E-04
  0  0512   3.00   1.00   0.00  0.27170966E-02 +-  0.10000739E-04
  0  0256   4.00   1.00   0.00 -0.13683853E-02 +-  0.65137409E-05
  0  0256   2.00   2.00   0.00  0.49576780E-02 +-  0.19614869E-04
  0  0512   3.00   2.00   0.00 -0.20712341E-02 +-  0.90826922E-05
  0  0256   4.00   2.00   0.00  0.11900877E-02 +-  0.70995115E-05
  0  0256   3.00   3.00   0.00  0.10603866E-02 +-  0.60060549E-05
  0  0256   4.00   3.00   0.00 -0.81946071E-03 +-  0.46872905E-05
  0  0 64   4.00   4.00   0.00  0.72630994E-03 +-  0.57963707E-05
============================================================================
 ZZ Spin correlation function:
  0  0 64   0.00   0.00   0.00  0.73011108E+00 +-  0.15783433E-03
  0  0256   1.00   0.00   0.00 -0.12249129E+00 +-  0.54899705E-03
  0  0256   2.00   0.00   0.00  0.11470537E-01 +-  0.48214884E-03
  0  0256   3.00   0.00   0.00 -0.23610569E-02 +-  0.50094190E-03
  0  0128   4.00   0.00   0.00  0.12042615E-02 +-  0.61606310E-03
  0  0256   1.00   1.00   0.00  0.28262633E-01 +-  0.54980749E-03
  0  0512   2.00   1.00   0.00 -0.11646518E-01 +-  0.46093127E-03
  0  0512   3.00   1.00   0.00  0.27097588E-02 +-  0.41014948E-03
  0  0256   4.00   1.00   0.00 -0.90457677E-03 +-  0.52418111E-03
  0  0256   2.00   2.00   0.00  0.48384025E-02 +-  0.53492657E-03
  0  0512   3.00   2.00   0.00 -0.22831944E-02 +-  0.49552811E-03
  0  0256   4.00   2.00   0.00  0.15079031E-02 +-  0.55294966E-03
  0  0256   3.00   3.00   0.00  0.19004833E-02 +-  0.60358949E-03
  0  0256   4.00   3.00   0.00 -0.12022939E-02 +-  0.62084256E-03
  0  0 64   4.00   4.00   0.00  0.73009863E-03 +-  0.95204914E-03
============================================================================
 Average Spin correlation function:
  0  0 64   0.00   0.00   0.00  0.73011108E+00 +-  0.15783433E-03
  0  0256   1.00   0.00   0.00 -0.12253194E+00 +-  0.18622298E-03
  0  0256   2.00   0.00   0.00  0.11581698E-01 +-  0.15904396E-03
  0  0256   3.00   0.00   0.00 -0.25894803E-02 +-  0.16612453E-03
  0  0128   4.00   0.00   0.00  0.13005642E-02 +-  0.20482952E-03
  0  0256   1.00   1.00   0.00  0.28550921E-01 +-  0.17302773E-03
  0  0512   2.00   1.00   0.00 -0.11869630E-01 +-  0.15166346E-03
  0  0512   3.00   1.00   0.00  0.27146507E-02 +-  0.13543092E-03
  0  0256   4.00   1.00   0.00 -0.12137824E-02 +-  0.17469650E-03
  0  0256   2.00   2.00   0.00  0.49179195E-02 +-  0.17590406E-03
  0  0512   3.00   2.00   0.00 -0.21418875E-02 +-  0.16418132E-03
  0  0256   4.00   2.00   0.00  0.12960261E-02 +-  0.18375062E-03
  0  0256   3.00   3.00   0.00  0.13404188E-02 +-  0.20075835E-03
  0  0256   4.00   3.00   0.00 -0.94707178E-03 +-  0.20674706E-03
  0  0 64   4.00   4.00   0.00  0.72757284E-03 +-  0.31710576E-03
============================================================================
 Pairing correlation function:
  0  0 64   0.00   0.00   0.00  0.67472231E-01 +-  0.39458582E-04
  0  0256   1.00   0.00   0.00  0.99324181E-02 +-  0.43095774E-05
  0  0256   2.00   0.00   0.00 -0.35378901E-03 +-  0.45139003E-06
  0  0256   3.00   0.00   0.00  0.37396682E-04 +-  0.94034625E-07
  0  0128   4.00   0.00   0.00 -0.13635972E-04 +-  0.55008514E-07
  0  0256   1.00   1.00   0.00 -0.12413861E-02 +-  0.11046071E-05
  0  0512   2.00   1.00   0.00  0.32789043E-03 +-  0.41156986E-06
  0  0512   3.00   1.00   0.00 -0.47214080E-04 +-  0.86584966E-07
  0  0256   4.00   1.00   0.00  0.16513000E-04 +-  0.44444431E-07
  0  0256   2.00   2.00   0.00 -0.11393144E-03 +-  0.21837208E-06
  0  0512   3.00   2.00   0.00  0.33036027E-04 +-  0.79690044E-07
  0  0256   4.00   2.00   0.00 -0.17807066E-04 +-  0.53954977E-07
  0  0256   3.00   3.00   0.00 -0.13432513E-04 +-  0.49366385E-07
  0  0256   4.00   3.00   0.00  0.98303809E-05 +-  0.35891893E-07
  0  0 64   4.00   4.00   0.00 -0.11612536E-04 +-  0.58947283E-07
============================================================================
 Double-Double correlation function:
  0  0 64   0.00   0.00   0.00  0.13494446E+00 +-  0.78917163E-04
  0  0256   1.00   0.00   0.00  0.11543622E-01 +-  0.14463289E-04
  0  0256   2.00   0.00   0.00  0.17905861E-01 +-  0.21194035E-04
  0  0256   3.00   0.00   0.00  0.18173388E-01 +-  0.21146935E-04
  0  0128   4.00   0.00   0.00  0.18200735E-01 +-  0.21539676E-04
  0  0256   1.00   1.00   0.00  0.16841130E-01 +-  0.20781607E-04
  0  0512   2.00   1.00   0.00  0.17931774E-01 +-  0.20941174E-04
  0  0512   3.00   1.00   0.00  0.18165461E-01 +-  0.21213043E-04
  0  0256   4.00   1.00   0.00  0.18194031E-01 +-  0.21631493E-04
  0  0256   2.00   2.00   0.00  0.18084494E-01 +-  0.21201757E-04
  0  0512   3.00   2.00   0.00  0.18177666E-01 +-  0.21264436E-04
  0  0256   4.00   2.00   0.00  0.18189654E-01 +-  0.21528398E-04
  0  0256   3.00   3.00   0.00  0.18197298E-01 +-  0.21647096E-04
  0  0256   4.00   3.00   0.00  0.18203969E-01 +-  0.21661082E-04
  0  0 64   4.00   4.00   0.00  0.18202377E-01 +-  0.21865974E-04
============================================================================
 Single-Single correlation function:
  0  0 64   0.00   0.00   0.00  0.73011108E+00 +-  0.15783433E-03
  0  0256   1.00   0.00   0.00  0.54612631E+00 +-  0.24391313E-03
  0  0256   2.00   0.00   0.00  0.53326076E+00 +-  0.23068617E-03
  0  0256   3.00   0.00   0.00  0.53306529E+00 +-  0.23154511E-03
  0  0128   4.00   0.00   0.00  0.53307964E+00 +-  0.23066930E-03
  0  0256   1.00   1.00   0.00  0.53255222E+00 +-  0.23111711E-03
  0  0512   2.00   1.00   0.00  0.53326081E+00 +-  0.23079195E-03
  0  0512   3.00   1.00   0.00  0.53307286E+00 +-  0.23088569E-03
  0  0256   4.00   1.00   0.00  0.53306433E+00 +-  0.22956992E-03
  0  0256   2.00   2.00   0.00  0.53301586E+00 +-  0.23076447E-03
  0  0512   3.00   2.00   0.00  0.53306496E+00 +-  0.23066992E-03
  0  0256   4.00   2.00   0.00  0.53305200E+00 +-  0.22996581E-03
  0  0256   3.00   3.00   0.00  0.53306508E+00 +-  0.22954156E-03
  0  0256   4.00   3.00   0.00  0.53307735E+00 +-  0.22958955E-03
  0  0 64   4.00   4.00   0.00  0.53307811E+00 +-  0.23088175E-03
============================================================================
 Grid for Green's function
  K-points
  Class
    1         0.00000   0.00000

    2         0.00000  -0.78540
              0.00000   0.78540
             -0.78540   0.00000
              0.78540   0.00000

    3        -0.78540  -0.78540
              0.78540  -0.78540
             -0.78540   0.78540
              0.78540   0.78540

    4         0.00000  -1.57080
              0.00000   1.57080
             -1.57080   0.00000
              1.57080   0.00000

    5        -0.78540  -1.57080
              0.78540  -1.57080
             -0.78540   1.57080
              0.78540   1.57080
             -1.57080  -0.78540
             -1.57080   0.78540
              1.57080  -0.78540
              1.57080   0.78540

    6        -1.57080  -1.57080
              1.57080  -1.57080
             -1.57080   1.57080
              1.57080   1.57080

    7         0.00000  -2.35619
              0.00000   2.35619
             -2.35619   0.00000
              2.35619   0.00000

    8        -0.78540  -2.35619
              0.78540  -2.35619
             -0.78540   2.35619
              0.78540   2.35619
             -2.35619  -0.78540
             -2.35619   0.78540
              2.35619  -0.78540
              2.35619   0.78540

    9        -1.57080  -2.35619
              1.57080  -2.35619
             -1.57080   2.35619
              1.57080   2.35619
             -2.35619  -1.57080
             -2.35619   1.57080
              2.35619  -1.57080
              2.35619   1.57080

   10         0.00000  -3.14159
             -3.14159   0.00000

   11        -0.78540  -3.14159
              0.78540  -3.14159
             -3.14159  -0.78540
             -3.14159   0.78540

   12        -2.35619  -2.35619
              2.35619  -2.35619
             -2.35619   2.35619
              2.35619   2.35619

   13        -1.57080  -3.14159
              1.57080  -3.14159
             -3.14159  -1.57080
             -3.14159   1.57080

   14        -2.35619  -3.14159
              2.35619  -3.14159
             -3.14159  -2.35619
             -3.14159   2.35619

   15        -3.14159  -3.14159

============================================================================
 Grid for spin/charge correlations
  K-points
  Class
    1         0.00000   0.00000

    2         0.00000  -0.78540
              0.00000   0.78540
             -0.78540   0.00000
              0.78540   0.00000

    3        -0.78540  -0.78540
              0.78540  -0.78540
             -0.78540   0.78540
              0.78540   0.78540

    4         0.00000  -1.57080
              0.00000   1.57080
             -1.57080   0.00000
              1.57080   0.00000

    5        -0.78540  -1.57080
              0.78540  -1.57080
             -0.78540   1.57080
              0.78540   1.57080
             -1.57080  -0.78540
             -1.57080   0.78540
              1.57080  -0.78540
              1.57080   0.78540

    6        -1.57080  -1.57080
              1.57080  -1.57080
             -1.57080   1.57080
              1.57080   1.57080

    7         0.00000  -2.35619
              0.00000   2.35619
             -2.35619   0.00000
              2.35619   0.00000

    8        -0.78540  -2.35619
              0.78540  -2.35619
             -0.78540   2.35619
              0.78540   2.35619
             -2.35619  -0.78540
             -2.35619   0.78540
              2.35619  -0.78540
              2.35619   0.78540

    9        -1.57080  -2.35619
              1.57080  -2.35619
             -1.57080   2.35619
              1.57080   2.35619
             -2.35619  -1.57080
             -2.35619   1.57080
              2.35619  -1.57080
              2.35619   1.57080

   10         0.00000  -3.14159
             -3.14159   0.00000

   11        -0.78540  -3.14159
              0.78540  -3.14159
             -3.14159  -0.78540
             -3.14159   0.78540

   12        -2.35619  -2.35619
              2.35619  -2.35619
             -2.35619   2.35619
              2.35619   2.35619

   13        -1.57080  -3.14159
              1.57080  -3.14159
             -3.14159  -1.57080
             -3.14159   1.57080

   14        -2.35619  -3.14159
              2.35619  -3.14159
             -3.14159  -2.35619
             -3.14159   2.35619

   15        -3.14159  -3.14159

============================================================================
 FT of Ave Equal t Green's function:
    1    0    0                 0.42970403E-01 +-  0.99430283E-04
    2    0    0                 0.53113627E-01 +-  0.11106024E-03
    3    0    0                 0.68573255E-01 +-  0.13730016E-03
    4    0    0                 0.11099145E+00 +-  0.18553729E-03
    5    0    0                 0.16936519E+00 +-  0.21793042E-03
    6    0    0                 0.50000000E+00 +-  0.00000000E+00
    7    0    0                 0.33231453E+00 +-  0.18398380E-03
    8    0    0                 0.50000000E+00 +-  0.21595158E-14
    9    0    0                 0.83063481E+00 +-  0.21793042E-03
   10    0    0                 0.50000000E+00 +-  0.96861789E-15
   11    0    0                 0.66768547E+00 +-  0.18398380E-03
   12    0    0                 0.93142675E+00 +-  0.13730016E-03
   13    0    0                 0.88900855E+00 +-  0.18553729E-03
   14    0    0                 0.94688637E+00 +-  0.11106024E-03
   15    0    0                 0.95702960E+00 +-  0.99430283E-04
============================================================================
 FT of Up Equal t Green's function:
    1    0    0                 0.42888750E-01 +-  0.13047626E-03
    2    0    0                 0.52999195E-01 +-  0.14829025E-03
    3    0    0                 0.68443016E-01 +-  0.18838259E-03
    4    0    0                 0.11080529E+00 +-  0.31093746E-03
    5    0    0                 0.16909533E+00 +-  0.46852646E-03
    6    0    0                 0.49962059E+00 +-  0.89781383E-03
    7    0    0                 0.33170045E+00 +-  0.81714235E-03
    8    0    0                 0.49935221E+00 +-  0.90087349E-03
    9    0    0                 0.83036496E+00 +-  0.43174282E-03
   10    0    0                 0.49902181E+00 +-  0.92906913E-03
   11    0    0                 0.66707140E+00 +-  0.77016309E-03
   12    0    0                 0.93129651E+00 +-  0.17007172E-03
   13    0    0                 0.88882239E+00 +-  0.27786411E-03
   14    0    0                 0.94677194E+00 +-  0.13201099E-03
   15    0    0                 0.95694794E+00 +-  0.12149178E-03
============================================================================
 FT of Dn Equal t Green's function:
    1    0    0                 0.43052056E-01 +-  0.12149178E-03
    2    0    0                 0.53228059E-01 +-  0.13201099E-03
    3    0    0                 0.68703493E-01 +-  0.17007172E-03
    4    0    0                 0.11117761E+00 +-  0.27786411E-03
    5    0    0                 0.16963504E+00 +-  0.43174282E-03
    6    0    0                 0.50037941E+00 +-  0.89781383E-03
    7    0    0                 0.33292860E+00 +-  0.77016309E-03
    8    0    0                 0.50064779E+00 +-  0.90087349E-03
    9    0    0                 0.83090467E+00 +-  0.46852646E-03
   10    0    0                 0.50097819E+00 +-  0.92906913E-03
   11    0    0                 0.66829955E+00 +-  0.81714235E-03
   12    0    0                 0.93155698E+00 +-  0.18838259E-03
   13    0    0                 0.88919471E+00 +-  0.31093746E-03
   14    0    0                 0.94700080E+00 +-  0.14829025E-03
   15    0    0                 0.95711125E+00 +-  0.13047626E-03
============================================================================
 FT of Density-density correlation fn: (up-up)
    1    0    0                 0.16099115E+02 +-  0.94673569E-03
    2    0    0                 0.12422128E+00 +-  0.44434296E-03
    3    0    0                 0.14652321E+00 +-  0.43736668E-03
    4    0    0                 0.17826459E+00 +-  0.50487266E-03
    5    0    0                 0.19660426E+00 +-  0.42165247E-03
    6    0    0                 0.24363639E+00 +-  0.72656252E-03
    7    0    0                 0.22153624E+00 +-  0.57181178E-03
    8    0    0                 0.23954504E+00 +-  0.42038221E-03
    9    0    0                 0.29443521E+00 +-  0.63031100E-03
   10    0    0                 0.23643486E+00 +-  0.84279008E-03
   11    0    0                 0.25640528E+00 +-  0.67530687E-03
   12    0    0                 0.37277094E+00 +-  0.13114626E-02
   13    0    0                 0.31446160E+00 +-  0.90152042E-03
   14    0    0                 0.41439096E+00 +-  0.16273244E-02
   15    0    0                 0.49449684E+00 +-  0.57535371E-02
============================================================================
 FT of Density-density correlation fn: (up-dn)
    1    0    0                 0.15935329E+02 +-  0.94538817E-03
    2    0    0                -0.66991957E-01 +-  0.43950100E-03
    3    0    0                -0.72125880E-01 +-  0.43125195E-03
    4    0    0                -0.79583666E-01 +-  0.50085352E-03
    5    0    0                -0.86630949E-01 +-  0.40837924E-03
    6    0    0                -0.10670838E+00 +-  0.73005510E-03
    7    0    0                -0.91065819E-01 +-  0.55472350E-03
    8    0    0                -0.99927693E-01 +-  0.41588582E-03
    9    0    0                -0.13178529E+00 +-  0.64069143E-03
   10    0    0                -0.94658411E-01 +-  0.84191210E-03
   11    0    0                -0.10573548E+00 +-  0.68694576E-03
   12    0    0                -0.18649983E+00 +-  0.13282012E-02
   13    0    0                -0.14158624E+00 +-  0.90375405E-03
   14    0    0                -0.21826547E+00 +-  0.16335080E-02
   15    0    0                -0.28856425E+00 +-  0.57678204E-02
============================================================================
 FT of XX spin correlation fn:
    1    0    0                 0.32323901E+00 +-  0.59513652E-03
    2    0    0                 0.38400826E+00 +-  0.45951399E-03
    3    0    0                 0.43935212E+00 +-  0.38464085E-03
    4    0    0                 0.51502619E+00 +-  0.30002374E-03
    5    0    0                 0.56625220E+00 +-  0.26536237E-03
    6    0    0                 0.70205607E+00 +-  0.21902390E-03
    7    0    0                 0.62427761E+00 +-  0.27150645E-03
    8    0    0                 0.67949744E+00 +-  0.22597252E-03
    9    0    0                 0.85072858E+00 +-  0.19774577E-03
   10    0    0                 0.66391642E+00 +-  0.29946129E-03
   11    0    0                 0.71995534E+00 +-  0.26276823E-03
   12    0    0                 0.11142128E+01 +-  0.33857623E-03
   13    0    0                 0.91238202E+00 +-  0.25286009E-03
   14    0    0                 0.12728754E+01 +-  0.54079913E-03
   15    0    0                 0.15676281E+01 +-  0.11649538E-02
============================================================================
 FT of ZZ spin correlation fn:
    1    0    0                 0.32757304E+00 +-  0.37835055E-02
    2    0    0                 0.38242647E+00 +-  0.17648173E-02
    3    0    0                 0.43729817E+00 +-  0.17334773E-02
    4    0    0                 0.51569651E+00 +-  0.20067734E-02
    5    0    0                 0.56647042E+00 +-  0.16541745E-02
    6    0    0                 0.70068955E+00 +-  0.29089092E-02
    7    0    0                 0.62520413E+00 +-  0.22478076E-02
    8    0    0                 0.67894546E+00 +-  0.16647211E-02
    9    0    0                 0.85244100E+00 +-  0.25359031E-02
   10    0    0                 0.66218654E+00 +-  0.33654372E-02
   11    0    0                 0.72428153E+00 +-  0.27193878E-02
   12    0    0                 0.11185415E+01 +-  0.52757216E-02
   13    0    0                 0.91209567E+00 +-  0.36058302E-02
   14    0    0                 0.12653129E+01 +-  0.65183685E-02
   15    0    0                 0.15661222E+01 +-  0.23041695E-01
============================================================================
 FT of Average spin correlation fn:
    1    0    0                 0.32468369E+00 +-  0.13515052E-02
    2    0    0                 0.38348100E+00 +-  0.65432898E-03
    3    0    0                 0.43866747E+00 +-  0.63834133E-03
    4    0    0                 0.51524963E+00 +-  0.70332684E-03
    5    0    0                 0.56632494E+00 +-  0.55642702E-03
    6    0    0                 0.70160056E+00 +-  0.98783455E-03
    7    0    0                 0.62458645E+00 +-  0.73881196E-03
    8    0    0                 0.67931345E+00 +-  0.55854826E-03
    9    0    0                 0.85129938E+00 +-  0.86907942E-03
   10    0    0                 0.66333979E+00 +-  0.11335601E-02
   11    0    0                 0.72139741E+00 +-  0.95018357E-03
   12    0    0                 0.11156557E+01 +-  0.17649242E-02
   13    0    0                 0.91228657E+00 +-  0.12148035E-02
   14    0    0                 0.12703545E+01 +-  0.21811982E-02
   15    0    0                 0.15671261E+01 +-  0.75010459E-02
============================================================================
 FT of Pairing correlation fn:
    1    0    0                 0.10296629E+00 +-  0.54678111E-04
    2    0    0                 0.98062743E-01 +-  0.51924082E-04
    3    0    0                 0.93135555E-01 +-  0.49486706E-04
    4    0    0                 0.86437682E-01 +-  0.46146690E-04
    5    0    0                 0.81324957E-01 +-  0.44310940E-04
    6    0    0                 0.68464005E-01 +-  0.39714073E-04
    7    0    0                 0.75334901E-01 +-  0.42131110E-04
    8    0    0                 0.69808671E-01 +-  0.40436248E-04
    9    0    0                 0.54986657E-01 +-  0.35551021E-04
   10    0    0                 0.70888223E-01 +-  0.40866741E-04
   11    0    0                 0.65235212E-01 +-  0.39414506E-04
   12    0    0                 0.37198663E-01 +-  0.28722191E-04
   13    0    0                 0.49340461E-01 +-  0.34338254E-04
   14    0    0                 0.28614661E-01 +-  0.25291076E-04
   15    0    0                 0.17222204E-01 +-  0.18748676E-04
============================================================================
 FT of Double-Double correlation fn: 
    1    0    0                 0.12450813E+01 +-  0.13866371E-02
    2    0    0                 0.88891247E-01 +-  0.37975121E-04
    3    0    0                 0.95436675E-01 +-  0.44015789E-04
    4    0    0                 0.10500259E+00 +-  0.51329574E-04
    5    0    0                 0.10861520E+00 +-  0.51064880E-04
    6    0    0                 0.11750422E+00 +-  0.58983417E-04
    7    0    0                 0.11673379E+00 +-  0.57506794E-04
    8    0    0                 0.11933036E+00 +-  0.59101450E-04
    9    0    0                 0.12600414E+00 +-  0.67462183E-04
   10    0    0                 0.12079095E+00 +-  0.64490375E-04
   11    0    0                 0.12328685E+00 +-  0.66166913E-04
   12    0    0                 0.13288408E+00 +-  0.76926932E-04
   13    0    0                 0.12941807E+00 +-  0.71134450E-04
   14    0    0                 0.13578610E+00 +-  0.80563529E-04
   15    0    0                 0.13841019E+00 +-  0.85471695E-04
============================================================================
 FT of Single-Single correlation fn: 
    1    0    0                 0.34365654E+02 +-  0.14727022E-01
    2    0    0                 0.24110635E+00 +-  0.10558814E-03
    3    0    0                 0.23295205E+00 +-  0.10094106E-03
    4    0    0                 0.22264853E+00 +-  0.10079870E-03
    5    0    0                 0.21451416E+00 +-  0.75207338E-04
    6    0    0                 0.19616087E+00 +-  0.90998701E-04
    7    0    0                 0.20599430E+00 +-  0.96252773E-04
    8    0    0                 0.19808675E+00 +-  0.83959704E-04
    9    0    0                 0.17871674E+00 +-  0.98422698E-04
   10    0    0                 0.19961089E+00 +-  0.12399626E-03
   11    0    0                 0.19180780E+00 +-  0.10744574E-03
   12    0    0                 0.15899410E+00 +-  0.11891098E-03
   13    0    0                 0.17192157E+00 +-  0.10992458E-03
   14    0    0                 0.15089345E+00 +-  0.12457649E-03
   15    0    0                 0.14177558E+00 +-  0.13690847E-03
============================================================================
 Pair-field correlation function - accumulated:
s-wave                          0.20593259E+00 +-  0.10935622E-03
s*-wave                         0.53951676E+00 +-  0.16862083E-03
s**-wave                        0.31963796E+00 +-  0.13432581E-03
d-wave                          0.33592502E+00 +-  0.28746316E-03
d*-wave                         0.31223280E+00 +-  0.21018614E-03
============================================================================
Number of Green's function errors: 0
Running time: 23083.6816 (second)
