 General Geometry - Free Format                                                  
                          U :            4.000000
                       t_up :            1.000000
                       t_dn :            1.000000
                      mu_up :            0.000000
                      mu_dn :            0.000000
             Time slice - L :           40
            Number of sites :           64
                       dtau :            0.050000
                       beta :            2.000000
     Number of warmup sweep :         5000
Number of measurement sweep :        50000
   Frequency of measurement :            0
                Random seed :      1234567
 Frequency of recomputing G :           15
Global move number of sites :            0
               Accept count :     72522275
               Reject count :     68185664
    Approximate accept rate :            0.515410
                      gamma :            0.712565
           Type of matrix B : Dense MatB  
         Type of matrix HSF : discrete
 Sign of equal time measurements:
                   Avg sign :   0.10000000E+01 +-  0.00000000E+00
                Avg up sign :   0.99996000E+00 +-  0.40000000E-04
                Avg dn sign :   0.99996000E+00 +-  0.40000000E-04
============================================================================
 Equal time measurements:
          Up spin occupancy :   0.50006521E+00 +-  0.27494335E-03
        Down spin occupancy :   0.49993479E+00 +-  0.27494335E-03
             <U*N_up*N_dn>  :   0.53776551E+00 +-  0.17855123E-03
             Kinetic energy :  -0.32549315E+01 +-  0.29926026E-03
               Total energy :  -0.17171660E+01 +-  0.15967084E-03
                    Density :   0.10000000E+01 +-  0.00000000E+00
                Chi_thermal :  -0.25600000E+03 +-  0.82931022E-11
              Specific heat :   0.11354309E+04 +-  0.80895099E+00
  XX Ferro structure factor :   0.32202556E+00 +-  0.40550496E-03
  ZZ Ferro structure factor :   0.32221809E+00 +-  0.22174712E-02
     XX AF structure factor :   0.15744362E+01 +-  0.72432688E-03
  Root Mean Square of XX AF :   0.16069127E+01 +-  0.99619983E-03
     ZZ AF structure factor :   0.15611514E+01 +-  0.13443113E-01
  Root Mean Square of ZZ AF :   0.22233236E+01 +-  0.22229640E-01
           Potential energy :  -0.46223449E+00 +-  0.17855123E-03
             Hopping energy :  -0.12549315E+01 +-  0.29926026E-03
           Double occupancy :   0.13444138E+00 +-  0.44637808E-04
      Magnetisation squared :   0.18277931E+00 +-  0.22318904E-04
============================================================================
 Mean Equal time Green's function:
  0  0 64   0.00   0.00   0.00  0.50000000E+00 +-  0.00000000E+00
  0  0256   1.00   0.00   0.00 -0.15686644E+00 +-  0.37407532E-04
  0  0256   2.00   0.00   0.00  0.31862640E-21 +-  0.10131079E-20
  0  0256   3.00   0.00   0.00  0.26911278E-02 +-  0.75382919E-05
  0  0128   4.00   0.00   0.00 -0.10117790E-20 +-  0.49367733E-21
  0  0256   1.00   1.00   0.00  0.19768525E-21 +-  0.18277901E-20
  0  0512   2.00   1.00   0.00  0.26957724E-01 +-  0.21592577E-04
  0  0512   3.00   1.00   0.00  0.92094159E-21 +-  0.70459208E-21
  0  0256   4.00   1.00   0.00 -0.36137510E-02 +-  0.62098084E-05
  0  0256   2.00   2.00   0.00  0.11460252E-20 +-  0.10524451E-20
  0  0512   3.00   2.00   0.00 -0.68819142E-02 +-  0.95762895E-05
  0  0256   4.00   2.00   0.00 -0.23933300E-21 +-  0.68311374E-21
  0  0256   3.00   3.00   0.00  0.17429464E-21 +-  0.46439795E-21
  0  0256   4.00   3.00   0.00  0.32657686E-02 +-  0.57259801E-05
  0  0 64   4.00   4.00   0.00 -0.62508164E-21 +-  0.48432789E-21
============================================================================
 Up Equal time Green's function:
  0  0 64   0.00   0.00   0.00  0.49993479E+00 +-  0.27494335E-03
  0  0256   1.00   0.00   0.00 -0.15686644E+00 +-  0.37407532E-04
  0  0256   2.00   0.00   0.00  0.25608370E-04 +-  0.17254598E-04
  0  0256   3.00   0.00   0.00  0.26911278E-02 +-  0.75382919E-05
  0  0128   4.00   0.00   0.00 -0.17023268E-04 +-  0.95593235E-05
  0  0256   1.00   1.00   0.00  0.12512981E-04 +-  0.85108277E-04
  0  0512   2.00   1.00   0.00  0.26957724E-01 +-  0.21592577E-04
  0  0512   3.00   1.00   0.00  0.91403092E-06 +-  0.14111732E-04
  0  0256   4.00   1.00   0.00 -0.36137510E-02 +-  0.62098084E-05
  0  0256   2.00   2.00   0.00 -0.19954210E-04 +-  0.36249175E-04
  0  0512   3.00   2.00   0.00 -0.68819142E-02 +-  0.95762895E-05
  0  0256   4.00   2.00   0.00  0.61647414E-05 +-  0.17919213E-04
  0  0256   3.00   3.00   0.00  0.48631333E-05 +-  0.10016261E-04
  0  0256   4.00   3.00   0.00  0.32657686E-02 +-  0.57259801E-05
  0  0 64   4.00   4.00   0.00 -0.99284932E-05 +-  0.23902352E-04
============================================================================
 Down Equal time Green's function:
  0  0 64   0.00   0.00   0.00  0.50006521E+00 +-  0.27494335E-03
  0  0256   1.00   0.00   0.00 -0.15686644E+00 +-  0.37407532E-04
  0  0256   2.00   0.00   0.00 -0.25608370E-04 +-  0.17254598E-04
  0  0256   3.00   0.00   0.00  0.26911278E-02 +-  0.75382919E-05
  0  0128   4.00   0.00   0.00  0.17023268E-04 +-  0.95593235E-05
  0  0256   1.00   1.00   0.00 -0.12512981E-04 +-  0.85108277E-04
  0  0512   2.00   1.00   0.00  0.26957724E-01 +-  0.21592577E-04
  0  0512   3.00   1.00   0.00 -0.91403092E-06 +-  0.14111732E-04
  0  0256   4.00   1.00   0.00 -0.36137510E-02 +-  0.62098084E-05
  0  0256   2.00   2.00   0.00  0.19954210E-04 +-  0.36249175E-04
  0  0512   3.00   2.00   0.00 -0.68819142E-02 +-  0.95762895E-05
  0  0256   4.00   2.00   0.00 -0.61647414E-05 +-  0.17919213E-04
  0  0256   3.00   3.00   0.00 -0.48631333E-05 +-  0.10016261E-04
  0  0256   4.00   3.00   0.00  0.32657686E-02 +-  0.57259801E-05
  0  0 64   4.00   4.00   0.00  0.99284932E-05 +-  0.23902352E-04
============================================================================
 Density-density correlation fn: (up-up)
  0  0 64   0.00   0.00   0.00  0.50000000E+00 +-  0.00000000E+00
  0  0256   1.00   0.00   0.00  0.20936651E+00 +-  0.85660947E-04
  0  0256   2.00   0.00   0.00  0.25255843E+00 +-  0.75064482E-04
  0  0256   3.00   0.00   0.00  0.24939728E+00 +-  0.85470589E-04
  0  0128   4.00   0.00   0.00  0.25011697E+00 +-  0.10474267E-03
  0  0256   1.00   1.00   0.00  0.25599364E+00 +-  0.71654856E-04
  0  0512   2.00   1.00   0.00  0.24663757E+00 +-  0.63864660E-04
  0  0512   3.00   1.00   0.00  0.25059858E+00 +-  0.71491400E-04
  0  0256   4.00   1.00   0.00  0.24976394E+00 +-  0.85931085E-04
  0  0256   2.00   2.00   0.00  0.25103321E+00 +-  0.76942075E-04
  0  0512   3.00   2.00   0.00  0.24946235E+00 +-  0.67124757E-04
  0  0256   4.00   2.00   0.00  0.25022739E+00 +-  0.76613984E-04
  0  0256   3.00   3.00   0.00  0.25020151E+00 +-  0.86094696E-04
  0  0256   4.00   3.00   0.00  0.24989893E+00 +-  0.97383783E-04
  0  0 64   4.00   4.00   0.00  0.25016183E+00 +-  0.14409507E-03
============================================================================
 Density-density correlation fn: (up-dn)
  0  0 64   0.00   0.00   0.00  0.13444138E+00 +-  0.44637808E-04
  0  0256   1.00   0.00   0.00  0.27089272E+00 +-  0.85051723E-04
  0  0256   2.00   0.00   0.00  0.24672642E+00 +-  0.75036304E-04
  0  0256   3.00   0.00   0.00  0.25052729E+00 +-  0.85478723E-04
  0  0128   4.00   0.00   0.00  0.24985555E+00 +-  0.10474470E-03
  0  0256   1.00   1.00   0.00  0.24152055E+00 +-  0.71581580E-04
  0  0512   2.00   1.00   0.00  0.25270640E+00 +-  0.63908659E-04
  0  0512   3.00   1.00   0.00  0.24930662E+00 +-  0.71475708E-04
  0  0256   4.00   1.00   0.00  0.25020293E+00 +-  0.85931916E-04
  0  0256   2.00   2.00   0.00  0.24873927E+00 +-  0.76933619E-04
  0  0512   3.00   2.00   0.00  0.25047139E+00 +-  0.67138088E-04
  0  0256   4.00   2.00   0.00  0.24973694E+00 +-  0.76617188E-04
  0  0256   3.00   3.00   0.00  0.24977144E+00 +-  0.86092793E-04
  0  0256   4.00   3.00   0.00  0.25008130E+00 +-  0.97387068E-04
  0  0 64   4.00   4.00   0.00  0.24981487E+00 +-  0.14409718E-03
============================================================================
 XX Spin correlation function:
  0  0 64   0.00   0.00   0.00  0.73111725E+00 +-  0.89275615E-04
  0  0256   1.00   0.00   0.00 -0.12327458E+00 +-  0.80814353E-04
  0  0256   2.00   0.00   0.00  0.11777707E-01 +-  0.23001616E-04
  0  0256   3.00   0.00   0.00 -0.27546354E-02 +-  0.14348050E-04
  0  0128   4.00   0.00   0.00  0.13612064E-02 +-  0.56935434E-05
  0  0256   1.00   1.00   0.00  0.28843821E-01 +-  0.46324661E-04
  0  0512   2.00   1.00   0.00 -0.12065556E-01 +-  0.19547575E-04
  0  0512   3.00   1.00   0.00  0.27569024E-02 +-  0.76441617E-05
  0  0256   4.00   1.00   0.00 -0.13795202E-02 +-  0.43679144E-05
  0  0256   2.00   2.00   0.00  0.49992753E-02 +-  0.12397226E-04
  0  0512   3.00   2.00   0.00 -0.20902640E-02 +-  0.53667835E-05
  0  0256   4.00   2.00   0.00  0.11985243E-02 +-  0.39399772E-05
  0  0256   3.00   3.00   0.00  0.10791793E-02 +-  0.46977204E-05
  0  0256   4.00   3.00   0.00 -0.83094689E-03 +-  0.33020311E-05
  0  0 64   4.00   4.00   0.00  0.74196339E-03 +-  0.40070491E-05
============================================================================
 ZZ Spin correlation function:
  0  0 64   0.00   0.00   0.00  0.73111725E+00 +-  0.89275615E-04
  0  0256   1.00   0.00   0.00 -0.12305242E+00 +-  0.34125884E-03
  0  0256   2.00   0.00   0.00  0.11664018E-01 +-  0.30019985E-03
  0  0256   3.00   0.00   0.00 -0.22600349E-02 +-  0.34189857E-03
  0  0128   4.00   0.00   0.00  0.52285053E-03 +-  0.41897472E-03
  0  0256   1.00   1.00   0.00  0.28946167E-01 +-  0.28645781E-03
  0  0512   2.00   1.00   0.00 -0.12137650E-01 +-  0.25554469E-03
  0  0512   3.00   1.00   0.00  0.25839212E-02 +-  0.28593414E-03
  0  0256   4.00   1.00   0.00 -0.87799640E-03 +-  0.34372599E-03
  0  0256   2.00   2.00   0.00  0.45878894E-02 +-  0.30775090E-03
  0  0512   3.00   2.00   0.00 -0.20180851E-02 +-  0.26852563E-03
  0  0256   4.00   2.00   0.00  0.98089789E-03 +-  0.30646232E-03
  0  0256   3.00   3.00   0.00  0.86015455E-03 +-  0.34437496E-03
  0  0256   4.00   3.00   0.00 -0.36474450E-03 +-  0.38954169E-03
  0  0 64   4.00   4.00   0.00  0.69391806E-03 +-  0.57638448E-03
============================================================================
 Average Spin correlation function:
  0  0 64   0.00   0.00   0.00  0.73111725E+00 +-  0.89275615E-04
  0  0256   1.00   0.00   0.00 -0.12320053E+00 +-  0.11348634E-03
  0  0256   2.00   0.00   0.00  0.11739810E-01 +-  0.97406954E-04
  0  0256   3.00   0.00   0.00 -0.25897686E-02 +-  0.11437038E-03
  0  0128   4.00   0.00   0.00  0.10817544E-02 +-  0.13980115E-03
  0  0256   1.00   1.00   0.00  0.28877936E-01 +-  0.93112335E-04
  0  0512   2.00   1.00   0.00 -0.12089587E-01 +-  0.83660736E-04
  0  0512   3.00   1.00   0.00  0.26992420E-02 +-  0.94578399E-04
  0  0256   4.00   1.00   0.00 -0.12123456E-02 +-  0.11410068E-03
  0  0256   2.00   2.00   0.00  0.48621466E-02 +-  0.10296323E-03
  0  0512   3.00   2.00   0.00 -0.20662043E-02 +-  0.89394171E-04
  0  0256   4.00   2.00   0.00  0.11259822E-02 +-  0.10223249E-03
  0  0256   3.00   3.00   0.00  0.10061711E-02 +-  0.11453977E-03
  0  0256   4.00   3.00   0.00 -0.67554609E-03 +-  0.12962736E-03
  0  0 64   4.00   4.00   0.00  0.72594828E-03 +-  0.19198946E-03
============================================================================
 Pairing correlation function:
  0  0 64   0.00   0.00   0.00  0.67220689E-01 +-  0.22318904E-04
  0  0256   1.00   0.00   0.00  0.98703839E-02 +-  0.26827504E-05
  0  0256   2.00   0.00   0.00 -0.35757146E-03 +-  0.25506504E-06
  0  0256   3.00   0.00   0.00  0.37714122E-04 +-  0.50248232E-07
  0  0128   4.00   0.00   0.00 -0.13738260E-04 +-  0.33735288E-07
  0  0256   1.00   1.00   0.00 -0.12429062E-02 +-  0.73528175E-06
  0  0512   2.00   1.00   0.00  0.32801311E-03 +-  0.25060768E-06
  0  0512   3.00   1.00   0.00 -0.47399119E-04 +-  0.52887509E-07
  0  0256   4.00   1.00   0.00  0.16565718E-04 +-  0.26603434E-07
  0  0256   2.00   2.00   0.00 -0.11375805E-03 +-  0.13673085E-06
  0  0512   3.00   2.00   0.00  0.33129369E-04 +-  0.47294866E-07
  0  0256   4.00   2.00   0.00 -0.17832100E-04 +-  0.32758202E-07
  0  0256   3.00   3.00   0.00 -0.13523701E-04 +-  0.27640302E-07
  0  0256   4.00   3.00   0.00  0.98831826E-05 +-  0.23997138E-07
  0  0 64   4.00   4.00   0.00 -0.11646624E-04 +-  0.36357704E-07
============================================================================
 Double-Double correlation function:
  0  0 64   0.00   0.00   0.00  0.13444138E+00 +-  0.44637808E-04
  0  0256   1.00   0.00   0.00  0.11461795E-01 +-  0.82632161E-05
  0  0256   2.00   0.00   0.00  0.17774845E-01 +-  0.11950352E-04
  0  0256   3.00   0.00   0.00  0.18039730E-01 +-  0.12041848E-04
  0  0128   4.00   0.00   0.00  0.18060083E-01 +-  0.12070232E-04
  0  0256   1.00   1.00   0.00  0.16709439E-01 +-  0.11793024E-04
  0  0512   2.00   1.00   0.00  0.17796561E-01 +-  0.11948236E-04
  0  0512   3.00   1.00   0.00  0.18028630E-01 +-  0.12090876E-04
  0  0256   4.00   1.00   0.00  0.18058790E-01 +-  0.12083560E-04
  0  0256   2.00   2.00   0.00  0.17952979E-01 +-  0.11942146E-04
  0  0512   3.00   2.00   0.00  0.18042137E-01 +-  0.12071890E-04
  0  0256   4.00   2.00   0.00  0.18054479E-01 +-  0.11978002E-04
  0  0256   3.00   3.00   0.00  0.18059452E-01 +-  0.12098793E-04
  0  0256   4.00   3.00   0.00  0.18064367E-01 +-  0.12067965E-04
  0  0 64   4.00   4.00   0.00  0.18059326E-01 +-  0.11991420E-04
============================================================================
 Single-Single correlation function:
  0  0 64   0.00   0.00   0.00  0.73111725E+00 +-  0.89275615E-04
  0  0256   1.00   0.00   0.00  0.54756321E+00 +-  0.13708852E-03
  0  0256   2.00   0.00   0.00  0.53476416E+00 +-  0.13078656E-03
  0  0256   3.00   0.00   0.00  0.53454427E+00 +-  0.13076339E-03
  0  0128   4.00   0.00   0.00  0.53452978E+00 +-  0.13100763E-03
  0  0256   1.00   1.00   0.00  0.53404387E+00 +-  0.13085390E-03
  0  0512   2.00   1.00   0.00  0.53473279E+00 +-  0.13008627E-03
  0  0512   3.00   1.00   0.00  0.53453861E+00 +-  0.13023722E-03
  0  0256   4.00   1.00   0.00  0.53453591E+00 +-  0.13053345E-03
  0  0256   2.00   2.00   0.00  0.53450144E+00 +-  0.13089301E-03
  0  0512   3.00   2.00   0.00  0.53453556E+00 +-  0.13035196E-03
  0  0256   4.00   2.00   0.00  0.53452374E+00 +-  0.13098750E-03
  0  0256   3.00   3.00   0.00  0.53452639E+00 +-  0.13043376E-03
  0  0256   4.00   3.00   0.00  0.53453149E+00 +-  0.13059262E-03
  0  0 64   4.00   4.00   0.00  0.53451838E+00 +-  0.13227773E-03
============================================================================
 Grid for Green's function
  K-points
  Class
    1         0.00000   0.00000

    2         0.00000  -0.78540
              0.00000   0.78540
             -0.78540   0.00000
              0.78540   0.00000

    3        -0.78540  -0.78540
              0.78540  -0.78540
             -0.78540   0.78540
              0.78540   0.78540

    4         0.00000  -1.57080
              0.00000   1.57080
             -1.57080   0.00000
              1.57080   0.00000

    5        -0.78540  -1.57080
              0.78540  -1.57080
             -0.78540   1.57080
              0.78540   1.57080
             -1.57080  -0.78540
             -1.57080   0.78540
              1.57080  -0.78540
              1.57080   0.78540

    6        -1.57080  -1.57080
              1.57080  -1.57080
             -1.57080   1.57080
              1.57080   1.57080

    7         0.00000  -2.35619
              0.00000   2.35619
             -2.35619   0.00000
              2.35619   0.00000

    8        -0.78540  -2.35619
              0.78540  -2.35619
             -0.78540   2.35619
              0.78540   2.35619
             -2.35619  -0.78540
             -2.35619   0.78540
              2.35619  -0.78540
              2.35619   0.78540

    9        -1.57080  -2.35619
              1.57080  -2.35619
             -1.57080   2.35619
              1.57080   2.35619
             -2.35619  -1.57080
             -2.35619   1.57080
              2.35619  -1.57080
              2.35619   1.57080

   10         0.00000  -3.14159
             -3.14159   0.00000

   11        -0.78540  -3.14159
              0.78540  -3.14159
             -3.14159  -0.78540
             -3.14159   0.78540

   12        -2.35619  -2.35619
              2.35619  -2.35619
             -2.35619   2.35619
              2.35619   2.35619

   13        -1.57080  -3.14159
              1.57080  -3.14159
             -3.14159  -1.57080
             -3.14159   1.57080

   14        -2.35619  -3.14159
              2.35619  -3.14159
             -3.14159  -2.35619
             -3.14159   2.35619

   15        -3.14159  -3.14159

============================================================================
 Grid for spin/charge correlations
  K-points
  Class
    1         0.00000   0.00000

    2         0.00000  -0.78540
              0.00000   0.78540
             -0.78540   0.00000
              0.78540   0.00000

    3        -0.78540  -0.78540
              0.78540  -0.78540
             -0.78540   0.78540
              0.78540   0.78540

    4         0.00000  -1.57080
              0.00000   1.57080
             -1.57080   0.00000
              1.57080   0.00000

    5        -0.78540  -1.57080
              0.78540  -1.57080
             -0.78540   1.57080
              0.78540   1.57080
             -1.57080  -0.78540
             -1.57080   0.78540
              1.57080  -0.78540
              1.57080   0.78540

    6        -1.57080  -1.57080
              1.57080  -1.57080
             -1.57080   1.57080
              1.57080   1.57080

    7         0.00000  -2.35619
              0.00000   2.35619
             -2.35619   0.00000
              2.35619   0.00000

    8        -0.78540  -2.35619
              0.78540  -2.35619
             -0.78540   2.35619
              0.78540   2.35619
             -2.35619  -0.78540
             -2.35619   0.78540
              2.35619  -0.78540
              2.35619   0.78540

    9        -1.57080  -2.35619
              1.57080  -2.35619
             -1.57080   2.35619
              1.57080   2.35619
             -2.35619  -1.57080
             -2.35619   1.57080
              2.35619  -1.57080
              2.35619   1.57080

   10         0.00000  -3.14159
             -3.14159   0.00000

   11        -0.78540  -3.14159
              0.78540  -3.14159
             -3.14159  -0.78540
             -3.14159   0.78540

   12        -2.35619  -2.35619
              2.35619  -2.35619
             -2.35619   2.35619
              2.35619   2.35619

   13        -1.57080  -3.14159
              1.57080  -3.14159
             -3.14159  -1.57080
             -3.14159   1.57080

   14        -2.35619  -3.14159
              2.35619  -3.14159
             -3.14159  -2.35619
             -3.14159   2.35619

   15        -3.14159  -3.14159

============================================================================
 FT of Ave Equal t Green's function:
    1    0    0                 0.42513309E-01 +-  0.63246201E-04
    2    0    0                 0.52680711E-01 +-  0.69000888E-04
    3    0    0                 0.68161272E-01 +-  0.87169093E-04
    4    0    0                 0.11065017E+00 +-  0.12197646E-03
    5    0    0                 0.16890946E+00 +-  0.14565712E-03
    6    0    0                 0.50000000E+00 +-  0.00000000E+00
    7    0    0                 0.33200998E+00 +-  0.11797691E-03
    8    0    0                 0.50000000E+00 +-  0.15326507E-14
    9    0    0                 0.83109054E+00 +-  0.14565712E-03
   10    0    0                 0.50000000E+00 +-  0.13529242E-14
   11    0    0                 0.66799002E+00 +-  0.11797691E-03
   12    0    0                 0.93183873E+00 +-  0.87169093E-04
   13    0    0                 0.88934983E+00 +-  0.12197646E-03
   14    0    0                 0.94731929E+00 +-  0.69000888E-04
   15    0    0                 0.95748669E+00 +-  0.63246201E-04
============================================================================
 FT of Up Equal t Green's function:
    1    0    0                 0.42528212E-01 +-  0.81373762E-04
    2    0    0                 0.52685949E-01 +-  0.85705642E-04
    3    0    0                 0.68151271E-01 +-  0.10859951E-03
    4    0    0                 0.11062080E+00 +-  0.16848910E-03
    5    0    0                 0.16881529E+00 +-  0.25463278E-03
    6    0    0                 0.49968390E+00 +-  0.54928412E-03
    7    0    0                 0.33197194E+00 +-  0.45476007E-03
    8    0    0                 0.49992781E+00 +-  0.55182766E-03
    9    0    0                 0.83099636E+00 +-  0.31527585E-03
   10    0    0                 0.49986127E+00 +-  0.58466807E-03
   11    0    0                 0.66795199E+00 +-  0.51758670E-03
   12    0    0                 0.93182873E+00 +-  0.13254286E-03
   13    0    0                 0.88932045E+00 +-  0.21401342E-03
   14    0    0                 0.94732453E+00 +-  0.10191046E-03
   15    0    0                 0.95750159E+00 +-  0.92961125E-04
============================================================================
 FT of Dn Equal t Green's function:
    1    0    0                 0.42498407E-01 +-  0.92961125E-04
    2    0    0                 0.52675473E-01 +-  0.10191046E-03
    3    0    0                 0.68171272E-01 +-  0.13254286E-03
    4    0    0                 0.11067955E+00 +-  0.21401342E-03
    5    0    0                 0.16900364E+00 +-  0.31527585E-03
    6    0    0                 0.50031610E+00 +-  0.54928412E-03
    7    0    0                 0.33204801E+00 +-  0.51758670E-03
    8    0    0                 0.50007219E+00 +-  0.55182766E-03
    9    0    0                 0.83118471E+00 +-  0.25463278E-03
   10    0    0                 0.50013873E+00 +-  0.58466807E-03
   11    0    0                 0.66802806E+00 +-  0.45476007E-03
   12    0    0                 0.93184873E+00 +-  0.10859951E-03
   13    0    0                 0.88937920E+00 +-  0.16848910E-03
   14    0    0                 0.94731405E+00 +-  0.85705642E-04
   15    0    0                 0.95747179E+00 +-  0.81373762E-04
============================================================================
 FT of Density-density correlation fn: (up-up)
    1    0    0                 0.16097747E+02 +-  0.55431760E-03
    2    0    0                 0.12429205E+00 +-  0.29670845E-03
    3    0    0                 0.14708158E+00 +-  0.27259625E-03
    4    0    0                 0.17871654E+00 +-  0.31430767E-03
    5    0    0                 0.19636279E+00 +-  0.26729258E-03
    6    0    0                 0.24338534E+00 +-  0.40171703E-03
    7    0    0                 0.22111214E+00 +-  0.36006166E-03
    8    0    0                 0.23993191E+00 +-  0.28117383E-03
    9    0    0                 0.29398938E+00 +-  0.36998909E-03
   10    0    0                 0.23610269E+00 +-  0.47160977E-03
   11    0    0                 0.25512318E+00 +-  0.34959457E-03
   12    0    0                 0.37276614E+00 +-  0.90009587E-03
   13    0    0                 0.31380931E+00 +-  0.56251535E-03
   14    0    0                 0.41747363E+00 +-  0.99583965E-03
   15    0    0                 0.49273518E+00 +-  0.33559907E-02
============================================================================
 FT of Density-density correlation fn: (up-dn)
    1    0    0                 0.15936638E+02 +-  0.55460606E-03
    2    0    0                -0.67165378E-01 +-  0.29457202E-03
    3    0    0                -0.72839250E-01 +-  0.26996141E-03
    4    0    0                -0.80292391E-01 +-  0.31084781E-03
    5    0    0                -0.86700941E-01 +-  0.26190551E-03
    6    0    0                -0.10692904E+00 +-  0.40014258E-03
    7    0    0                -0.91080578E-01 +-  0.34728133E-03
    8    0    0                -0.10081234E+00 +-  0.28289267E-03
    9    0    0                -0.13200398E+00 +-  0.36648196E-03
   10    0    0                -0.94843026E-01 +-  0.47351201E-03
   11    0    0                -0.10503444E+00 +-  0.35641468E-03
   12    0    0                -0.18735545E+00 +-  0.90533784E-03
   13    0    0                -0.14168707E+00 +-  0.56411134E-03
   14    0    0                -0.22229775E+00 +-  0.10035741E-02
   15    0    0                -0.28784051E+00 +-  0.33658686E-02
============================================================================
 FT of XX spin correlation fn:
    1    0    0                 0.32202556E+00 +-  0.40550496E-03
    2    0    0                 0.38299528E+00 +-  0.32030295E-03
    3    0    0                 0.43862489E+00 +-  0.27216287E-03
    4    0    0                 0.51472843E+00 +-  0.21615067E-03
    5    0    0                 0.56621456E+00 +-  0.17780206E-03
    6    0    0                 0.70267380E+00 +-  0.12573193E-03
    7    0    0                 0.62479701E+00 +-  0.17893692E-03
    8    0    0                 0.68031840E+00 +-  0.13866508E-03
    9    0    0                 0.85221928E+00 +-  0.11742877E-03
   10    0    0                 0.66473642E+00 +-  0.20766060E-03
   11    0    0                 0.72120975E+00 +-  0.17168734E-03
   12    0    0                 0.11172855E+01 +-  0.22223855E-03
   13    0    0                 0.91444062E+00 +-  0.14032385E-03
   14    0    0                 0.12771326E+01 +-  0.33547990E-03
   15    0    0                 0.15744362E+01 +-  0.72432688E-03
============================================================================
 FT of ZZ spin correlation fn:
    1    0    0                 0.32221809E+00 +-  0.22174712E-02
    2    0    0                 0.38291486E+00 +-  0.11812325E-02
    3    0    0                 0.43984166E+00 +-  0.10832409E-02
    4    0    0                 0.51801786E+00 +-  0.12479489E-02
    5    0    0                 0.56612747E+00 +-  0.10554430E-02
    6    0    0                 0.70062876E+00 +-  0.16012042E-02
    7    0    0                 0.62438543E+00 +-  0.14121445E-02
    8    0    0                 0.68148850E+00 +-  0.11244674E-02
    9    0    0                 0.85198671E+00 +-  0.14694849E-02
   10    0    0                 0.66189143E+00 +-  0.18880250E-02
   11    0    0                 0.72031523E+00 +-  0.14089018E-02
   12    0    0                 0.11202432E+01 +-  0.36090485E-02
   13    0    0                 0.91099275E+00 +-  0.22507866E-02
   14    0    0                 0.12795428E+01 +-  0.39970131E-02
   15    0    0                 0.15611514E+01 +-  0.13443113E-01
============================================================================
 FT of Average spin correlation fn:
    1    0    0                 0.32208974E+00 +-  0.83324082E-03
    2    0    0                 0.38296847E+00 +-  0.45742220E-03
    3    0    0                 0.43903048E+00 +-  0.41652918E-03
    4    0    0                 0.51582490E+00 +-  0.43669379E-03
    5    0    0                 0.56618553E+00 +-  0.36109838E-03
    6    0    0                 0.70199212E+00 +-  0.53233280E-03
    7    0    0                 0.62465981E+00 +-  0.46215863E-03
    8    0    0                 0.68070844E+00 +-  0.39085734E-03
    9    0    0                 0.85214175E+00 +-  0.49613794E-03
   10    0    0                 0.66378809E+00 +-  0.64321323E-03
   11    0    0                 0.72091158E+00 +-  0.49864562E-03
   12    0    0                 0.11182714E+01 +-  0.12061692E-02
   13    0    0                 0.91329133E+00 +-  0.76146222E-03
   14    0    0                 0.12779360E+01 +-  0.12946150E-02
   15    0    0                 0.15700079E+01 +-  0.44076390E-02
============================================================================
 FT of Pairing correlation fn:
    1    0    0                 0.10244733E+00 +-  0.32282387E-04
    2    0    0                 0.97587939E-01 +-  0.30358523E-04
    3    0    0                 0.92705344E-01 +-  0.28768658E-04
    4    0    0                 0.86061122E-01 +-  0.26363701E-04
    5    0    0                 0.80992702E-01 +-  0.25275591E-04
    6    0    0                 0.68228148E-01 +-  0.22458961E-04
    7    0    0                 0.75044371E-01 +-  0.23687921E-04
    8    0    0                 0.69559782E-01 +-  0.22733567E-04
    9    0    0                 0.54830926E-01 +-  0.19935111E-04
   10    0    0                 0.70629832E-01 +-  0.22908259E-04
   11    0    0                 0.65015780E-01 +-  0.22132525E-04
   12    0    0                 0.37121166E-01 +-  0.15992514E-04
   13    0    0                 0.49212074E-01 +-  0.19282328E-04
   14    0    0                 0.28563337E-01 +-  0.14049824E-04
   15    0    0                 0.17192679E-01 +-  0.10211334E-04
============================================================================
 FT of Double-Double correlation fn: 
    1    0    0                 0.12362630E+01 +-  0.78281248E-03
    2    0    0                 0.88756017E-01 +-  0.23606969E-04
    3    0    0                 0.95214365E-01 +-  0.24294122E-04
    4    0    0                 0.10470353E+00 +-  0.28493682E-04
    5    0    0                 0.10832542E+00 +-  0.29303237E-04
    6    0    0                 0.11711549E+00 +-  0.33902741E-04
    7    0    0                 0.11640302E+00 +-  0.33572888E-04
    8    0    0                 0.11895727E+00 +-  0.33831328E-04
    9    0    0                 0.12555722E+00 +-  0.38560561E-04
   10    0    0                 0.12044548E+00 +-  0.34296319E-04
   11    0    0                 0.12287937E+00 +-  0.37131082E-04
   12    0    0                 0.13239323E+00 +-  0.42871988E-04
   13    0    0                 0.12891438E+00 +-  0.40908030E-04
   14    0    0                 0.13525272E+00 +-  0.45675104E-04
   15    0    0                 0.13784637E+00 +-  0.46361062E-04
============================================================================
 FT of Single-Single correlation fn: 
    1    0    0                 0.34459289E+02 +-  0.83350373E-02
    2    0    0                 0.24077072E+00 +-  0.62007048E-04
    3    0    0                 0.23237280E+00 +-  0.56181858E-04
    4    0    0                 0.22196581E+00 +-  0.61148542E-04
    5    0    0                 0.21397800E+00 +-  0.47796684E-04
    6    0    0                 0.19554937E+00 +-  0.55595355E-04
    7    0    0                 0.20554896E+00 +-  0.58417885E-04
    8    0    0                 0.19758997E+00 +-  0.49365078E-04
    9    0    0                 0.17825805E+00 +-  0.57321527E-04
   10    0    0                 0.19926259E+00 +-  0.67556514E-04
   11    0    0                 0.19134002E+00 +-  0.60818017E-04
   12    0    0                 0.15875156E+00 +-  0.63893602E-04
   13    0    0                 0.17141305E+00 +-  0.65093280E-04
   14    0    0                 0.15065912E+00 +-  0.69780721E-04
   15    0    0                 0.14159615E+00 +-  0.71153774E-04
============================================================================
 Pair-field correlation function - accumulated:
s-wave                          0.20489467E+00 +-  0.64564774E-04
s*-wave                         0.54133189E+00 +-  0.11240791E-03
s**-wave                        0.31931298E+00 +-  0.86828729E-04
d-wave                          0.33651053E+00 +-  0.18867790E-03
d*-wave                         0.31214240E+00 +-  0.12373490E-03
============================================================================
