 General Geometry - Free Format                                                  
                          U :            4.000000
                       t_up :            1.000000
                       t_dn :            1.000000
                      mu_up :            0.000000
                      mu_dn :            0.000000
             Time slice - L :           80
            Number of sites :           64
                       dtau :            0.025000
                       beta :            2.000000
     Number of warmup sweep :         5000
Number of measurement sweep :        20000
   Frequency of measurement :            0
                Random seed :            2
 Frequency of recomputing G :           15
Global move number of sites :            0
               Accept count :     66293322
               Reject count :     61624857
    Approximate accept rate :            0.518248
                      gamma :            0.811941
           Type of matrix B : Dense MatB  
         Type of matrix HSF : discrete
 Sign of equal time measurements:
                   Avg sign :   0.10000000E+01 +-  0.00000000E+00
                Avg up sign :   0.10000000E+01 +-  0.00000000E+00
                Avg dn sign :   0.10000000E+01 +-  0.00000000E+00
============================================================================
 Equal time measurements:
          Up spin occupancy :   0.50105411E+00 +-  0.45424668E-03
        Down spin occupancy :   0.49894589E+00 +-  0.45424668E-03
             <U*N_up*N_dn>  :   0.53928303E+00 +-  0.31902742E-03
             Kinetic energy :  -0.32531001E+01 +-  0.52046872E-03
               Total energy :  -0.17138171E+01 +-  0.26945037E-03
                    Density :   0.10000000E+01 +-  0.00000000E+00
                Chi_thermal :  -0.25600000E+03 +-  0.16117490E-10
              Specific heat :   0.11338143E+04 +-  0.19299904E+01
  XX Ferro structure factor :   0.32417825E+00 +-  0.65439038E-03
  ZZ Ferro structure factor :   0.32528210E+00 +-  0.36771952E-02
     XX AF structure factor :   0.15675126E+01 +-  0.11208037E-02
  Root Mean Square of XX AF :   0.16009268E+01 +-  0.13690866E-02
     ZZ AF structure factor :   0.15521426E+01 +-  0.22572549E-01
  Root Mean Square of ZZ AF :   0.21563120E+01 +-  0.34641192E-01
           Potential energy :  -0.46071697E+00 +-  0.31902742E-03
             Hopping energy :  -0.12531001E+01 +-  0.52046872E-03
           Double occupancy :   0.13482076E+00 +-  0.79756854E-04
      Magnetisation squared :   0.18258962E+00 +-  0.39878427E-04
============================================================================
 Mean Equal time Green's function:
  0  0 64   0.00   0.00   0.00  0.50000000E+00 +-  0.00000000E+00
  0  0256   1.00   0.00   0.00 -0.15663752E+00 +-  0.65058590E-04
  0  0256   2.00   0.00   0.00  0.29758170E-21 +-  0.12749881E-20
  0  0256   3.00   0.00   0.00  0.26828321E-02 +-  0.10976604E-04
  0  0128   4.00   0.00   0.00  0.10186945E-20 +-  0.49598067E-21
  0  0256   1.00   1.00   0.00  0.20907404E-21 +-  0.19631690E-20
  0  0512   2.00   1.00   0.00  0.26878644E-01 +-  0.35317434E-04
  0  0512   3.00   1.00   0.00 -0.53062187E-21 +-  0.76519179E-21
  0  0256   4.00   1.00   0.00 -0.35994834E-02 +-  0.89703222E-05
  0  0256   2.00   2.00   0.00 -0.33573907E-21 +-  0.12932720E-20
  0  0512   3.00   2.00   0.00 -0.68414851E-02 +-  0.15401128E-04
  0  0256   4.00   2.00   0.00 -0.20985148E-21 +-  0.64741133E-21
  0  0256   3.00   3.00   0.00  0.45828991E-22 +-  0.56876653E-21
  0  0256   4.00   3.00   0.00  0.32397867E-02 +-  0.93378445E-05
  0  0 64   4.00   4.00   0.00 -0.15682468E-21 +-  0.55145991E-21
============================================================================
 Up Equal time Green's function:
  0  0 64   0.00   0.00   0.00  0.49894589E+00 +-  0.45424668E-03
  0  0256   1.00   0.00   0.00 -0.15663752E+00 +-  0.65058590E-04
  0  0256   2.00   0.00   0.00  0.31655834E-04 +-  0.29084542E-04
  0  0256   3.00   0.00   0.00  0.26828321E-02 +-  0.10976604E-04
  0  0128   4.00   0.00   0.00  0.38137889E-04 +-  0.18047240E-04
  0  0256   1.00   1.00   0.00  0.36482089E-03 +-  0.13896789E-03
  0  0512   2.00   1.00   0.00  0.26878644E-01 +-  0.35317434E-04
  0  0512   3.00   1.00   0.00 -0.58278178E-04 +-  0.23224413E-04
  0  0256   4.00   1.00   0.00 -0.35994834E-02 +-  0.89703222E-05
  0  0256   2.00   2.00   0.00 -0.16642550E-03 +-  0.58218013E-04
  0  0512   3.00   2.00   0.00 -0.68414851E-02 +-  0.15401128E-04
  0  0256   4.00   2.00   0.00  0.84906687E-04 +-  0.29457391E-04
  0  0256   3.00   3.00   0.00  0.33029101E-04 +-  0.15890197E-04
  0  0256   4.00   3.00   0.00  0.32397867E-02 +-  0.93378445E-05
  0  0 64   4.00   4.00   0.00 -0.85381142E-04 +-  0.38561133E-04
============================================================================
 Down Equal time Green's function:
  0  0 64   0.00   0.00   0.00  0.50105411E+00 +-  0.45424668E-03
  0  0256   1.00   0.00   0.00 -0.15663752E+00 +-  0.65058590E-04
  0  0256   2.00   0.00   0.00 -0.31655834E-04 +-  0.29084542E-04
  0  0256   3.00   0.00   0.00  0.26828321E-02 +-  0.10976604E-04
  0  0128   4.00   0.00   0.00 -0.38137889E-04 +-  0.18047240E-04
  0  0256   1.00   1.00   0.00 -0.36482089E-03 +-  0.13896789E-03
  0  0512   2.00   1.00   0.00  0.26878644E-01 +-  0.35317434E-04
  0  0512   3.00   1.00   0.00  0.58278178E-04 +-  0.23224413E-04
  0  0256   4.00   1.00   0.00 -0.35994834E-02 +-  0.89703222E-05
  0  0256   2.00   2.00   0.00  0.16642550E-03 +-  0.58218013E-04
  0  0512   3.00   2.00   0.00 -0.68414851E-02 +-  0.15401128E-04
  0  0256   4.00   2.00   0.00 -0.84906687E-04 +-  0.29457391E-04
  0  0256   3.00   3.00   0.00 -0.33029101E-04 +-  0.15890197E-04
  0  0256   4.00   3.00   0.00  0.32397867E-02 +-  0.93378445E-05
  0  0 64   4.00   4.00   0.00  0.85381142E-04 +-  0.38561133E-04
============================================================================
 Density-density correlation fn: (up-up)
  0  0 64   0.00   0.00   0.00  0.50000000E+00 +-  0.00000000E+00
  0  0256   1.00   0.00   0.00  0.20940312E+00 +-  0.12966413E-03
  0  0256   2.00   0.00   0.00  0.25262938E+00 +-  0.12611783E-03
  0  0256   3.00   0.00   0.00  0.24955653E+00 +-  0.12929605E-03
  0  0128   4.00   0.00   0.00  0.25008337E+00 +-  0.17603395E-03
  0  0256   1.00   1.00   0.00  0.25598221E+00 +-  0.13129282E-03
  0  0512   2.00   1.00   0.00  0.24661256E+00 +-  0.11014142E-03
  0  0512   3.00   1.00   0.00  0.25045945E+00 +-  0.10873499E-03
  0  0256   4.00   1.00   0.00  0.24983677E+00 +-  0.13244020E-03
  0  0256   2.00   2.00   0.00  0.25118118E+00 +-  0.11994661E-03
  0  0512   3.00   2.00   0.00  0.24954081E+00 +-  0.11171622E-03
  0  0256   4.00   2.00   0.00  0.25012395E+00 +-  0.12493028E-03
  0  0256   3.00   3.00   0.00  0.25027893E+00 +-  0.13886886E-03
  0  0256   4.00   3.00   0.00  0.24984966E+00 +-  0.15781241E-03
  0  0 64   4.00   4.00   0.00  0.25008762E+00 +-  0.21010750E-03
============================================================================
 Density-density correlation fn: (up-dn)
  0  0 64   0.00   0.00   0.00  0.13482076E+00 +-  0.79756854E-04
  0  0256   1.00   0.00   0.00  0.27075024E+00 +-  0.12865087E-03
  0  0256   2.00   0.00   0.00  0.24666301E+00 +-  0.12608465E-03
  0  0256   3.00   0.00   0.00  0.25036850E+00 +-  0.12930018E-03
  0  0128   4.00   0.00   0.00  0.24988931E+00 +-  0.17603772E-03
  0  0256   1.00   1.00   0.00  0.24153572E+00 +-  0.13140708E-03
  0  0512   2.00   1.00   0.00  0.25273285E+00 +-  0.11010427E-03
  0  0512   3.00   1.00   0.00  0.24944615E+00 +-  0.10873930E-03
  0  0256   4.00   1.00   0.00  0.25013028E+00 +-  0.13244259E-03
  0  0256   2.00   2.00   0.00  0.24859126E+00 +-  0.11998723E-03
  0  0512   3.00   2.00   0.00  0.25039311E+00 +-  0.11168258E-03
  0  0256   4.00   2.00   0.00  0.24984060E+00 +-  0.12494770E-03
  0  0256   3.00   3.00   0.00  0.24969404E+00 +-  0.13889173E-03
  0  0256   4.00   3.00   0.00  0.25013070E+00 +-  0.15779880E-03
  0  0 64   4.00   4.00   0.00  0.24988922E+00 +-  0.21012586E-03
============================================================================
 XX Spin correlation function:
  0  0 64   0.00   0.00   0.00  0.73035848E+00 +-  0.15951371E-03
  0  0256   1.00   0.00   0.00 -0.12248117E+00 +-  0.12535261E-03
  0  0256   2.00   0.00   0.00  0.11705369E-01 +-  0.33295660E-04
  0  0256   3.00   0.00   0.00 -0.27203969E-02 +-  0.11163155E-04
  0  0128   4.00   0.00   0.00  0.13563771E-02 +-  0.75746875E-05
  0  0256   1.00   1.00   0.00  0.28633923E-01 +-  0.55908957E-04
  0  0512   2.00   1.00   0.00 -0.11947087E-01 +-  0.32755589E-04
  0  0512   3.00   1.00   0.00  0.27294416E-02 +-  0.99914609E-05
  0  0256   4.00   1.00   0.00 -0.13674482E-02 +-  0.68091368E-05
  0  0256   2.00   2.00   0.00  0.49724001E-02 +-  0.18024419E-04
  0  0512   3.00   2.00   0.00 -0.20656442E-02 +-  0.86827158E-05
  0  0256   4.00   2.00   0.00  0.11801334E-02 +-  0.55343191E-05
  0  0256   3.00   3.00   0.00  0.10607714E-02 +-  0.60709488E-05
  0  0256   4.00   3.00   0.00 -0.82231152E-03 +-  0.50421334E-05
  0  0 64   4.00   4.00   0.00  0.72826202E-03 +-  0.55504508E-05
============================================================================
 ZZ Spin correlation function:
  0  0 64   0.00   0.00   0.00  0.73035848E+00 +-  0.15951371E-03
  0  0256   1.00   0.00   0.00 -0.12269422E+00 +-  0.51631053E-03
  0  0256   2.00   0.00   0.00  0.11932736E-01 +-  0.50440243E-03
  0  0256   3.00   0.00   0.00 -0.16239372E-02 +-  0.51719237E-03
  0  0128   4.00   0.00   0.00  0.38811768E-03 +-  0.70414331E-03
  0  0256   1.00   1.00   0.00  0.28892988E-01 +-  0.52538146E-03
  0  0512   2.00   1.00   0.00 -0.12240569E-01 +-  0.44048805E-03
  0  0512   3.00   1.00   0.00  0.20265851E-02 +-  0.43494846E-03
  0  0256   4.00   1.00   0.00 -0.58700238E-03 +-  0.52976554E-03
  0  0256   2.00   2.00   0.00  0.51798344E-02 +-  0.47986684E-03
  0  0512   3.00   2.00   0.00 -0.17045931E-02 +-  0.44679748E-03
  0  0256   4.00   2.00   0.00  0.56670654E-03 +-  0.49975591E-03
  0  0256   3.00   3.00   0.00  0.11697739E-02 +-  0.55552113E-03
  0  0256   4.00   3.00   0.00 -0.56207363E-03 +-  0.63122241E-03
  0  0 64   4.00   4.00   0.00  0.39678689E-03 +-  0.84046668E-03
============================================================================
 Average Spin correlation function:
  0  0 64   0.00   0.00   0.00  0.73035848E+00 +-  0.15951371E-03
  0  0256   1.00   0.00   0.00 -0.12255219E+00 +-  0.18639695E-03
  0  0256   2.00   0.00   0.00  0.11781158E-01 +-  0.16679588E-03
  0  0256   3.00   0.00   0.00 -0.23549103E-02 +-  0.17239021E-03
  0  0128   4.00   0.00   0.00  0.10336240E-02 +-  0.23471064E-03
  0  0256   1.00   1.00   0.00  0.28720278E-01 +-  0.17234364E-03
  0  0512   2.00   1.00   0.00 -0.12044914E-01 +-  0.14889424E-03
  0  0512   3.00   1.00   0.00  0.24951561E-02 +-  0.14485114E-03
  0  0256   4.00   1.00   0.00 -0.11072996E-02 +-  0.17660653E-03
  0  0256   2.00   2.00   0.00  0.50415449E-02 +-  0.16140520E-03
  0  0512   3.00   2.00   0.00 -0.19452938E-02 +-  0.14971681E-03
  0  0256   4.00   2.00   0.00  0.97565776E-03 +-  0.16732946E-03
  0  0256   3.00   3.00   0.00  0.10971055E-02 +-  0.18556981E-03
  0  0256   4.00   3.00   0.00 -0.73556556E-03 +-  0.21094513E-03
  0  0 64   4.00   4.00   0.00  0.61777031E-03 +-  0.28047858E-03
============================================================================
 Pairing correlation function:
  0  0 64   0.00   0.00   0.00  0.67410379E-01 +-  0.39878427E-04
  0  0256   1.00   0.00   0.00  0.99233192E-02 +-  0.45696321E-05
  0  0256   2.00   0.00   0.00 -0.35380175E-03 +-  0.39923097E-06
  0  0256   3.00   0.00   0.00  0.37482109E-04 +-  0.81761295E-07
  0  0128   4.00   0.00   0.00 -0.13658687E-04 +-  0.51519325E-07
  0  0256   1.00   1.00   0.00 -0.12410321E-02 +-  0.10987182E-05
  0  0512   2.00   1.00   0.00  0.32729576E-03 +-  0.42882161E-06
  0  0512   3.00   1.00   0.00 -0.47199934E-04 +-  0.81749511E-07
  0  0256   4.00   1.00   0.00  0.16475200E-04 +-  0.40465237E-07
  0  0256   2.00   2.00   0.00 -0.11378055E-03 +-  0.22713131E-06
  0  0512   3.00   2.00   0.00  0.33036860E-04 +-  0.80975371E-07
  0  0256   4.00   2.00   0.00 -0.17722027E-04 +-  0.53568487E-07
  0  0256   3.00   3.00   0.00 -0.13515976E-04 +-  0.51163878E-07
  0  0256   4.00   3.00   0.00  0.98208301E-05 +-  0.36908094E-07
  0  0 64   4.00   4.00   0.00 -0.11580067E-04 +-  0.62066153E-07
============================================================================
 Double-Double correlation function:
  0  0 64   0.00   0.00   0.00  0.13482076E+00 +-  0.79756854E-04
  0  0256   1.00   0.00   0.00  0.11521723E-01 +-  0.14484963E-04
  0  0256   2.00   0.00   0.00  0.17874068E-01 +-  0.21184387E-04
  0  0256   3.00   0.00   0.00  0.18138015E-01 +-  0.21625561E-04
  0  0128   4.00   0.00   0.00  0.18158396E-01 +-  0.21577255E-04
  0  0256   1.00   1.00   0.00  0.16807167E-01 +-  0.20849374E-04
  0  0512   2.00   1.00   0.00  0.17897410E-01 +-  0.21027909E-04
  0  0512   3.00   1.00   0.00  0.18129893E-01 +-  0.21563602E-04
  0  0256   4.00   1.00   0.00  0.18161496E-01 +-  0.21622889E-04
  0  0256   2.00   2.00   0.00  0.18056842E-01 +-  0.21404557E-04
  0  0512   3.00   2.00   0.00  0.18144979E-01 +-  0.21577187E-04
  0  0256   4.00   2.00   0.00  0.18157667E-01 +-  0.21397355E-04
  0  0256   3.00   3.00   0.00  0.18161026E-01 +-  0.21841839E-04
  0  0256   4.00   3.00   0.00  0.18166006E-01 +-  0.21644268E-04
  0  0 64   4.00   4.00   0.00  0.18154268E-01 +-  0.22009484E-04
============================================================================
 Single-Single correlation function:
  0  0 64   0.00   0.00   0.00  0.73035848E+00 +-  0.15951371E-03
  0  0256   1.00   0.00   0.00  0.54649713E+00 +-  0.24638653E-03
  0  0256   2.00   0.00   0.00  0.53362844E+00 +-  0.23433428E-03
  0  0256   3.00   0.00   0.00  0.53341895E+00 +-  0.23315564E-03
  0  0128   4.00   0.00   0.00  0.53340518E+00 +-  0.23368605E-03
  0  0256   1.00   1.00   0.00  0.53290976E+00 +-  0.23390752E-03
  0  0512   2.00   1.00   0.00  0.53361579E+00 +-  0.23360817E-03
  0  0512   3.00   1.00   0.00  0.53342534E+00 +-  0.23287001E-03
  0  0256   4.00   1.00   0.00  0.53342885E+00 +-  0.23308352E-03
  0  0256   2.00   2.00   0.00  0.53339946E+00 +-  0.23323858E-03
  0  0512   3.00   2.00   0.00  0.53342903E+00 +-  0.23278736E-03
  0  0256   4.00   2.00   0.00  0.53341852E+00 +-  0.23380077E-03
  0  0256   3.00   3.00   0.00  0.53341513E+00 +-  0.23230807E-03
  0  0256   4.00   3.00   0.00  0.53342027E+00 +-  0.23311270E-03
  0  0 64   4.00   4.00   0.00  0.53338036E+00 +-  0.23316770E-03
============================================================================
 Grid for Green's function
  K-points
  Class
    1         0.00000   0.00000

    2         0.00000  -0.78540
              0.00000   0.78540
             -0.78540   0.00000
              0.78540   0.00000

    3        -0.78540  -0.78540
              0.78540  -0.78540
             -0.78540   0.78540
              0.78540   0.78540

    4         0.00000  -1.57080
              0.00000   1.57080
             -1.57080   0.00000
              1.57080   0.00000

    5        -0.78540  -1.57080
              0.78540  -1.57080
             -0.78540   1.57080
              0.78540   1.57080
             -1.57080  -0.78540
             -1.57080   0.78540
              1.57080  -0.78540
              1.57080   0.78540

    6        -1.57080  -1.57080
              1.57080  -1.57080
             -1.57080   1.57080
              1.57080   1.57080

    7         0.00000  -2.35619
              0.00000   2.35619
             -2.35619   0.00000
              2.35619   0.00000

    8        -0.78540  -2.35619
              0.78540  -2.35619
             -0.78540   2.35619
              0.78540   2.35619
             -2.35619  -0.78540
             -2.35619   0.78540
              2.35619  -0.78540
              2.35619   0.78540

    9        -1.57080  -2.35619
              1.57080  -2.35619
             -1.57080   2.35619
              1.57080   2.35619
             -2.35619  -1.57080
             -2.35619   1.57080
              2.35619  -1.57080
              2.35619   1.57080

   10         0.00000  -3.14159
             -3.14159   0.00000

   11        -0.78540  -3.14159
              0.78540  -3.14159
             -3.14159  -0.78540
             -3.14159   0.78540

   12        -2.35619  -2.35619
              2.35619  -2.35619
             -2.35619   2.35619
              2.35619   2.35619

   13        -1.57080  -3.14159
              1.57080  -3.14159
             -3.14159  -1.57080
             -3.14159   1.57080

   14        -2.35619  -3.14159
              2.35619  -3.14159
             -3.14159  -2.35619
             -3.14159   2.35619

   15        -3.14159  -3.14159

============================================================================
 Grid for spin/charge correlations
  K-points
  Class
    1         0.00000   0.00000

    2         0.00000  -0.78540
              0.00000   0.78540
             -0.78540   0.00000
              0.78540   0.00000

    3        -0.78540  -0.78540
              0.78540  -0.78540
             -0.78540   0.78540
              0.78540   0.78540

    4         0.00000  -1.57080
              0.00000   1.57080
             -1.57080   0.00000
              1.57080   0.00000

    5        -0.78540  -1.57080
              0.78540  -1.57080
             -0.78540   1.57080
              0.78540   1.57080
             -1.57080  -0.78540
             -1.57080   0.78540
              1.57080  -0.78540
              1.57080   0.78540

    6        -1.57080  -1.57080
              1.57080  -1.57080
             -1.57080   1.57080
              1.57080   1.57080

    7         0.00000  -2.35619
              0.00000   2.35619
             -2.35619   0.00000
              2.35619   0.00000

    8        -0.78540  -2.35619
              0.78540  -2.35619
             -0.78540   2.35619
              0.78540   2.35619
             -2.35619  -0.78540
             -2.35619   0.78540
              2.35619  -0.78540
              2.35619   0.78540

    9        -1.57080  -2.35619
              1.57080  -2.35619
             -1.57080   2.35619
              1.57080   2.35619
             -2.35619  -1.57080
             -2.35619   1.57080
              2.35619  -1.57080
              2.35619   1.57080

   10         0.00000  -3.14159
             -3.14159   0.00000

   11        -0.78540  -3.14159
              0.78540  -3.14159
             -3.14159  -0.78540
             -3.14159   0.78540

   12        -2.35619  -2.35619
              2.35619  -2.35619
             -2.35619   2.35619
              2.35619   2.35619

   13        -1.57080  -3.14159
              1.57080  -3.14159
             -3.14159  -1.57080
             -3.14159   1.57080

   14        -2.35619  -3.14159
              2.35619  -3.14159
             -3.14159  -2.35619
             -3.14159   2.35619

   15        -3.14159  -3.14159

============================================================================
 FT of Ave Equal t Green's function:
    1    0    0                 0.43039744E-01 +-  0.10646769E-03
    2    0    0                 0.53199763E-01 +-  0.12135448E-03
    3    0    0                 0.68718379E-01 +-  0.14962249E-03
    4    0    0                 0.11122260E+00 +-  0.20767981E-03
    5    0    0                 0.16963988E+00 +-  0.24376347E-03
    6    0    0                 0.50000000E+00 +-  0.00000000E+00
    7    0    0                 0.33242028E+00 +-  0.19430333E-03
    8    0    0                 0.50000000E+00 +-  0.19756317E-14
    9    0    0                 0.83036012E+00 +-  0.24376347E-03
   10    0    0                 0.50000000E+00 +-  0.24129830E-14
   11    0    0                 0.66757972E+00 +-  0.19430333E-03
   12    0    0                 0.93128162E+00 +-  0.14962249E-03
   13    0    0                 0.88877740E+00 +-  0.20767981E-03
   14    0    0                 0.94680024E+00 +-  0.12135448E-03
   15    0    0                 0.95696026E+00 +-  0.10646769E-03
============================================================================
 FT of Up Equal t Green's function:
    1    0    0                 0.42902248E-01 +-  0.13467319E-03
    2    0    0                 0.53062978E-01 +-  0.15544438E-03
    3    0    0                 0.68531422E-01 +-  0.20473346E-03
    4    0    0                 0.11082508E+00 +-  0.33137000E-03
    5    0    0                 0.16877765E+00 +-  0.48775055E-03
    6    0    0                 0.49780483E+00 +-  0.89779755E-03
    7    0    0                 0.33040660E+00 +-  0.81462971E-03
    8    0    0                 0.49775542E+00 +-  0.90894210E-03
    9    0    0                 0.82949789E+00 +-  0.46226784E-03
   10    0    0                 0.49761215E+00 +-  0.94717875E-03
   11    0    0                 0.66556603E+00 +-  0.79687397E-03
   12    0    0                 0.93109466E+00 +-  0.20196641E-03
   13    0    0                 0.88837988E+00 +-  0.31651494E-03
   14    0    0                 0.94666345E+00 +-  0.16470061E-03
   15    0    0                 0.95682276E+00 +-  0.14789386E-03
============================================================================
 FT of Dn Equal t Green's function:
    1    0    0                 0.43177240E-01 +-  0.14789386E-03
    2    0    0                 0.53336548E-01 +-  0.16470061E-03
    3    0    0                 0.68905336E-01 +-  0.20196641E-03
    4    0    0                 0.11162012E+00 +-  0.31651494E-03
    5    0    0                 0.17050211E+00 +-  0.46226784E-03
    6    0    0                 0.50219517E+00 +-  0.89779755E-03
    7    0    0                 0.33443397E+00 +-  0.79687397E-03
    8    0    0                 0.50224458E+00 +-  0.90894210E-03
    9    0    0                 0.83122235E+00 +-  0.48775055E-03
   10    0    0                 0.50238785E+00 +-  0.94717875E-03
   11    0    0                 0.66959340E+00 +-  0.81462971E-03
   12    0    0                 0.93146858E+00 +-  0.20473346E-03
   13    0    0                 0.88917492E+00 +-  0.33137000E-03
   14    0    0                 0.94693702E+00 +-  0.15544438E-03
   15    0    0                 0.95709775E+00 +-  0.13467319E-03
============================================================================
 FT of Density-density correlation fn: (up-up)
    1    0    0                 0.16098524E+02 +-  0.91722983E-03
    2    0    0                 0.12451495E+00 +-  0.47020571E-03
    3    0    0                 0.14707083E+00 +-  0.50094251E-03
    4    0    0                 0.17820832E+00 +-  0.53238161E-03
    5    0    0                 0.19638016E+00 +-  0.40172966E-03
    6    0    0                 0.24396572E+00 +-  0.75623383E-03
    7    0    0                 0.22242442E+00 +-  0.52378711E-03
    8    0    0                 0.23923638E+00 +-  0.39037643E-03
    9    0    0                 0.29342290E+00 +-  0.54767310E-03
   10    0    0                 0.23727228E+00 +-  0.80362587E-03
   11    0    0                 0.25515939E+00 +-  0.60071287E-03
   12    0    0                 0.37413992E+00 +-  0.13274813E-02
   13    0    0                 0.31285097E+00 +-  0.83993887E-03
   14    0    0                 0.41759419E+00 +-  0.15292675E-02
   15    0    0                 0.49090117E+00 +-  0.56460542E-02
============================================================================
 FT of Density-density correlation fn: (up-dn)
    1    0    0                 0.15935883E+02 +-  0.92172496E-03
    2    0    0                -0.67342020E-01 +-  0.46539962E-03
    3    0    0                -0.72744289E-01 +-  0.48886266E-03
    4    0    0                -0.79620845E-01 +-  0.52591490E-03
    5    0    0                -0.86507532E-01 +-  0.39704217E-03
    6    0    0                -0.10716081E+00 +-  0.75880188E-03
    7    0    0                -0.92074193E-01 +-  0.52182034E-03
    8    0    0                -0.99743550E-01 +-  0.39157123E-03
    9    0    0                -0.13091905E+00 +-  0.55366999E-03
   10    0    0                -0.95620165E-01 +-  0.80307656E-03
   11    0    0                -0.10462266E+00 +-  0.60218138E-03
   12    0    0                -0.18804318E+00 +-  0.13325562E-02
   13    0    0                -0.14013203E+00 +-  0.84999346E-03
   14    0    0                -0.22165568E+00 +-  0.15554328E-02
   15    0    0                -0.28517012E+00 +-  0.56407777E-02
============================================================================
 FT of XX spin correlation fn:
    1    0    0                 0.32417825E+00 +-  0.65439038E-03
    2    0    0                 0.38455852E+00 +-  0.50447972E-03
    3    0    0                 0.43965286E+00 +-  0.41833362E-03
    4    0    0                 0.51517816E+00 +-  0.30978906E-03
    5    0    0                 0.56639043E+00 +-  0.27722834E-03
    6    0    0                 0.70214709E+00 +-  0.21328027E-03
    7    0    0                 0.62475562E+00 +-  0.25568779E-03
    8    0    0                 0.67990237E+00 +-  0.21736771E-03
    9    0    0                 0.85076906E+00 +-  0.17754013E-03
   10    0    0                 0.66461680E+00 +-  0.28825168E-03
   11    0    0                 0.72062847E+00 +-  0.24793828E-03
   12    0    0                 0.11140384E+01 +-  0.32698514E-03
   13    0    0                 0.91264164E+00 +-  0.20651095E-03
   14    0    0                 0.12727802E+01 +-  0.51211516E-03
   15    0    0                 0.15675126E+01 +-  0.11208037E-02
============================================================================
 FT of ZZ spin correlation fn:
    1    0    0                 0.32528210E+00 +-  0.36771952E-02
    2    0    0                 0.38371394E+00 +-  0.18685699E-02
    3    0    0                 0.43963024E+00 +-  0.19764814E-02
    4    0    0                 0.51565834E+00 +-  0.21121117E-02
    5    0    0                 0.56577538E+00 +-  0.15911958E-02
    6    0    0                 0.70225307E+00 +-  0.30258803E-02
    7    0    0                 0.62899723E+00 +-  0.20850393E-02
    8    0    0                 0.67795985E+00 +-  0.15552752E-02
    9    0    0                 0.84868389E+00 +-  0.21953999E-02
   10    0    0                 0.66578489E+00 +-  0.32090622E-02
   11    0    0                 0.71956410E+00 +-  0.23996726E-02
   12    0    0                 0.11243662E+01 +-  0.53162606E-02
   13    0    0                 0.90596599E+00 +-  0.33747159E-02
   14    0    0                 0.12784997E+01 +-  0.61659627E-02
   15    0    0                 0.15521426E+01 +-  0.22572549E-01
============================================================================
 FT of Average spin correlation fn:
    1    0    0                 0.32454620E+00 +-  0.13237059E-02
    2    0    0                 0.38427700E+00 +-  0.70937338E-03
    3    0    0                 0.43964532E+00 +-  0.69137960E-03
    4    0    0                 0.51533822E+00 +-  0.72226553E-03
    5    0    0                 0.56618542E+00 +-  0.55789584E-03
    6    0    0                 0.70218242E+00 +-  0.10270536E-02
    7    0    0                 0.62616949E+00 +-  0.71753929E-03
    8    0    0                 0.67925486E+00 +-  0.54581367E-03
    9    0    0                 0.85007401E+00 +-  0.73309040E-03
   10    0    0                 0.66500616E+00 +-  0.10865635E-02
   11    0    0                 0.72027368E+00 +-  0.81249093E-03
   12    0    0                 0.11174810E+01 +-  0.17759479E-02
   13    0    0                 0.91041642E+00 +-  0.11533806E-02
   14    0    0                 0.12746867E+01 +-  0.20451667E-02
   15    0    0                 0.15623893E+01 +-  0.75932006E-02
============================================================================
 FT of Pairing correlation fn:
    1    0    0                 0.10286552E+00 +-  0.56136067E-04
    2    0    0                 0.97969256E-01 +-  0.53118609E-04
    3    0    0                 0.93048369E-01 +-  0.50419190E-04
    4    0    0                 0.86359468E-01 +-  0.46892047E-04
    5    0    0                 0.81251925E-01 +-  0.44853775E-04
    6    0    0                 0.68402455E-01 +-  0.39849321E-04
    7    0    0                 0.75268365E-01 +-  0.42864805E-04
    8    0    0                 0.69746413E-01 +-  0.40997936E-04
    9    0    0                 0.54936313E-01 +-  0.35645461E-04
   10    0    0                 0.70826056E-01 +-  0.41752034E-04
   11    0    0                 0.65175115E-01 +-  0.40160848E-04
   12    0    0                 0.37163272E-01 +-  0.28462667E-04
   13    0    0                 0.49293740E-01 +-  0.34566288E-04
   14    0    0                 0.28586464E-01 +-  0.24960503E-04
   15    0    0                 0.17203423E-01 +-  0.18260793E-04
============================================================================
 FT of Double-Double correlation fn: 
    1    0    0                 0.12428461E+01 +-  0.13969141E-02
    2    0    0                 0.88871013E-01 +-  0.38600302E-04
    3    0    0                 0.95374110E-01 +-  0.43856545E-04
    4    0    0                 0.10486937E+00 +-  0.50367168E-04
    5    0    0                 0.10857069E+00 +-  0.51497272E-04
    6    0    0                 0.11739225E+00 +-  0.61391578E-04
    7    0    0                 0.11665652E+00 +-  0.60895543E-04
    8    0    0                 0.11924142E+00 +-  0.60819183E-04
    9    0    0                 0.12589669E+00 +-  0.67787310E-04
   10    0    0                 0.12073421E+00 +-  0.62533392E-04
   11    0    0                 0.12320065E+00 +-  0.65275774E-04
   12    0    0                 0.13277599E+00 +-  0.78104496E-04
   13    0    0                 0.12925953E+00 +-  0.72013893E-04
   14    0    0                 0.13566899E+00 +-  0.81216441E-04
   15    0    0                 0.13826997E+00 +-  0.85802258E-04
============================================================================
 FT of Single-Single correlation fn: 
    1    0    0                 0.34388457E+02 +-  0.14898922E-01
    2    0    0                 0.24113820E+00 +-  0.11269851E-03
    3    0    0                 0.23284335E+00 +-  0.10280544E-03
    4    0    0                 0.22230253E+00 +-  0.92582551E-04
    5    0    0                 0.21453751E+00 +-  0.76930234E-04
    6    0    0                 0.19595918E+00 +-  0.97419724E-04
    7    0    0                 0.20592560E+00 +-  0.10543367E-03
    8    0    0                 0.19798003E+00 +-  0.87427848E-04
    9    0    0                 0.17857906E+00 +-  0.97471808E-04
   10    0    0                 0.19963261E+00 +-  0.11795888E-03
   11    0    0                 0.19172914E+00 +-  0.10280454E-03
   12    0    0                 0.15891050E+00 +-  0.11931842E-03
   13    0    0                 0.17160023E+00 +-  0.10907277E-03
   14    0    0                 0.15079892E+00 +-  0.12300030E-03
   15    0    0                 0.14161778E+00 +-  0.13641237E-03
============================================================================
 Pair-field correlation function - accumulated:
s-wave                          0.20573105E+00 +-  0.11227213E-03
s*-wave                         0.53943632E+00 +-  0.19302171E-03
s**-wave                        0.31953100E+00 +-  0.13703570E-03
d-wave                          0.33592033E+00 +-  0.25882411E-03
d*-wave                         0.31195697E+00 +-  0.19719712E-03
============================================================================
Number of Green's function errors: 0
Running time: 22433.2871 (second)
