 General Geometry - Free Format                                                  
                          U :            4.000000
                       t_up :            1.000000
                       t_dn :            1.000000
                      mu_up :            0.000000
                      mu_dn :            0.000000
             Time slice - L :           80
            Number of sites :           64
                       dtau :            0.025000
                       beta :            2.000000
     Number of warmup sweep :         5000
Number of measurement sweep :        20000
   Frequency of measurement :            0
                Random seed :            4
 Frequency of recomputing G :           15
Global move number of sites :            0
               Accept count :     64946505
               Reject count :     62961434
    Approximate accept rate :            0.507760
                      gamma :            0.858622
           Type of matrix B : Dense MatB  
         Type of matrix HSF : discrete
 Sign of equal time measurements:
                   Avg sign :   0.10000000E+01 +-  0.00000000E+00
                Avg up sign :   0.10000000E+01 +-  0.00000000E+00
                Avg dn sign :   0.10000000E+01 +-  0.00000000E+00
============================================================================
 Equal time measurements:
          Up spin occupancy :   0.50043278E+00 +-  0.43176676E-03
        Down spin occupancy :   0.49956722E+00 +-  0.43176676E-03
             <U*N_up*N_dn>  :   0.53942363E+00 +-  0.31471421E-03
             Kinetic energy :  -0.32527191E+01 +-  0.50201448E-03
               Total energy :  -0.17132955E+01 +-  0.27453377E-03
                    Density :   0.10000000E+01 +-  0.00000000E+00
                Chi_thermal :  -0.25600000E+03 +-  0.16743644E-10
              Specific heat :   0.11335467E+04 +-  0.19693843E+01
  XX Ferro structure factor :   0.32363321E+00 +-  0.64386674E-03
  ZZ Ferro structure factor :   0.32603323E+00 +-  0.38553761E-02
     XX AF structure factor :   0.15647551E+01 +-  0.11041850E-02
  Root Mean Square of XX AF :   0.15981028E+01 +-  0.16922449E-02
     ZZ AF structure factor :   0.15691488E+01 +-  0.23230669E-01
  Root Mean Square of ZZ AF :   0.21902319E+01 +-  0.37523387E-01
           Potential energy :  -0.46057637E+00 +-  0.31471421E-03
             Hopping energy :  -0.12527191E+01 +-  0.50201448E-03
           Double occupancy :   0.13485591E+00 +-  0.78678553E-04
      Magnetisation squared :   0.18257205E+00 +-  0.39339277E-04
============================================================================
 Mean Equal time Green's function:
  0  0 64   0.00   0.00   0.00  0.50000000E+00 +-  0.00000000E+00
  0  0256   1.00   0.00   0.00 -0.15658989E+00 +-  0.62751810E-04
  0  0256   2.00   0.00   0.00 -0.78735054E-21 +-  0.12029914E-20
  0  0256   3.00   0.00   0.00  0.26921888E-02 +-  0.12229868E-04
  0  0128   4.00   0.00   0.00 -0.49508484E-21 +-  0.56730228E-21
  0  0256   1.00   1.00   0.00 -0.48312923E-21 +-  0.19544425E-20
  0  0512   2.00   1.00   0.00  0.26833229E-01 +-  0.35126140E-04
  0  0512   3.00   1.00   0.00  0.27853831E-21 +-  0.73630840E-21
  0  0256   4.00   1.00   0.00 -0.36009670E-02 +-  0.90229471E-05
  0  0256   2.00   2.00   0.00  0.11264619E-20 +-  0.11081985E-20
  0  0512   3.00   2.00   0.00 -0.68206835E-02 +-  0.14884237E-04
  0  0256   4.00   2.00   0.00 -0.58438406E-21 +-  0.65332923E-21
  0  0256   3.00   3.00   0.00 -0.60567120E-21 +-  0.60861618E-21
  0  0256   4.00   3.00   0.00  0.32338225E-02 +-  0.90056764E-05
  0  0 64   4.00   4.00   0.00 -0.11897388E-21 +-  0.57315724E-21
============================================================================
 Up Equal time Green's function:
  0  0 64   0.00   0.00   0.00  0.49956722E+00 +-  0.43176676E-03
  0  0256   1.00   0.00   0.00 -0.15658989E+00 +-  0.62751810E-04
  0  0256   2.00   0.00   0.00  0.49775183E-04 +-  0.29309964E-04
  0  0256   3.00   0.00   0.00  0.26921888E-02 +-  0.12229868E-04
  0  0128   4.00   0.00   0.00  0.17123405E-04 +-  0.16377345E-04
  0  0256   1.00   1.00   0.00  0.14088299E-03 +-  0.13345294E-03
  0  0512   2.00   1.00   0.00  0.26833229E-01 +-  0.35126140E-04
  0  0512   3.00   1.00   0.00 -0.34428138E-04 +-  0.22982148E-04
  0  0256   4.00   1.00   0.00 -0.36009670E-02 +-  0.90229471E-05
  0  0256   2.00   2.00   0.00 -0.59651606E-04 +-  0.56381459E-04
  0  0512   3.00   2.00   0.00 -0.68206835E-02 +-  0.14884237E-04
  0  0256   4.00   2.00   0.00  0.32947941E-04 +-  0.29458524E-04
  0  0256   3.00   3.00   0.00  0.13491572E-04 +-  0.15257623E-04
  0  0256   4.00   3.00   0.00  0.32338225E-02 +-  0.90056764E-05
  0  0 64   4.00   4.00   0.00 -0.35595566E-04 +-  0.37321760E-04
============================================================================
 Down Equal time Green's function:
  0  0 64   0.00   0.00   0.00  0.50043278E+00 +-  0.43176676E-03
  0  0256   1.00   0.00   0.00 -0.15658989E+00 +-  0.62751810E-04
  0  0256   2.00   0.00   0.00 -0.49775183E-04 +-  0.29309964E-04
  0  0256   3.00   0.00   0.00  0.26921888E-02 +-  0.12229868E-04
  0  0128   4.00   0.00   0.00 -0.17123405E-04 +-  0.16377345E-04
  0  0256   1.00   1.00   0.00 -0.14088299E-03 +-  0.13345294E-03
  0  0512   2.00   1.00   0.00  0.26833229E-01 +-  0.35126140E-04
  0  0512   3.00   1.00   0.00  0.34428138E-04 +-  0.22982148E-04
  0  0256   4.00   1.00   0.00 -0.36009670E-02 +-  0.90229471E-05
  0  0256   2.00   2.00   0.00  0.59651606E-04 +-  0.56381459E-04
  0  0512   3.00   2.00   0.00 -0.68206835E-02 +-  0.14884237E-04
  0  0256   4.00   2.00   0.00 -0.32947941E-04 +-  0.29458524E-04
  0  0256   3.00   3.00   0.00 -0.13491572E-04 +-  0.15257623E-04
  0  0256   4.00   3.00   0.00  0.32338225E-02 +-  0.90056764E-05
  0  0 64   4.00   4.00   0.00  0.35595566E-04 +-  0.37321760E-04
============================================================================
 Density-density correlation fn: (up-up)
  0  0 64   0.00   0.00   0.00  0.50000000E+00 +-  0.00000000E+00
  0  0256   1.00   0.00   0.00  0.20953420E+00 +-  0.14847496E-03
  0  0256   2.00   0.00   0.00  0.25267684E+00 +-  0.13989873E-03
  0  0256   3.00   0.00   0.00  0.24908035E+00 +-  0.13063289E-03
  0  0128   4.00   0.00   0.00  0.25034349E+00 +-  0.15915404E-03
  0  0256   1.00   1.00   0.00  0.25594691E+00 +-  0.14674070E-03
  0  0512   2.00   1.00   0.00  0.24665989E+00 +-  0.11805033E-03
  0  0512   3.00   1.00   0.00  0.25067297E+00 +-  0.11508102E-03
  0  0256   4.00   1.00   0.00  0.24973882E+00 +-  0.13073889E-03
  0  0256   2.00   2.00   0.00  0.25115316E+00 +-  0.12906298E-03
  0  0512   3.00   2.00   0.00  0.24949881E+00 +-  0.11971108E-03
  0  0256   4.00   2.00   0.00  0.25012671E+00 +-  0.13527912E-03
  0  0256   3.00   3.00   0.00  0.25018779E+00 +-  0.15268863E-03
  0  0256   4.00   3.00   0.00  0.24977546E+00 +-  0.16170507E-03
  0  0 64   4.00   4.00   0.00  0.25052056E+00 +-  0.22638293E-03
============================================================================
 Density-density correlation fn: (up-dn)
  0  0 64   0.00   0.00   0.00  0.13485591E+00 +-  0.78678553E-04
  0  0256   1.00   0.00   0.00  0.27062010E+00 +-  0.14719837E-03
  0  0256   2.00   0.00   0.00  0.24661571E+00 +-  0.13993140E-03
  0  0256   3.00   0.00   0.00  0.25084484E+00 +-  0.13063939E-03
  0  0128   4.00   0.00   0.00  0.24962944E+00 +-  0.15915294E-03
  0  0256   1.00   1.00   0.00  0.24157341E+00 +-  0.14635966E-03
  0  0512   2.00   1.00   0.00  0.25268605E+00 +-  0.11803269E-03
  0  0512   3.00   1.00   0.00  0.24923275E+00 +-  0.11507839E-03
  0  0256   4.00   1.00   0.00  0.25022842E+00 +-  0.13073727E-03
  0  0256   2.00   2.00   0.00  0.24861971E+00 +-  0.12910840E-03
  0  0512   3.00   2.00   0.00  0.25043526E+00 +-  0.11970645E-03
  0  0256   4.00   2.00   0.00  0.24983799E+00 +-  0.13529696E-03
  0  0256   3.00   3.00   0.00  0.24978523E+00 +-  0.15269394E-03
  0  0256   4.00   3.00   0.00  0.25020497E+00 +-  0.16170101E-03
  0  0 64   4.00   4.00   0.00  0.24945644E+00 +-  0.22640239E-03
============================================================================
 XX Spin correlation function:
  0  0 64   0.00   0.00   0.00  0.73028818E+00 +-  0.15735711E-03
  0  0256   1.00   0.00   0.00 -0.12243379E+00 +-  0.12184199E-03
  0  0256   2.00   0.00   0.00  0.11608324E-01 +-  0.34370665E-04
  0  0256   3.00   0.00   0.00 -0.26853734E-02 +-  0.10941931E-04
  0  0128   4.00   0.00   0.00  0.13329954E-02 +-  0.75361517E-05
  0  0256   1.00   1.00   0.00  0.28504335E-01 +-  0.60513869E-04
  0  0512   2.00   1.00   0.00 -0.11886918E-01 +-  0.31645758E-04
  0  0512   3.00   1.00   0.00  0.26884959E-02 +-  0.92704468E-05
  0  0256   4.00   1.00   0.00 -0.13463477E-02 +-  0.63182698E-05
  0  0256   2.00   2.00   0.00  0.49153265E-02 +-  0.18215439E-04
  0  0512   3.00   2.00   0.00 -0.20462117E-02 +-  0.85954340E-05
  0  0256   4.00   2.00   0.00  0.11728630E-02 +-  0.65108674E-05
  0  0256   3.00   3.00   0.00  0.10520495E-02 +-  0.59987946E-05
  0  0256   4.00   3.00   0.00 -0.80845370E-03 +-  0.49743977E-05
  0  0 64   4.00   4.00   0.00  0.72039845E-03 +-  0.56423313E-05
============================================================================
 ZZ Spin correlation function:
  0  0 64   0.00   0.00   0.00  0.73028818E+00 +-  0.15735711E-03
  0  0256   1.00   0.00   0.00 -0.12217179E+00 +-  0.59106523E-03
  0  0256   2.00   0.00   0.00  0.12122250E-01 +-  0.55965796E-03
  0  0256   3.00   0.00   0.00 -0.35289856E-02 +-  0.52254444E-03
  0  0128   4.00   0.00   0.00  0.14280871E-02 +-  0.63661391E-03
  0  0256   1.00   1.00   0.00  0.28747002E-01 +-  0.58618402E-03
  0  0512   2.00   1.00   0.00 -0.12052316E-01 +-  0.47216282E-03
  0  0512   3.00   1.00   0.00  0.28804526E-02 +-  0.46031871E-03
  0  0256   4.00   1.00   0.00 -0.97919653E-03 +-  0.52295229E-03
  0  0256   2.00   2.00   0.00  0.50668967E-02 +-  0.51634200E-03
  0  0512   3.00   2.00   0.00 -0.18729146E-02 +-  0.47883498E-03
  0  0256   4.00   2.00   0.00  0.57744377E-03 +-  0.54115212E-03
  0  0256   3.00   3.00   0.00  0.80511165E-03 +-  0.61076511E-03
  0  0256   4.00   3.00   0.00 -0.85901475E-03 +-  0.64681216E-03
  0  0 64   4.00   4.00   0.00  0.21282366E-02 +-  0.90557061E-03
============================================================================
 Average Spin correlation function:
  0  0 64   0.00   0.00   0.00  0.73028818E+00 +-  0.15735711E-03
  0  0256   1.00   0.00   0.00 -0.12234646E+00 +-  0.21373556E-03
  0  0256   2.00   0.00   0.00  0.11779633E-01 +-  0.18724417E-03
  0  0256   3.00   0.00   0.00 -0.29665775E-02 +-  0.17497421E-03
  0  0128   4.00   0.00   0.00  0.13646927E-02 +-  0.21206703E-03
  0  0256   1.00   1.00   0.00  0.28585224E-01 +-  0.18857689E-03
  0  0512   2.00   1.00   0.00 -0.11942051E-01 +-  0.15906321E-03
  0  0512   3.00   1.00   0.00  0.27524815E-02 +-  0.15342639E-03
  0  0256   4.00   1.00   0.00 -0.12239640E-02 +-  0.17455016E-03
  0  0256   2.00   2.00   0.00  0.49658499E-02 +-  0.17234856E-03
  0  0512   3.00   2.00   0.00 -0.19884460E-02 +-  0.15946717E-03
  0  0256   4.00   2.00   0.00  0.97438992E-03 +-  0.18070440E-03
  0  0256   3.00   3.00   0.00  0.96973690E-03 +-  0.20379044E-03
  0  0256   4.00   3.00   0.00 -0.82530738E-03 +-  0.21572828E-03
  0  0 64   4.00   4.00   0.00  0.11896778E-02 +-  0.30179831E-03
============================================================================
 Pairing correlation function:
  0  0 64   0.00   0.00   0.00  0.67427954E-01 +-  0.39339277E-04
  0  0256   1.00   0.00   0.00  0.99228486E-02 +-  0.46048580E-05
  0  0256   2.00   0.00   0.00 -0.35372525E-03 +-  0.40065578E-06
  0  0256   3.00   0.00   0.00  0.37407749E-04 +-  0.84601704E-07
  0  0128   4.00   0.00   0.00 -0.13536704E-04 +-  0.57492481E-07
  0  0256   1.00   1.00   0.00 -0.12398390E-02 +-  0.11229068E-05
  0  0512   2.00   1.00   0.00  0.32703097E-03 +-  0.43561886E-06
  0  0512   3.00   1.00   0.00 -0.47141269E-04 +-  0.79225297E-07
  0  0256   4.00   1.00   0.00  0.16380466E-04 +-  0.41789964E-07
  0  0256   2.00   2.00   0.00 -0.11356251E-03 +-  0.22233287E-06
  0  0512   3.00   2.00   0.00  0.32966061E-04 +-  0.72596036E-07
  0  0256   4.00   2.00   0.00 -0.17648517E-04 +-  0.53700939E-07
  0  0256   3.00   3.00   0.00 -0.13487253E-04 +-  0.46710397E-07
  0  0256   4.00   3.00   0.00  0.97882287E-05 +-  0.36285738E-07
  0  0 64   4.00   4.00   0.00 -0.11495933E-04 +-  0.58442804E-07
============================================================================
 Double-Double correlation function:
  0  0 64   0.00   0.00   0.00  0.13485591E+00 +-  0.78678553E-04
  0  0256   1.00   0.00   0.00  0.11526616E-01 +-  0.14601288E-04
  0  0256   2.00   0.00   0.00  0.17884369E-01 +-  0.21257256E-04
  0  0256   3.00   0.00   0.00  0.18150284E-01 +-  0.21201048E-04
  0  0128   4.00   0.00   0.00  0.18172555E-01 +-  0.21049586E-04
  0  0256   1.00   1.00   0.00  0.16819834E-01 +-  0.20736537E-04
  0  0512   2.00   1.00   0.00  0.17910438E-01 +-  0.21016777E-04
  0  0512   3.00   1.00   0.00  0.18140803E-01 +-  0.21218616E-04
  0  0256   4.00   1.00   0.00  0.18169352E-01 +-  0.21265566E-04
  0  0256   2.00   2.00   0.00  0.18067269E-01 +-  0.21329254E-04
  0  0512   3.00   2.00   0.00  0.18157426E-01 +-  0.21287009E-04
  0  0256   4.00   2.00   0.00  0.18166718E-01 +-  0.21397652E-04
  0  0256   3.00   3.00   0.00  0.18176975E-01 +-  0.21282532E-04
  0  0256   4.00   3.00   0.00  0.18180631E-01 +-  0.21417753E-04
  0  0 64   4.00   4.00   0.00  0.18175281E-01 +-  0.21501261E-04
============================================================================
 Single-Single correlation function:
  0  0 64   0.00   0.00   0.00  0.73028818E+00 +-  0.15735711E-03
  0  0256   1.00   0.00   0.00  0.54637422E+00 +-  0.24204283E-03
  0  0256   2.00   0.00   0.00  0.53352874E+00 +-  0.22970691E-03
  0  0256   3.00   0.00   0.00  0.53332713E+00 +-  0.23043038E-03
  0  0128   4.00   0.00   0.00  0.53332073E+00 +-  0.23167697E-03
  0  0256   1.00   1.00   0.00  0.53281506E+00 +-  0.23042315E-03
  0  0512   2.00   1.00   0.00  0.53352624E+00 +-  0.22938350E-03
  0  0512   3.00   1.00   0.00  0.53332814E+00 +-  0.22997708E-03
  0  0256   4.00   1.00   0.00  0.53331929E+00 +-  0.23024931E-03
  0  0256   2.00   2.00   0.00  0.53329969E+00 +-  0.22934187E-03
  0  0512   3.00   2.00   0.00  0.53333793E+00 +-  0.22965885E-03
  0  0256   4.00   2.00   0.00  0.53331383E+00 +-  0.22959232E-03
  0  0256   3.00   3.00   0.00  0.53333821E+00 +-  0.23004174E-03
  0  0256   4.00   3.00   0.00  0.53333804E+00 +-  0.22955489E-03
  0  0 64   4.00   4.00   0.00  0.53332347E+00 +-  0.23054293E-03
============================================================================
 Grid for Green's function
  K-points
  Class
    1         0.00000   0.00000

    2         0.00000  -0.78540
              0.00000   0.78540
             -0.78540   0.00000
              0.78540   0.00000

    3        -0.78540  -0.78540
              0.78540  -0.78540
             -0.78540   0.78540
              0.78540   0.78540

    4         0.00000  -1.57080
              0.00000   1.57080
             -1.57080   0.00000
              1.57080   0.00000

    5        -0.78540  -1.57080
              0.78540  -1.57080
             -0.78540   1.57080
              0.78540   1.57080
             -1.57080  -0.78540
             -1.57080   0.78540
              1.57080  -0.78540
              1.57080   0.78540

    6        -1.57080  -1.57080
              1.57080  -1.57080
             -1.57080   1.57080
              1.57080   1.57080

    7         0.00000  -2.35619
              0.00000   2.35619
             -2.35619   0.00000
              2.35619   0.00000

    8        -0.78540  -2.35619
              0.78540  -2.35619
             -0.78540   2.35619
              0.78540   2.35619
             -2.35619  -0.78540
             -2.35619   0.78540
              2.35619  -0.78540
              2.35619   0.78540

    9        -1.57080  -2.35619
              1.57080  -2.35619
             -1.57080   2.35619
              1.57080   2.35619
             -2.35619  -1.57080
             -2.35619   1.57080
              2.35619  -1.57080
              2.35619   1.57080

   10         0.00000  -3.14159
             -3.14159   0.00000

   11        -0.78540  -3.14159
              0.78540  -3.14159
             -3.14159  -0.78540
             -3.14159   0.78540

   12        -2.35619  -2.35619
              2.35619  -2.35619
             -2.35619   2.35619
              2.35619   2.35619

   13        -1.57080  -3.14159
              1.57080  -3.14159
             -3.14159  -1.57080
             -3.14159   1.57080

   14        -2.35619  -3.14159
              2.35619  -3.14159
             -3.14159  -2.35619
             -3.14159   2.35619

   15        -3.14159  -3.14159

============================================================================
 Grid for spin/charge correlations
  K-points
  Class
    1         0.00000   0.00000

    2         0.00000  -0.78540
              0.00000   0.78540
             -0.78540   0.00000
              0.78540   0.00000

    3        -0.78540  -0.78540
              0.78540  -0.78540
             -0.78540   0.78540
              0.78540   0.78540

    4         0.00000  -1.57080
              0.00000   1.57080
             -1.57080   0.00000
              1.57080   0.00000

    5        -0.78540  -1.57080
              0.78540  -1.57080
             -0.78540   1.57080
              0.78540   1.57080
             -1.57080  -0.78540
             -1.57080   0.78540
              1.57080  -0.78540
              1.57080   0.78540

    6        -1.57080  -1.57080
              1.57080  -1.57080
             -1.57080   1.57080
              1.57080   1.57080

    7         0.00000  -2.35619
              0.00000   2.35619
             -2.35619   0.00000
              2.35619   0.00000

    8        -0.78540  -2.35619
              0.78540  -2.35619
             -0.78540   2.35619
              0.78540   2.35619
             -2.35619  -0.78540
             -2.35619   0.78540
              2.35619  -0.78540
              2.35619   0.78540

    9        -1.57080  -2.35619
              1.57080  -2.35619
             -1.57080   2.35619
              1.57080   2.35619
             -2.35619  -1.57080
             -2.35619   1.57080
              2.35619  -1.57080
              2.35619   1.57080

   10         0.00000  -3.14159
             -3.14159   0.00000

   11        -0.78540  -3.14159
              0.78540  -3.14159
             -3.14159  -0.78540
             -3.14159   0.78540

   12        -2.35619  -2.35619
              2.35619  -2.35619
             -2.35619   2.35619
              2.35619   2.35619

   13        -1.57080  -3.14159
              1.57080  -3.14159
             -3.14159  -1.57080
             -3.14159   1.57080

   14        -2.35619  -3.14159
              2.35619  -3.14159
             -3.14159  -2.35619
             -3.14159   2.35619

   15        -3.14159  -3.14159

============================================================================
 FT of Ave Equal t Green's function:
    1    0    0                 0.43040968E-01 +-  0.10484638E-03
    2    0    0                 0.53201788E-01 +-  0.11668933E-03
    3    0    0                 0.68813945E-01 +-  0.14249036E-03
    4    0    0                 0.11142012E+00 +-  0.20703462E-03
    5    0    0                 0.16988763E+00 +-  0.23438581E-03
    6    0    0                 0.50000000E+00 +-  0.00000000E+00
    7    0    0                 0.33267598E+00 +-  0.19933861E-03
    8    0    0                 0.50000000E+00 +-  0.16528393E-14
    9    0    0                 0.83011237E+00 +-  0.23438581E-03
   10    0    0                 0.50000000E+00 +-  0.93479032E-15
   11    0    0                 0.66732402E+00 +-  0.19933861E-03
   12    0    0                 0.93118606E+00 +-  0.14249036E-03
   13    0    0                 0.88857988E+00 +-  0.20703462E-03
   14    0    0                 0.94679821E+00 +-  0.11668933E-03
   15    0    0                 0.95695903E+00 +-  0.10484638E-03
============================================================================
 FT of Up Equal t Green's function:
    1    0    0                 0.43041194E-01 +-  0.13402199E-03
    2    0    0                 0.53198570E-01 +-  0.15383058E-03
    3    0    0                 0.68757780E-01 +-  0.19555403E-03
    4    0    0                 0.11122460E+00 +-  0.31720316E-03
    5    0    0                 0.16945679E+00 +-  0.46081136E-03
    6    0    0                 0.49899637E+00 +-  0.86956344E-03
    7    0    0                 0.33195212E+00 +-  0.77292863E-03
    8    0    0                 0.49905091E+00 +-  0.87154215E-03
    9    0    0                 0.82968153E+00 +-  0.44291475E-03
   10    0    0                 0.49931608E+00 +-  0.89300300E-03
   11    0    0                 0.66660017E+00 +-  0.77321697E-03
   12    0    0                 0.93112989E+00 +-  0.18527737E-03
   13    0    0                 0.88838435E+00 +-  0.30545767E-03
   14    0    0                 0.94679500E+00 +-  0.14996840E-03
   15    0    0                 0.95695926E+00 +-  0.13719513E-03
============================================================================
 FT of Dn Equal t Green's function:
    1    0    0                 0.43040742E-01 +-  0.13719513E-03
    2    0    0                 0.53205005E-01 +-  0.14996840E-03
    3    0    0                 0.68870110E-01 +-  0.18527737E-03
    4    0    0                 0.11161565E+00 +-  0.30545767E-03
    5    0    0                 0.17031847E+00 +-  0.44291475E-03
    6    0    0                 0.50100363E+00 +-  0.86956344E-03
    7    0    0                 0.33339983E+00 +-  0.77321697E-03
    8    0    0                 0.50094909E+00 +-  0.87154215E-03
    9    0    0                 0.83054321E+00 +-  0.46081136E-03
   10    0    0                 0.50068392E+00 +-  0.89300300E-03
   11    0    0                 0.66804788E+00 +-  0.77292863E-03
   12    0    0                 0.93124222E+00 +-  0.19555403E-03
   13    0    0                 0.88877540E+00 +-  0.31720316E-03
   14    0    0                 0.94680143E+00 +-  0.15383058E-03
   15    0    0                 0.95695881E+00 +-  0.13402199E-03
============================================================================
 FT of Density-density correlation fn: (up-up)
    1    0    0                 0.16098742E+02 +-  0.96554708E-03
    2    0    0                 0.12506131E+00 +-  0.43103478E-03
    3    0    0                 0.14766135E+00 +-  0.51648292E-03
    4    0    0                 0.17821776E+00 +-  0.55807947E-03
    5    0    0                 0.19643035E+00 +-  0.39568474E-03
    6    0    0                 0.24460598E+00 +-  0.70129664E-03
    7    0    0                 0.22049914E+00 +-  0.52684500E-03
    8    0    0                 0.24025608E+00 +-  0.46945684E-03
    9    0    0                 0.29232803E+00 +-  0.64438588E-03
   10    0    0                 0.23711179E+00 +-  0.92149205E-03
   11    0    0                 0.25608172E+00 +-  0.67985062E-03
   12    0    0                 0.37116087E+00 +-  0.12647103E-02
   13    0    0                 0.31497201E+00 +-  0.89326362E-03
   14    0    0                 0.41667657E+00 +-  0.18766736E-02
   15    0    0                 0.49517209E+00 +-  0.58025755E-02
============================================================================
 FT of Density-density correlation fn: (up-dn)
    1    0    0                 0.15935725E+02 +-  0.96250353E-03
    2    0    0                -0.67842738E-01 +-  0.42944920E-03
    3    0    0                -0.73293672E-01 +-  0.51309241E-03
    4    0    0                -0.79596213E-01 +-  0.55028887E-03
    5    0    0                -0.86522551E-01 +-  0.38689479E-03
    6    0    0                -0.10776472E+00 +-  0.70015200E-03
    7    0    0                -0.90121230E-01 +-  0.52590150E-03
    8    0    0                -0.10073284E+00 +-  0.46315988E-03
    9    0    0                -0.12978941E+00 +-  0.64822442E-03
   10    0    0                -0.95431645E-01 +-  0.91350805E-03
   11    0    0                -0.10551586E+00 +-  0.67500103E-03
   12    0    0                -0.18502677E+00 +-  0.12693962E-02
   13    0    0                -0.14221902E+00 +-  0.90620132E-03
   14    0    0                -0.22070054E+00 +-  0.18898472E-02
   15    0    0                -0.28940233E+00 +-  0.58132915E-02
============================================================================
 FT of XX spin correlation fn:
    1    0    0                 0.32363321E+00 +-  0.64386674E-03
    2    0    0                 0.38421250E+00 +-  0.49867368E-03
    3    0    0                 0.43952309E+00 +-  0.41007548E-03
    4    0    0                 0.51519785E+00 +-  0.30270350E-03
    5    0    0                 0.56642004E+00 +-  0.26342066E-03
    6    0    0                 0.70221113E+00 +-  0.20069240E-03
    7    0    0                 0.62480745E+00 +-  0.25728704E-03
    8    0    0                 0.67998380E+00 +-  0.21766802E-03
    9    0    0                 0.85097368E+00 +-  0.18440053E-03
   10    0    0                 0.66472712E+00 +-  0.27952095E-03
   11    0    0                 0.72077639E+00 +-  0.24868711E-03
   12    0    0                 0.11138797E+01 +-  0.32847423E-03
   13    0    0                 0.91282869E+00 +-  0.22769025E-03
   14    0    0                 0.12719585E+01 +-  0.50960583E-03
   15    0    0                 0.15647551E+01 +-  0.11041850E-02
============================================================================
 FT of ZZ spin correlation fn:
    1    0    0                 0.32603323E+00 +-  0.38553761E-02
    2    0    0                 0.38580810E+00 +-  0.17180271E-02
    3    0    0                 0.44191005E+00 +-  0.20560074E-02
    4    0    0                 0.51562795E+00 +-  0.22125654E-02
    5    0    0                 0.56590580E+00 +-  0.15588787E-02
    6    0    0                 0.70474141E+00 +-  0.27984731E-02
    7    0    0                 0.62124075E+00 +-  0.20995870E-02
    8    0    0                 0.68197783E+00 +-  0.18583001E-02
    9    0    0                 0.84423487E+00 +-  0.25791723E-02
   10    0    0                 0.66508688E+00 +-  0.36664101E-02
   11    0    0                 0.72319517E+00 +-  0.27045068E-02
   12    0    0                 0.11123753E+01 +-  0.50642813E-02
   13    0    0                 0.91438207E+00 +-  0.35942694E-02
   14    0    0                 0.12747542E+01 +-  0.75301372E-02
   15    0    0                 0.15691488E+01 +-  0.23230669E-01
============================================================================
 FT of Average spin correlation fn:
    1    0    0                 0.32443322E+00 +-  0.14138906E-02
    2    0    0                 0.38474437E+00 +-  0.67359704E-03
    3    0    0                 0.44031874E+00 +-  0.76758895E-03
    4    0    0                 0.51534121E+00 +-  0.74770670E-03
    5    0    0                 0.56624863E+00 +-  0.53934534E-03
    6    0    0                 0.70305455E+00 +-  0.94167750E-03
    7    0    0                 0.62361855E+00 +-  0.72141189E-03
    8    0    0                 0.68064848E+00 +-  0.62326578E-03
    9    0    0                 0.84872741E+00 +-  0.86260397E-03
   10    0    0                 0.66484704E+00 +-  0.12412092E-02
   11    0    0                 0.72158265E+00 +-  0.89779821E-03
   12    0    0                 0.11133782E+01 +-  0.16920248E-02
   13    0    0                 0.91334648E+00 +-  0.12118857E-02
   14    0    0                 0.12728904E+01 +-  0.25530487E-02
   15    0    0                 0.15662196E+01 +-  0.77453451E-02
============================================================================
 FT of Pairing correlation fn:
    1    0    0                 0.10288488E+00 +-  0.55880602E-04
    2    0    0                 0.97988014E-01 +-  0.52703464E-04
    3    0    0                 0.93067048E-01 +-  0.49952786E-04
    4    0    0                 0.86376497E-01 +-  0.46228666E-04
    5    0    0                 0.81269310E-01 +-  0.44225709E-04
    6    0    0                 0.68420630E-01 +-  0.39359566E-04
    7    0    0                 0.75282930E-01 +-  0.42003856E-04
    8    0    0                 0.69761619E-01 +-  0.40291936E-04
    9    0    0                 0.54953898E-01 +-  0.35292568E-04
   10    0    0                 0.70840075E-01 +-  0.40768635E-04
   11    0    0                 0.65188957E-01 +-  0.39400904E-04
   12    0    0                 0.37183841E-01 +-  0.28483742E-04
   13    0    0                 0.49310773E-01 +-  0.34204024E-04
   14    0    0                 0.28609286E-01 +-  0.25154016E-04
   15    0    0                 0.17233528E-01 +-  0.18755785E-04
============================================================================
 FT of Double-Double correlation fn: 
    1    0    0                 0.12436138E+01 +-  0.13827338E-02
    2    0    0                 0.88849368E-01 +-  0.39491630E-04
    3    0    0                 0.95413828E-01 +-  0.44742463E-04
    4    0    0                 0.10488954E+00 +-  0.48698427E-04
    5    0    0                 0.10856068E+00 +-  0.50507494E-04
    6    0    0                 0.11744102E+00 +-  0.58512613E-04
    7    0    0                 0.11669016E+00 +-  0.58067354E-04
    8    0    0                 0.11925567E+00 +-  0.60386002E-04
    9    0    0                 0.12592997E+00 +-  0.67319237E-04
   10    0    0                 0.12073607E+00 +-  0.65252227E-04
   11    0    0                 0.12321885E+00 +-  0.64339342E-04
   12    0    0                 0.13281915E+00 +-  0.75940459E-04
   13    0    0                 0.12932491E+00 +-  0.70402388E-04
   14    0    0                 0.13570534E+00 +-  0.80232917E-04
   15    0    0                 0.13831294E+00 +-  0.83539058E-04
============================================================================
 FT of Single-Single correlation fn: 
    1    0    0                 0.34382409E+02 +-  0.14680030E-01
    2    0    0                 0.24096033E+00 +-  0.10656904E-03
    3    0    0                 0.23291995E+00 +-  0.10401169E-03
    4    0    0                 0.22231506E+00 +-  0.97928527E-04
    5    0    0                 0.21442713E+00 +-  0.76986093E-04
    6    0    0                 0.19608157E+00 +-  0.90516428E-04
    7    0    0                 0.20600481E+00 +-  0.94417840E-04
    8    0    0                 0.19797622E+00 +-  0.88761481E-04
    9    0    0                 0.17864264E+00 +-  0.98238071E-04
   10    0    0                 0.19958398E+00 +-  0.12858186E-03
   11    0    0                 0.19174367E+00 +-  0.10227514E-03
   12    0    0                 0.15900839E+00 +-  0.11534944E-03
   13    0    0                 0.17179365E+00 +-  0.10784206E-03
   14    0    0                 0.15086931E+00 +-  0.12414482E-03
   15    0    0                 0.14171223E+00 +-  0.13108836E-03
============================================================================
 Pair-field correlation function - accumulated:
s-wave                          0.20576976E+00 +-  0.11176120E-03
s*-wave                         0.53918934E+00 +-  0.19212318E-03
s**-wave                        0.31958040E+00 +-  0.14308141E-03
d-wave                          0.33559010E+00 +-  0.32043751E-03
d*-wave                         0.31191124E+00 +-  0.21296394E-03
============================================================================
Number of Green's function errors: 0
Running time: 22999.7500 (second)
