 General Geometry - Free Format                                                  
                          U :            4.000000
                       t_up :            1.000000
                       t_dn :            1.000000
                      mu_up :            0.000000
                      mu_dn :            0.000000
             Time slice - L :           40
            Number of sites :           64
                       dtau :            0.050000
                       beta :            2.000000
     Number of warmup sweep :         5000
Number of measurement sweep :        50000
   Frequency of measurement :            0
                Random seed :      1234567
 Frequency of recomputing G :           15
Global move number of sites :            0
               Accept count :     72495833
               Reject count :     68160906
    Approximate accept rate :            0.515410
                      gamma :            0.712565
           Type of matrix B : Dense MatB  
         Type of matrix HSF : discrete
 Sign of equal time measurements:
                   Avg sign :   0.10000000E+01 +-  0.00000000E+00
                Avg up sign :   0.99995998E+00 +-  0.40016006E-04
                Avg dn sign :   0.99995998E+00 +-  0.40016006E-04
============================================================================
 Equal time measurements:
          Up spin occupancy :   0.50006300E+00 +-  0.27409226E-03
        Down spin occupancy :   0.49993700E+00 +-  0.27409226E-03
             <U*N_up*N_dn>  :   0.53776166E+00 +-  0.18467492E-03
             Kinetic energy :  -0.32549264E+01 +-  0.32814674E-03
               Total energy :  -0.17171647E+01 +-  0.17141050E-03
                    Density :   0.10000000E+01 +-  0.00000000E+00
                Chi_thermal :  -0.25600000E+03 +-  0.43398750E-11
              Specific heat :   0.11354301E+04 +-  0.47124968E+00
  XX Ferro structure factor :   0.32203018E+00 +-  0.43427169E-03
  ZZ Ferro structure factor :   0.32228343E+00 +-  0.24284987E-02
     XX AF structure factor :   0.15744228E+01 +-  0.76134436E-03
  Root Mean Square of XX AF :   0.16069207E+01 +-  0.10028280E-02
     ZZ AF structure factor :   0.15610526E+01 +-  0.14022188E-01
  Root Mean Square of ZZ AF :   0.22310595E+01 +-  0.21906549E-01
           Potential energy :  -0.46223834E+00 +-  0.18467492E-03
             Hopping energy :  -0.12549264E+01 +-  0.32814674E-03
           Double occupancy :   0.13444041E+00 +-  0.46168731E-04
      Magnetisation squared :   0.18277979E+00 +-  0.23084365E-04
============================================================================
 Mean Equal time Green's function:
  0  0 64   0.00   0.00   0.00  0.50000000E+00 +-  0.00000000E+00
  0  0256   1.00   0.00   0.00 -0.15686580E+00 +-  0.41018342E-04
  0  0256   2.00   0.00   0.00  0.30978871E-21 +-  0.11041086E-20
  0  0256   3.00   0.00   0.00  0.26912494E-02 +-  0.78979890E-05
  0  0128   4.00   0.00   0.00 -0.10018915E-20 +-  0.49372994E-21
  0  0256   1.00   1.00   0.00  0.25882597E-21 +-  0.17611842E-20
  0  0512   2.00   1.00   0.00  0.26957315E-01 +-  0.19349886E-04
  0  0512   3.00   1.00   0.00  0.89739940E-21 +-  0.62237300E-21
  0  0256   4.00   1.00   0.00 -0.36136883E-02 +-  0.58828574E-05
  0  0256   2.00   2.00   0.00  0.11030399E-20 +-  0.88614789E-21
  0  0512   3.00   2.00   0.00 -0.68816890E-02 +-  0.87660692E-05
  0  0256   4.00   2.00   0.00 -0.24283256E-21 +-  0.61798645E-21
  0  0256   3.00   3.00   0.00  0.18572076E-21 +-  0.35322526E-21
  0  0256   4.00   3.00   0.00  0.32656211E-02 +-  0.50477476E-05
  0  0 64   4.00   4.00   0.00 -0.62796816E-21 +-  0.54495137E-21
============================================================================
 Up Equal time Green's function:
  0  0 64   0.00   0.00   0.00  0.49993700E+00 +-  0.27409226E-03
  0  0256   1.00   0.00   0.00 -0.15686580E+00 +-  0.41018342E-04
  0  0256   2.00   0.00   0.00  0.25420582E-04 +-  0.15361730E-04
  0  0256   3.00   0.00   0.00  0.26912494E-02 +-  0.78979890E-05
  0  0128   4.00   0.00   0.00 -0.16888949E-04 +-  0.96881224E-05
  0  0256   1.00   1.00   0.00  0.12425645E-04 +-  0.83772350E-04
  0  0512   2.00   1.00   0.00  0.26957315E-01 +-  0.19349886E-04
  0  0512   3.00   1.00   0.00  0.84608889E-06 +-  0.13852978E-04
  0  0256   4.00   1.00   0.00 -0.36136883E-02 +-  0.58828574E-05
  0  0256   2.00   2.00   0.00 -0.19964469E-04 +-  0.34961345E-04
  0  0512   3.00   2.00   0.00 -0.68816890E-02 +-  0.87660692E-05
  0  0256   4.00   2.00   0.00  0.60830304E-05 +-  0.17316170E-04
  0  0256   3.00   3.00   0.00  0.49710969E-05 +-  0.95547585E-05
  0  0256   4.00   3.00   0.00  0.32656211E-02 +-  0.50477476E-05
  0  0 64   4.00   4.00   0.00 -0.10035233E-04 +-  0.22607300E-04
============================================================================
 Down Equal time Green's function:
  0  0 64   0.00   0.00   0.00  0.50006300E+00 +-  0.27409226E-03
  0  0256   1.00   0.00   0.00 -0.15686580E+00 +-  0.41018342E-04
  0  0256   2.00   0.00   0.00 -0.25420582E-04 +-  0.15361730E-04
  0  0256   3.00   0.00   0.00  0.26912494E-02 +-  0.78979890E-05
  0  0128   4.00   0.00   0.00  0.16888949E-04 +-  0.96881224E-05
  0  0256   1.00   1.00   0.00 -0.12425645E-04 +-  0.83772350E-04
  0  0512   2.00   1.00   0.00  0.26957315E-01 +-  0.19349886E-04
  0  0512   3.00   1.00   0.00 -0.84608889E-06 +-  0.13852978E-04
  0  0256   4.00   1.00   0.00 -0.36136883E-02 +-  0.58828574E-05
  0  0256   2.00   2.00   0.00  0.19964469E-04 +-  0.34961345E-04
  0  0512   3.00   2.00   0.00 -0.68816890E-02 +-  0.87660692E-05
  0  0256   4.00   2.00   0.00 -0.60830304E-05 +-  0.17316170E-04
  0  0256   3.00   3.00   0.00 -0.49710969E-05 +-  0.95547585E-05
  0  0256   4.00   3.00   0.00  0.32656211E-02 +-  0.50477476E-05
  0  0 64   4.00   4.00   0.00  0.10035233E-04 +-  0.22607300E-04
============================================================================
 Density-density correlation fn: (up-up)
  0  0 64   0.00   0.00   0.00  0.50000000E+00 +-  0.00000000E+00
  0  0256   1.00   0.00   0.00  0.20936531E+00 +-  0.87564760E-04
  0  0256   2.00   0.00   0.00  0.25256030E+00 +-  0.86108888E-04
  0  0256   3.00   0.00   0.00  0.24939788E+00 +-  0.76920678E-04
  0  0128   4.00   0.00   0.00  0.25011715E+00 +-  0.92495979E-04
  0  0256   1.00   1.00   0.00  0.25599350E+00 +-  0.68199925E-04
  0  0512   2.00   1.00   0.00  0.24663838E+00 +-  0.69655023E-04
  0  0512   3.00   1.00   0.00  0.25059811E+00 +-  0.68205075E-04
  0  0256   4.00   1.00   0.00  0.24976339E+00 +-  0.82041049E-04
  0  0256   2.00   2.00   0.00  0.25103217E+00 +-  0.91550863E-04
  0  0512   3.00   2.00   0.00  0.24946368E+00 +-  0.61887314E-04
  0  0256   4.00   2.00   0.00  0.25022732E+00 +-  0.71830193E-04
  0  0256   3.00   3.00   0.00  0.25020055E+00 +-  0.90767282E-04
  0  0256   4.00   3.00   0.00  0.24990098E+00 +-  0.10976450E-03
  0  0 64   4.00   4.00   0.00  0.25016204E+00 +-  0.17037682E-03
============================================================================
 Density-density correlation fn: (up-dn)
  0  0 64   0.00   0.00   0.00  0.13444041E+00 +-  0.46168731E-04
  0  0256   1.00   0.00   0.00  0.27089397E+00 +-  0.87937708E-04
  0  0256   2.00   0.00   0.00  0.24672458E+00 +-  0.86160348E-04
  0  0256   3.00   0.00   0.00  0.25052669E+00 +-  0.76926008E-04
  0  0128   4.00   0.00   0.00  0.24985537E+00 +-  0.92511350E-04
  0  0256   1.00   1.00   0.00  0.24152069E+00 +-  0.68151211E-04
  0  0512   2.00   1.00   0.00  0.25270561E+00 +-  0.69612638E-04
  0  0512   3.00   1.00   0.00  0.24930709E+00 +-  0.68201537E-04
  0  0256   4.00   1.00   0.00  0.25020348E+00 +-  0.82046976E-04
  0  0256   2.00   2.00   0.00  0.24874032E+00 +-  0.91500224E-04
  0  0512   3.00   2.00   0.00  0.25047007E+00 +-  0.61906434E-04
  0  0256   4.00   2.00   0.00  0.24973702E+00 +-  0.71838078E-04
  0  0256   3.00   3.00   0.00  0.24977241E+00 +-  0.90763241E-04
  0  0256   4.00   3.00   0.00  0.25007925E+00 +-  0.10977798E-03
  0  0 64   4.00   4.00   0.00  0.24981466E+00 +-  0.17037943E-03
============================================================================
 XX Spin correlation function:
  0  0 64   0.00   0.00   0.00  0.73111917E+00 +-  0.92337462E-04
  0  0256   1.00   0.00   0.00 -0.12327416E+00 +-  0.93624091E-04
  0  0256   2.00   0.00   0.00  0.11777390E-01 +-  0.22992561E-04
  0  0256   3.00   0.00   0.00 -0.27545304E-02 +-  0.14495531E-04
  0  0128   4.00   0.00   0.00  0.13610040E-02 +-  0.50196718E-05
  0  0256   1.00   1.00   0.00  0.28843352E-01 +-  0.45434337E-04
  0  0512   2.00   1.00   0.00 -0.12064946E-01 +-  0.16997587E-04
  0  0512   3.00   1.00   0.00  0.27567863E-02 +-  0.60982848E-05
  0  0256   4.00   1.00   0.00 -0.13794339E-02 +-  0.46276484E-05
  0  0256   2.00   2.00   0.00  0.49989935E-02 +-  0.13644866E-04
  0  0512   3.00   2.00   0.00 -0.20900922E-02 +-  0.49371152E-05
  0  0256   4.00   2.00   0.00  0.11984217E-02 +-  0.32152949E-05
  0  0256   3.00   3.00   0.00  0.10791198E-02 +-  0.33815818E-05
  0  0256   4.00   3.00   0.00 -0.83087637E-03 +-  0.31475122E-05
  0  0 64   4.00   4.00   0.00  0.74192982E-03 +-  0.37801128E-05
============================================================================
 ZZ Spin correlation function:
  0  0 64   0.00   0.00   0.00  0.73111917E+00 +-  0.92337462E-04
  0  0256   1.00   0.00   0.00 -0.12305732E+00 +-  0.35083807E-03
  0  0256   2.00   0.00   0.00  0.11671431E-01 +-  0.34453700E-03
  0  0256   3.00   0.00   0.00 -0.22576098E-02 +-  0.30769332E-03
  0  0128   4.00   0.00   0.00  0.52355767E-03 +-  0.37001463E-03
  0  0256   1.00   1.00   0.00  0.28945619E-01 +-  0.27267720E-03
  0  0512   2.00   1.00   0.00 -0.12134464E-01 +-  0.27853315E-03
  0  0512   3.00   1.00   0.00  0.25820517E-02 +-  0.27281315E-03
  0  0256   4.00   1.00   0.00 -0.88018358E-03 +-  0.32817604E-03
  0  0256   2.00   2.00   0.00  0.45837127E-02 +-  0.36610176E-03
  0  0512   3.00   2.00   0.00 -0.20127820E-02 +-  0.24758743E-03
  0  0256   4.00   2.00   0.00  0.98061012E-03 +-  0.28733651E-03
  0  0256   3.00   3.00   0.00  0.85627007E-03 +-  0.36306102E-03
  0  0256   4.00   3.00   0.00 -0.35654722E-03 +-  0.43908496E-03
  0  0 64   4.00   4.00   0.00  0.69475734E-03 +-  0.68151248E-03
============================================================================
 Average Spin correlation function:
  0  0 64   0.00   0.00   0.00  0.73111917E+00 +-  0.92337462E-04
  0  0256   1.00   0.00   0.00 -0.12320188E+00 +-  0.10419122E-03
  0  0256   2.00   0.00   0.00  0.11742070E-01 +-  0.10943956E-03
  0  0256   3.00   0.00   0.00 -0.25888902E-02 +-  0.10548475E-03
  0  0128   4.00   0.00   0.00  0.10818552E-02 +-  0.12388759E-03
  0  0256   1.00   1.00   0.00  0.28877441E-01 +-  0.91188793E-04
  0  0512   2.00   1.00   0.00 -0.12088119E-01 +-  0.91913008E-04
  0  0512   3.00   1.00   0.00  0.26985414E-02 +-  0.90655124E-04
  0  0256   4.00   1.00   0.00 -0.12130171E-02 +-  0.10918563E-03
  0  0256   2.00   2.00   0.00  0.48605666E-02 +-  0.12268027E-03
  0  0512   3.00   2.00   0.00 -0.20643221E-02 +-  0.82173021E-04
  0  0256   4.00   2.00   0.00  0.11258178E-02 +-  0.95938383E-04
  0  0256   3.00   3.00   0.00  0.10048366E-02 +-  0.12056056E-03
  0  0256   4.00   3.00   0.00 -0.67276665E-03 +-  0.14575608E-03
  0  0 64   4.00   4.00   0.00  0.72620566E-03 +-  0.22719433E-03
============================================================================
 Pairing correlation function:
  0  0 64   0.00   0.00   0.00  0.67220207E-01 +-  0.23084365E-04
  0  0256   1.00   0.00   0.00  0.98703586E-02 +-  0.27118651E-05
  0  0256   2.00   0.00   0.00 -0.35756190E-03 +-  0.25281790E-06
  0  0256   3.00   0.00   0.00  0.37713865E-04 +-  0.46851333E-07
  0  0128   4.00   0.00   0.00 -0.13739100E-04 +-  0.35187785E-07
  0  0256   1.00   1.00   0.00 -0.12429041E-02 +-  0.92478499E-06
  0  0512   2.00   1.00   0.00  0.32800541E-03 +-  0.27576966E-06
  0  0512   3.00   1.00   0.00 -0.47398124E-04 +-  0.50510798E-07
  0  0256   4.00   1.00   0.00  0.16564851E-04 +-  0.21806703E-07
  0  0256   2.00   2.00   0.00 -0.11375438E-03 +-  0.14028608E-06
  0  0512   3.00   2.00   0.00  0.33128052E-04 +-  0.46672449E-07
  0  0256   4.00   2.00   0.00 -0.17831070E-04 +-  0.32773018E-07
  0  0256   3.00   3.00   0.00 -0.13522378E-04 +-  0.32412738E-07
  0  0256   4.00   3.00   0.00  0.98824191E-05 +-  0.22188458E-07
  0  0 64   4.00   4.00   0.00 -0.11646054E-04 +-  0.38467494E-07
============================================================================
 Double-Double correlation function:
  0  0 64   0.00   0.00   0.00  0.13444041E+00 +-  0.46168731E-04
  0  0256   1.00   0.00   0.00  0.11461570E-01 +-  0.83349820E-05
  0  0256   2.00   0.00   0.00  0.17774543E-01 +-  0.12333428E-04
  0  0256   3.00   0.00   0.00  0.18039437E-01 +-  0.12677816E-04
  0  0128   4.00   0.00   0.00  0.18059873E-01 +-  0.12983840E-04
  0  0256   1.00   1.00   0.00  0.16709167E-01 +-  0.11995471E-04
  0  0512   2.00   1.00   0.00  0.17796292E-01 +-  0.12274521E-04
  0  0512   3.00   1.00   0.00  0.18028366E-01 +-  0.12377256E-04
  0  0256   4.00   1.00   0.00  0.18058577E-01 +-  0.12517857E-04
  0  0256   2.00   2.00   0.00  0.17952706E-01 +-  0.12498101E-04
  0  0512   3.00   2.00   0.00  0.18041892E-01 +-  0.12455255E-04
  0  0256   4.00   2.00   0.00  0.18054283E-01 +-  0.12546177E-04
  0  0256   3.00   3.00   0.00  0.18059155E-01 +-  0.12494308E-04
  0  0256   4.00   3.00   0.00  0.18064115E-01 +-  0.12366673E-04
  0  0 64   4.00   4.00   0.00  0.18059097E-01 +-  0.11730378E-04
============================================================================
 Single-Single correlation function:
  0  0 64   0.00   0.00   0.00  0.73111917E+00 +-  0.92337462E-04
  0  0256   1.00   0.00   0.00  0.54756606E+00 +-  0.14201899E-03
  0  0256   2.00   0.00   0.00  0.53476676E+00 +-  0.13530712E-03
  0  0256   3.00   0.00   0.00  0.53454695E+00 +-  0.13435235E-03
  0  0128   4.00   0.00   0.00  0.53453279E+00 +-  0.13364534E-03
  0  0256   1.00   1.00   0.00  0.53404663E+00 +-  0.13583553E-03
  0  0512   2.00   1.00   0.00  0.53473553E+00 +-  0.13475789E-03
  0  0512   3.00   1.00   0.00  0.53454140E+00 +-  0.13522862E-03
  0  0256   4.00   1.00   0.00  0.53453891E+00 +-  0.13511297E-03
  0  0256   2.00   2.00   0.00  0.53450419E+00 +-  0.13496894E-03
  0  0512   3.00   2.00   0.00  0.53453842E+00 +-  0.13492149E-03
  0  0256   4.00   2.00   0.00  0.53452680E+00 +-  0.13470025E-03
  0  0256   3.00   3.00   0.00  0.53452905E+00 +-  0.13488817E-03
  0  0256   4.00   3.00   0.00  0.53453433E+00 +-  0.13535577E-03
  0  0 64   4.00   4.00   0.00  0.53452132E+00 +-  0.13925297E-03
============================================================================
 Grid for Green's function
  K-points
  Class
    1         0.00000   0.00000

    2         0.00000  -0.78540
              0.00000   0.78540
             -0.78540   0.00000
              0.78540   0.00000

    3        -0.78540  -0.78540
              0.78540  -0.78540
             -0.78540   0.78540
              0.78540   0.78540

    4         0.00000  -1.57080
              0.00000   1.57080
             -1.57080   0.00000
              1.57080   0.00000

    5        -0.78540  -1.57080
              0.78540  -1.57080
             -0.78540   1.57080
              0.78540   1.57080
             -1.57080  -0.78540
             -1.57080   0.78540
              1.57080  -0.78540
              1.57080   0.78540

    6        -1.57080  -1.57080
              1.57080  -1.57080
             -1.57080   1.57080
              1.57080   1.57080

    7         0.00000  -2.35619
              0.00000   2.35619
             -2.35619   0.00000
              2.35619   0.00000

    8        -0.78540  -2.35619
              0.78540  -2.35619
             -0.78540   2.35619
              0.78540   2.35619
             -2.35619  -0.78540
             -2.35619   0.78540
              2.35619  -0.78540
              2.35619   0.78540

    9        -1.57080  -2.35619
              1.57080  -2.35619
             -1.57080   2.35619
              1.57080   2.35619
             -2.35619  -1.57080
             -2.35619   1.57080
              2.35619  -1.57080
              2.35619   1.57080

   10         0.00000  -3.14159
             -3.14159   0.00000

   11        -0.78540  -3.14159
              0.78540  -3.14159
             -3.14159  -0.78540
             -3.14159   0.78540

   12        -2.35619  -2.35619
              2.35619  -2.35619
             -2.35619   2.35619
              2.35619   2.35619

   13        -1.57080  -3.14159
              1.57080  -3.14159
             -3.14159  -1.57080
             -3.14159   1.57080

   14        -2.35619  -3.14159
              2.35619  -3.14159
             -3.14159  -2.35619
             -3.14159   2.35619

   15        -3.14159  -3.14159

============================================================================
 Grid for spin/charge correlations
  K-points
  Class
    1         0.00000   0.00000

    2         0.00000  -0.78540
              0.00000   0.78540
             -0.78540   0.00000
              0.78540   0.00000

    3        -0.78540  -0.78540
              0.78540  -0.78540
             -0.78540   0.78540
              0.78540   0.78540

    4         0.00000  -1.57080
              0.00000   1.57080
             -1.57080   0.00000
              1.57080   0.00000

    5        -0.78540  -1.57080
              0.78540  -1.57080
             -0.78540   1.57080
              0.78540   1.57080
             -1.57080  -0.78540
             -1.57080   0.78540
              1.57080  -0.78540
              1.57080   0.78540

    6        -1.57080  -1.57080
              1.57080  -1.57080
             -1.57080   1.57080
              1.57080   1.57080

    7         0.00000  -2.35619
              0.00000   2.35619
             -2.35619   0.00000
              2.35619   0.00000

    8        -0.78540  -2.35619
              0.78540  -2.35619
             -0.78540   2.35619
              0.78540   2.35619
             -2.35619  -0.78540
             -2.35619   0.78540
              2.35619  -0.78540
              2.35619   0.78540

    9        -1.57080  -2.35619
              1.57080  -2.35619
             -1.57080   2.35619
              1.57080   2.35619
             -2.35619  -1.57080
             -2.35619   1.57080
              2.35619  -1.57080
              2.35619   1.57080

   10         0.00000  -3.14159
             -3.14159   0.00000

   11        -0.78540  -3.14159
              0.78540  -3.14159
             -3.14159  -0.78540
             -3.14159   0.78540

   12        -2.35619  -2.35619
              2.35619  -2.35619
             -2.35619   2.35619
              2.35619   2.35619

   13        -1.57080  -3.14159
              1.57080  -3.14159
             -3.14159  -1.57080
             -3.14159   1.57080

   14        -2.35619  -3.14159
              2.35619  -3.14159
             -3.14159  -2.35619
             -3.14159   2.35619

   15        -3.14159  -3.14159

============================================================================
 FT of Ave Equal t Green's function:
    1    0    0                 0.42514551E-01 +-  0.79524419E-04
    2    0    0                 0.52681646E-01 +-  0.84342913E-04
    3    0    0                 0.68162149E-01 +-  0.10168649E-03
    4    0    0                 0.11065227E+00 +-  0.12351174E-03
    5    0    0                 0.16891229E+00 +-  0.13960344E-03
    6    0    0                 0.50000000E+00 +-  0.00000000E+00
    7    0    0                 0.33201243E+00 +-  0.11563535E-03
    8    0    0                 0.50000000E+00 +-  0.91652256E-15
    9    0    0                 0.83108771E+00 +-  0.13960344E-03
   10    0    0                 0.50000000E+00 +-  0.64577708E-15
   11    0    0                 0.66798757E+00 +-  0.11563535E-03
   12    0    0                 0.93183785E+00 +-  0.10168649E-03
   13    0    0                 0.88934773E+00 +-  0.12351174E-03
   14    0    0                 0.94731835E+00 +-  0.84342913E-04
   15    0    0                 0.95748545E+00 +-  0.79524419E-04
============================================================================
 FT of Up Equal t Green's function:
    1    0    0                 0.42530252E-01 +-  0.96363047E-04
    2    0    0                 0.52688443E-01 +-  0.10061880E-03
    3    0    0                 0.68154303E-01 +-  0.12065864E-03
    4    0    0                 0.11062531E+00 +-  0.17783064E-03
    5    0    0                 0.16882065E+00 +-  0.26316920E-03
    6    0    0                 0.49968732E+00 +-  0.53310228E-03
    7    0    0                 0.33197706E+00 +-  0.47423875E-03
    8    0    0                 0.49992934E+00 +-  0.54820597E-03
    9    0    0                 0.83099607E+00 +-  0.30285793E-03
   10    0    0                 0.49986299E+00 +-  0.57363323E-03
   11    0    0                 0.66795219E+00 +-  0.49744132E-03
   12    0    0                 0.93183001E+00 +-  0.13879810E-03
   13    0    0                 0.88932078E+00 +-  0.20625506E-03
   14    0    0                 0.94732515E+00 +-  0.10703656E-03
   15    0    0                 0.95750115E+00 +-  0.10127290E-03
============================================================================
 FT of Dn Equal t Green's function:
    1    0    0                 0.42498849E-01 +-  0.10127290E-03
    2    0    0                 0.52674849E-01 +-  0.10703656E-03
    3    0    0                 0.68169994E-01 +-  0.13879810E-03
    4    0    0                 0.11067922E+00 +-  0.20625506E-03
    5    0    0                 0.16900393E+00 +-  0.30285793E-03
    6    0    0                 0.50031268E+00 +-  0.53310228E-03
    7    0    0                 0.33204781E+00 +-  0.49744132E-03
    8    0    0                 0.50007066E+00 +-  0.54820597E-03
    9    0    0                 0.83117935E+00 +-  0.26316920E-03
   10    0    0                 0.50013701E+00 +-  0.57363323E-03
   11    0    0                 0.66802294E+00 +-  0.47423875E-03
   12    0    0                 0.93184570E+00 +-  0.12065864E-03
   13    0    0                 0.88937469E+00 +-  0.17783064E-03
   14    0    0                 0.94731156E+00 +-  0.10061880E-03
   15    0    0                 0.95746975E+00 +-  0.96363047E-04
============================================================================
 FT of Density-density correlation fn: (up-up)
    1    0    0                 0.16097763E+02 +-  0.60786713E-03
    2    0    0                 0.12428617E+00 +-  0.31075870E-03
    3    0    0                 0.14708333E+00 +-  0.28313289E-03
    4    0    0                 0.17871456E+00 +-  0.33231231E-03
    5    0    0                 0.19635397E+00 +-  0.28550036E-03
    6    0    0                 0.24337457E+00 +-  0.45057427E-03
    7    0    0                 0.22111694E+00 +-  0.33301506E-03
    8    0    0                 0.23993211E+00 +-  0.26131376E-03
    9    0    0                 0.29399005E+00 +-  0.30083814E-03
   10    0    0                 0.23611441E+00 +-  0.56175709E-03
   11    0    0                 0.25512096E+00 +-  0.43700872E-03
   12    0    0                 0.37276342E+00 +-  0.89049075E-03
   13    0    0                 0.31382074E+00 +-  0.51506721E-03
   14    0    0                 0.41749155E+00 +-  0.10169715E-02
   15    0    0                 0.49270991E+00 +-  0.35025837E-02
============================================================================
 FT of Density-density correlation fn: (up-dn)
    1    0    0                 0.15936622E+02 +-  0.60652767E-03
    2    0    0                -0.67160220E-01 +-  0.30915882E-03
    3    0    0                -0.72841810E-01 +-  0.28095679E-03
    4    0    0                -0.80291371E-01 +-  0.32222366E-03
    5    0    0                -0.86693079E-01 +-  0.26987011E-03
    6    0    0                -0.10691930E+00 +-  0.45538503E-03
    7    0    0                -0.91086330E-01 +-  0.32745818E-03
    8    0    0                -0.10081351E+00 +-  0.26813671E-03
    9    0    0                -0.13200568E+00 +-  0.31057728E-03
   10    0    0                -0.94855639E-01 +-  0.57106737E-03
   11    0    0                -0.10503314E+00 +-  0.42870231E-03
   12    0    0                -0.18735383E+00 +-  0.90918484E-03
   13    0    0                -0.14169953E+00 +-  0.52198633E-03
   14    0    0                -0.22231680E+00 +-  0.10143561E-02
   15    0    0                -0.28781641E+00 +-  0.35088266E-02
============================================================================
 FT of XX spin correlation fn:
    1    0    0                 0.32203018E+00 +-  0.43427169E-03
    2    0    0                 0.38299809E+00 +-  0.35022734E-03
    3    0    0                 0.43862744E+00 +-  0.29616325E-03
    4    0    0                 0.51472928E+00 +-  0.26987104E-03
    5    0    0                 0.56621618E+00 +-  0.21244058E-03
    6    0    0                 0.70267584E+00 +-  0.13634418E-03
    7    0    0                 0.62479873E+00 +-  0.19374319E-03
    8    0    0                 0.68032130E+00 +-  0.14225724E-03
    9    0    0                 0.85222244E+00 +-  0.87157422E-04
   10    0    0                 0.66473815E+00 +-  0.18372972E-03
   11    0    0                 0.72121341E+00 +-  0.15503312E-03
   12    0    0                 0.11172863E+01 +-  0.24443154E-03
   13    0    0                 0.91444499E+00 +-  0.10914801E-03
   14    0    0                 0.12771305E+01 +-  0.38487023E-03
   15    0    0                 0.15744228E+01 +-  0.76134436E-03
============================================================================
 FT of ZZ spin correlation fn:
    1    0    0                 0.32228343E+00 +-  0.24284987E-02
    2    0    0                 0.38289278E+00 +-  0.12386387E-02
    3    0    0                 0.43985028E+00 +-  0.11263838E-02
    4    0    0                 0.51801186E+00 +-  0.13068513E-02
    5    0    0                 0.56609409E+00 +-  0.11081314E-02
    6    0    0                 0.70058773E+00 +-  0.18095437E-02
    7    0    0                 0.62440655E+00 +-  0.13177820E-02
    8    0    0                 0.68149124E+00 +-  0.10547571E-02
    9    0    0                 0.85199145E+00 +-  0.12184853E-02
   10    0    0                 0.66194009E+00 +-  0.22636930E-02
   11    0    0                 0.72030821E+00 +-  0.17286739E-02
   12    0    0                 0.11202345E+01 +-  0.35975695E-02
   13    0    0                 0.91104053E+00 +-  0.20712678E-02
   14    0    0                 0.12796167E+01 +-  0.40607060E-02
   15    0    0                 0.15610526E+01 +-  0.14022188E-01
============================================================================
 FT of Average spin correlation fn:
    1    0    0                 0.32211460E+00 +-  0.86147700E-03
    2    0    0                 0.38296299E+00 +-  0.48851401E-03
    3    0    0                 0.43903506E+00 +-  0.44170800E-03
    4    0    0                 0.51582347E+00 +-  0.43832505E-03
    5    0    0                 0.56617548E+00 +-  0.34216595E-03
    6    0    0                 0.70197980E+00 +-  0.59230179E-03
    7    0    0                 0.62466800E+00 +-  0.44381075E-03
    8    0    0                 0.68071128E+00 +-  0.36936143E-03
    9    0    0                 0.85214544E+00 +-  0.41413945E-03
   10    0    0                 0.66380546E+00 +-  0.80052645E-03
   11    0    0                 0.72091168E+00 +-  0.59188393E-03
   12    0    0                 0.11182691E+01 +-  0.12076747E-02
   13    0    0                 0.91331017E+00 +-  0.70985684E-03
   14    0    0                 0.12779592E+01 +-  0.12967932E-02
   15    0    0                 0.15699661E+01 +-  0.45772437E-02
============================================================================
 FT of Pairing correlation fn:
    1    0    0                 0.10244675E+00 +-  0.33435635E-04
    2    0    0                 0.97587374E-01 +-  0.31484341E-04
    3    0    0                 0.92704797E-01 +-  0.29812657E-04
    4    0    0                 0.86060606E-01 +-  0.27341861E-04
    5    0    0                 0.80992185E-01 +-  0.26206241E-04
    6    0    0                 0.68227637E-01 +-  0.23309095E-04
    7    0    0                 0.75043909E-01 +-  0.24729729E-04
    8    0    0                 0.69559300E-01 +-  0.23644424E-04
    9    0    0                 0.54830444E-01 +-  0.20566021E-04
   10    0    0                 0.70629384E-01 +-  0.23986593E-04
   11    0    0                 0.65015307E-01 +-  0.23013106E-04
   12    0    0                 0.37120761E-01 +-  0.15943564E-04
   13    0    0                 0.49211595E-01 +-  0.19710602E-04
   14    0    0                 0.28562976E-01 +-  0.13636741E-04
   15    0    0                 0.17192456E-01 +-  0.94205969E-05
============================================================================
 FT of Double-Double correlation fn: 
    1    0    0                 0.12362459E+01 +-  0.80795943E-03
    2    0    0                 0.88755120E-01 +-  0.22667459E-04
    3    0    0                 0.95213592E-01 +-  0.22740371E-04
    4    0    0                 0.10470309E+00 +-  0.31463758E-04
    5    0    0                 0.10832512E+00 +-  0.30899925E-04
    6    0    0                 0.11711478E+00 +-  0.34757621E-04
    7    0    0                 0.11640181E+00 +-  0.36473539E-04
    8    0    0                 0.11895659E+00 +-  0.33344017E-04
    9    0    0                 0.12555648E+00 +-  0.41015367E-04
   10    0    0                 0.12044517E+00 +-  0.38632332E-04
   11    0    0                 0.12287855E+00 +-  0.38551623E-04
   12    0    0                 0.13239229E+00 +-  0.44234381E-04
   13    0    0                 0.12891377E+00 +-  0.41768172E-04
   14    0    0                 0.13525186E+00 +-  0.47238909E-04
   15    0    0                 0.13784534E+00 +-  0.48398267E-04
============================================================================
 FT of Single-Single correlation fn: 
    1    0    0                 0.34459468E+02 +-  0.86227145E-02
    2    0    0                 0.24076858E+00 +-  0.54711223E-04
    3    0    0                 0.23237133E+00 +-  0.56186408E-04
    4    0    0                 0.22196599E+00 +-  0.75995685E-04
    5    0    0                 0.21397870E+00 +-  0.49235275E-04
    6    0    0                 0.19554856E+00 +-  0.52721524E-04
    7    0    0                 0.20554603E+00 +-  0.66124456E-04
    8    0    0                 0.19758914E+00 +-  0.44968448E-04
    9    0    0                 0.17825717E+00 +-  0.61087997E-04
   10    0    0                 0.19926314E+00 +-  0.76659877E-04
   11    0    0                 0.19133856E+00 +-  0.63025603E-04
   12    0    0                 0.15874998E+00 +-  0.64543635E-04
   13    0    0                 0.17141267E+00 +-  0.62924093E-04
   14    0    0                 0.15065796E+00 +-  0.70824321E-04
   15    0    0                 0.14159436E+00 +-  0.72759914E-04
============================================================================
 Pair-field correlation function - accumulated:
s-wave                          0.20489350E+00 +-  0.66871270E-04
s*-wave                         0.54132995E+00 +-  0.12130148E-03
s**-wave                        0.31931245E+00 +-  0.90425314E-04
d-wave                          0.33651168E+00 +-  0.18293123E-03
d*-wave                         0.31214199E+00 +-  0.12623928E-03
============================================================================
