 General Geometry - Free Format                                                  
                          U :            4.000000
                       t_up :            1.000000
                       t_dn :            1.000000
                      mu_up :            0.000000
                      mu_dn :            0.000000
             Time slice - L :           80
            Number of sites :           64
                       dtau :            0.025000
                       beta :            2.000000
     Number of warmup sweep :         5000
Number of measurement sweep :        20000
   Frequency of measurement :            0
                Random seed :            6
 Frequency of recomputing G :           15
Global move number of sites :            0
               Accept count :     65288888
               Reject count :     62613931
    Approximate accept rate :            0.510457
                      gamma :            0.846082
           Type of matrix B : Dense MatB  
         Type of matrix HSF : discrete
 Sign of equal time measurements:
                   Avg sign :   0.10000000E+01 +-  0.00000000E+00
                Avg up sign :   0.10000000E+01 +-  0.00000000E+00
                Avg dn sign :   0.10000000E+01 +-  0.00000000E+00
============================================================================
 Equal time measurements:
          Up spin occupancy :   0.49967090E+00 +-  0.47661474E-03
        Down spin occupancy :   0.50032910E+00 +-  0.47661474E-03
             <U*N_up*N_dn>  :   0.53914160E+00 +-  0.34782280E-03
             Kinetic energy :  -0.32529694E+01 +-  0.54758241E-03
               Total energy :  -0.17138278E+01 +-  0.28017962E-03
                    Density :   0.10000000E+01 +-  0.00000000E+00
                Chi_thermal :  -0.25600000E+03 +-  0.14850935E-10
              Specific heat :   0.11338071E+04 +-  0.20087274E+01
  XX Ferro structure factor :   0.32405462E+00 +-  0.62543194E-03
  ZZ Ferro structure factor :   0.33028974E+00 +-  0.36271496E-02
     XX AF structure factor :   0.15664383E+01 +-  0.11790972E-02
  Root Mean Square of XX AF :   0.15996441E+01 +-  0.14923804E-02
     ZZ AF structure factor :   0.16107602E+01 +-  0.23208284E-01
  Root Mean Square of ZZ AF :   0.22460193E+01 +-  0.35777605E-01
           Potential energy :  -0.46085840E+00 +-  0.34782280E-03
             Hopping energy :  -0.12529694E+01 +-  0.54758241E-03
           Double occupancy :   0.13478540E+00 +-  0.86955699E-04
      Magnetisation squared :   0.18260730E+00 +-  0.43477850E-04
============================================================================
 Mean Equal time Green's function:
  0  0 64   0.00   0.00   0.00  0.50000000E+00 +-  0.00000000E+00
  0  0256   1.00   0.00   0.00 -0.15662117E+00 +-  0.68447801E-04
  0  0256   2.00   0.00   0.00 -0.10276228E-20 +-  0.12533393E-20
  0  0256   3.00   0.00   0.00  0.27202681E-02 +-  0.12199744E-04
  0  0128   4.00   0.00   0.00 -0.13014618E-21 +-  0.51396006E-21
  0  0256   1.00   1.00   0.00 -0.50282865E-20 +-  0.20712869E-20
  0  0512   2.00   1.00   0.00  0.26851690E-01 +-  0.36261207E-04
  0  0512   3.00   1.00   0.00  0.11544929E-20 +-  0.80114785E-21
  0  0256   4.00   1.00   0.00 -0.36149460E-02 +-  0.99295612E-05
  0  0256   2.00   2.00   0.00 -0.86748786E-21 +-  0.12912608E-20
  0  0512   3.00   2.00   0.00 -0.68283304E-02 +-  0.15617332E-04
  0  0256   4.00   2.00   0.00 -0.10767949E-20 +-  0.64779570E-21
  0  0256   3.00   3.00   0.00  0.87194428E-21 +-  0.58226776E-21
  0  0256   4.00   3.00   0.00  0.32336245E-02 +-  0.95872664E-05
  0  0 64   4.00   4.00   0.00  0.29414088E-22 +-  0.51089287E-21
============================================================================
 Up Equal time Green's function:
  0  0 64   0.00   0.00   0.00  0.50032910E+00 +-  0.47661474E-03
  0  0256   1.00   0.00   0.00 -0.15662117E+00 +-  0.68447801E-04
  0  0256   2.00   0.00   0.00 -0.23918788E-04 +-  0.31040725E-04
  0  0256   3.00   0.00   0.00  0.27202681E-02 +-  0.12199744E-04
  0  0128   4.00   0.00   0.00  0.21614528E-05 +-  0.16979744E-04
  0  0256   1.00   1.00   0.00 -0.84269715E-04 +-  0.14653487E-03
  0  0512   2.00   1.00   0.00  0.26851690E-01 +-  0.36261207E-04
  0  0512   3.00   1.00   0.00  0.15929221E-04 +-  0.24514561E-04
  0  0256   4.00   1.00   0.00 -0.36149460E-02 +-  0.99295612E-05
  0  0256   2.00   2.00   0.00  0.31338593E-04 +-  0.61933905E-04
  0  0512   3.00   2.00   0.00 -0.68283304E-02 +-  0.15617332E-04
  0  0256   4.00   2.00   0.00 -0.17192328E-04 +-  0.31202467E-04
  0  0256   3.00   3.00   0.00 -0.45417161E-05 +-  0.16730402E-04
  0  0256   4.00   3.00   0.00  0.32336245E-02 +-  0.95872664E-05
  0  0 64   4.00   4.00   0.00  0.39675572E-05 +-  0.40665965E-04
============================================================================
 Down Equal time Green's function:
  0  0 64   0.00   0.00   0.00  0.49967090E+00 +-  0.47661474E-03
  0  0256   1.00   0.00   0.00 -0.15662117E+00 +-  0.68447801E-04
  0  0256   2.00   0.00   0.00  0.23918788E-04 +-  0.31040725E-04
  0  0256   3.00   0.00   0.00  0.27202681E-02 +-  0.12199744E-04
  0  0128   4.00   0.00   0.00 -0.21614528E-05 +-  0.16979744E-04
  0  0256   1.00   1.00   0.00  0.84269715E-04 +-  0.14653487E-03
  0  0512   2.00   1.00   0.00  0.26851690E-01 +-  0.36261207E-04
  0  0512   3.00   1.00   0.00 -0.15929221E-04 +-  0.24514561E-04
  0  0256   4.00   1.00   0.00 -0.36149460E-02 +-  0.99295612E-05
  0  0256   2.00   2.00   0.00 -0.31338593E-04 +-  0.61933905E-04
  0  0512   3.00   2.00   0.00 -0.68283304E-02 +-  0.15617332E-04
  0  0256   4.00   2.00   0.00  0.17192328E-04 +-  0.31202467E-04
  0  0256   3.00   3.00   0.00  0.45417161E-05 +-  0.16730402E-04
  0  0256   4.00   3.00   0.00  0.32336245E-02 +-  0.95872664E-05
  0  0 64   4.00   4.00   0.00 -0.39675572E-05 +-  0.40665965E-04
============================================================================
 Density-density correlation fn: (up-up)
  0  0 64   0.00   0.00   0.00  0.50000000E+00 +-  0.00000000E+00
  0  0256   1.00   0.00   0.00  0.20927493E+00 +-  0.14501229E-03
  0  0256   2.00   0.00   0.00  0.25288568E+00 +-  0.12774131E-03
  0  0256   3.00   0.00   0.00  0.24899702E+00 +-  0.14259437E-03
  0  0128   4.00   0.00   0.00  0.25058175E+00 +-  0.18174683E-03
  0  0256   1.00   1.00   0.00  0.25604457E+00 +-  0.13757804E-03
  0  0512   2.00   1.00   0.00  0.24653255E+00 +-  0.11018682E-03
  0  0512   3.00   1.00   0.00  0.25090401E+00 +-  0.11062229E-03
  0  0256   4.00   1.00   0.00  0.24950101E+00 +-  0.13902932E-03
  0  0256   2.00   2.00   0.00  0.25128906E+00 +-  0.11785235E-03
  0  0512   3.00   2.00   0.00  0.24937040E+00 +-  0.11735144E-03
  0  0256   4.00   2.00   0.00  0.25034278E+00 +-  0.13969807E-03
  0  0256   3.00   3.00   0.00  0.25041372E+00 +-  0.14890987E-03
  0  0256   4.00   3.00   0.00  0.24969720E+00 +-  0.15604623E-03
  0  0 64   4.00   4.00   0.00  0.25036115E+00 +-  0.24195241E-03
============================================================================
 Density-density correlation fn: (up-dn)
  0  0 64   0.00   0.00   0.00  0.13478540E+00 +-  0.86955699E-04
  0  0256   1.00   0.00   0.00  0.27087479E+00 +-  0.14436439E-03
  0  0256   2.00   0.00   0.00  0.24640545E+00 +-  0.12770357E-03
  0  0256   3.00   0.00   0.00  0.25092787E+00 +-  0.14259120E-03
  0  0128   4.00   0.00   0.00  0.24939109E+00 +-  0.18175994E-03
  0  0256   1.00   1.00   0.00  0.24147930E+00 +-  0.13777867E-03
  0  0512   2.00   1.00   0.00  0.25281307E+00 +-  0.11015437E-03
  0  0512   3.00   1.00   0.00  0.24900165E+00 +-  0.11060674E-03
  0  0256   4.00   1.00   0.00  0.25046594E+00 +-  0.13903158E-03
  0  0256   2.00   2.00   0.00  0.24848428E+00 +-  0.11786210E-03
  0  0512   3.00   2.00   0.00  0.25056376E+00 +-  0.11735213E-03
  0  0256   4.00   2.00   0.00  0.24962178E+00 +-  0.13971341E-03
  0  0256   3.00   3.00   0.00  0.24955944E+00 +-  0.14891693E-03
  0  0256   4.00   3.00   0.00  0.25028318E+00 +-  0.15603939E-03
  0  0 64   4.00   4.00   0.00  0.24961561E+00 +-  0.24198603E-03
============================================================================
 XX Spin correlation function:
  0  0 64   0.00   0.00   0.00  0.73042920E+00 +-  0.17391140E-03
  0  0256   1.00   0.00   0.00 -0.12247996E+00 +-  0.12450019E-03
  0  0256   2.00   0.00   0.00  0.11642342E-01 +-  0.33040229E-04
  0  0256   3.00   0.00   0.00 -0.26950965E-02 +-  0.12116809E-04
  0  0128   4.00   0.00   0.00  0.13368596E-02 +-  0.77547346E-05
  0  0256   1.00   1.00   0.00  0.28616579E-01 +-  0.65967216E-04
  0  0512   2.00   1.00   0.00 -0.11927793E-01 +-  0.33616706E-04
  0  0512   3.00   1.00   0.00  0.27174908E-02 +-  0.10853924E-04
  0  0256   4.00   1.00   0.00 -0.13549844E-02 +-  0.69766725E-05
  0  0256   2.00   2.00   0.00  0.49259135E-02 +-  0.19421519E-04
  0  0512   3.00   2.00   0.00 -0.20485200E-02 +-  0.97587357E-05
  0  0256   4.00   2.00   0.00  0.11754634E-02 +-  0.64417626E-05
  0  0256   3.00   3.00   0.00  0.10582736E-02 +-  0.63305431E-05
  0  0256   4.00   3.00   0.00 -0.81529101E-03 +-  0.53973307E-05
  0  0 64   4.00   4.00   0.00  0.72934045E-03 +-  0.63675226E-05
============================================================================
 ZZ Spin correlation function:
  0  0 64   0.00   0.00   0.00  0.73042920E+00 +-  0.17391140E-03
  0  0256   1.00   0.00   0.00 -0.12319972E+00 +-  0.57840101E-03
  0  0256   2.00   0.00   0.00  0.12960445E-01 +-  0.51088677E-03
  0  0256   3.00   0.00   0.00 -0.38617031E-02 +-  0.57037100E-03
  0  0128   4.00   0.00   0.00  0.23813059E-02 +-  0.72701350E-03
  0  0256   1.00   1.00   0.00  0.29130525E-01 +-  0.55069164E-03
  0  0512   2.00   1.00   0.00 -0.12561054E-01 +-  0.44067824E-03
  0  0512   3.00   1.00   0.00  0.38047154E-02 +-  0.44245790E-03
  0  0256   4.00   1.00   0.00 -0.19298493E-02 +-  0.55612177E-03
  0  0256   2.00   2.00   0.00  0.56095589E-02 +-  0.47142797E-03
  0  0512   3.00   2.00   0.00 -0.23867213E-02 +-  0.46940701E-03
  0  0256   4.00   2.00   0.00  0.14420023E-02 +-  0.55882293E-03
  0  0256   3.00   3.00   0.00  0.17085551E-02 +-  0.59565357E-03
  0  0256   4.00   3.00   0.00 -0.11719759E-02 +-  0.62417121E-03
  0  0 64   4.00   4.00   0.00  0.14910769E-02 +-  0.96787685E-03
============================================================================
 Average Spin correlation function:
  0  0 64   0.00   0.00   0.00  0.73042920E+00 +-  0.17391140E-03
  0  0256   1.00   0.00   0.00 -0.12271988E+00 +-  0.20049594E-03
  0  0256   2.00   0.00   0.00  0.12081710E-01 +-  0.16998283E-03
  0  0256   3.00   0.00   0.00 -0.30839653E-02 +-  0.19077115E-03
  0  0128   4.00   0.00   0.00  0.16850084E-02 +-  0.24287310E-03
  0  0256   1.00   1.00   0.00  0.28787895E-01 +-  0.18181514E-03
  0  0512   2.00   1.00   0.00 -0.12138880E-01 +-  0.14838975E-03
  0  0512   3.00   1.00   0.00  0.30798990E-02 +-  0.14820537E-03
  0  0256   4.00   1.00   0.00 -0.15466060E-02 +-  0.18556271E-03
  0  0256   2.00   2.00   0.00  0.51537953E-02 +-  0.15799723E-03
  0  0512   3.00   2.00   0.00 -0.21612538E-02 +-  0.15668552E-03
  0  0256   4.00   2.00   0.00  0.12643097E-02 +-  0.18641013E-03
  0  0256   3.00   3.00   0.00  0.12750341E-02 +-  0.19867597E-03
  0  0256   4.00   3.00   0.00 -0.93418596E-03 +-  0.20817791E-03
  0  0 64   4.00   4.00   0.00  0.98325261E-03 +-  0.32294200E-03
============================================================================
 Pairing correlation function:
  0  0 64   0.00   0.00   0.00  0.67392700E-01 +-  0.43477850E-04
  0  0256   1.00   0.00   0.00  0.99251385E-02 +-  0.50583532E-05
  0  0256   2.00   0.00   0.00 -0.35443455E-03 +-  0.43712412E-06
  0  0256   3.00   0.00   0.00  0.37553536E-04 +-  0.94932901E-07
  0  0128   4.00   0.00   0.00 -0.13580450E-04 +-  0.56559480E-07
  0  0256   1.00   1.00   0.00 -0.12380642E-02 +-  0.12282290E-05
  0  0512   2.00   1.00   0.00  0.32719009E-03 +-  0.47779797E-06
  0  0512   3.00   1.00   0.00 -0.47166734E-04 +-  0.92996490E-07
  0  0256   4.00   1.00   0.00  0.16523799E-04 +-  0.46378792E-07
  0  0256   2.00   2.00   0.00 -0.11332942E-03 +-  0.23512233E-06
  0  0512   3.00   2.00   0.00  0.32917445E-04 +-  0.84686486E-07
  0  0256   4.00   2.00   0.00 -0.17721655E-04 +-  0.56871610E-07
  0  0256   3.00   3.00   0.00 -0.13420251E-04 +-  0.47586679E-07
  0  0256   4.00   3.00   0.00  0.98089735E-05 +-  0.37102728E-07
  0  0 64   4.00   4.00   0.00 -0.11619538E-04 +-  0.59691282E-07
============================================================================
 Double-Double correlation function:
  0  0 64   0.00   0.00   0.00  0.13478540E+00 +-  0.86955699E-04
  0  0256   1.00   0.00   0.00  0.11519092E-01 +-  0.15813608E-04
  0  0256   2.00   0.00   0.00  0.17869939E-01 +-  0.23176984E-04
  0  0256   3.00   0.00   0.00  0.18133953E-01 +-  0.23537188E-04
  0  0128   4.00   0.00   0.00  0.18156942E-01 +-  0.23944865E-04
  0  0256   1.00   1.00   0.00  0.16800079E-01 +-  0.22466742E-04
  0  0512   2.00   1.00   0.00  0.17889029E-01 +-  0.22894428E-04
  0  0512   3.00   1.00   0.00  0.18120120E-01 +-  0.23523381E-04
  0  0256   4.00   1.00   0.00  0.18148610E-01 +-  0.23728796E-04
  0  0256   2.00   2.00   0.00  0.18050230E-01 +-  0.23490774E-04
  0  0512   3.00   2.00   0.00  0.18136389E-01 +-  0.23649887E-04
  0  0256   4.00   2.00   0.00  0.18142799E-01 +-  0.23742507E-04
  0  0256   3.00   3.00   0.00  0.18152042E-01 +-  0.23713693E-04
  0  0256   4.00   3.00   0.00  0.18154483E-01 +-  0.23623679E-04
  0  0 64   4.00   4.00   0.00  0.18151588E-01 +-  0.23244295E-04
============================================================================
 Single-Single correlation function:
  0  0 64   0.00   0.00   0.00  0.73042920E+00 +-  0.17391140E-03
  0  0256   1.00   0.00   0.00  0.54663532E+00 +-  0.26811099E-03
  0  0256   2.00   0.00   0.00  0.53375589E+00 +-  0.25502081E-03
  0  0256   3.00   0.00   0.00  0.53354442E+00 +-  0.25412775E-03
  0  0128   4.00   0.00   0.00  0.53354049E+00 +-  0.25302965E-03
  0  0256   1.00   1.00   0.00  0.53301097E+00 +-  0.25611961E-03
  0  0512   2.00   1.00   0.00  0.53372327E+00 +-  0.25481053E-03
  0  0512   3.00   1.00   0.00  0.53352754E+00 +-  0.25373349E-03
  0  0256   4.00   1.00   0.00  0.53351893E+00 +-  0.25339557E-03
  0  0256   2.00   2.00   0.00  0.53351263E+00 +-  0.25363818E-03
  0  0512   3.00   2.00   0.00  0.53353563E+00 +-  0.25320442E-03
  0  0256   4.00   2.00   0.00  0.53350048E+00 +-  0.25325259E-03
  0  0256   3.00   3.00   0.00  0.53352025E+00 +-  0.25336762E-03
  0  0256   4.00   3.00   0.00  0.53351557E+00 +-  0.25378765E-03
  0  0 64   4.00   4.00   0.00  0.53351123E+00 +-  0.25666755E-03
============================================================================
 Grid for Green's function
  K-points
  Class
    1         0.00000   0.00000

    2         0.00000  -0.78540
              0.00000   0.78540
             -0.78540   0.00000
              0.78540   0.00000

    3        -0.78540  -0.78540
              0.78540  -0.78540
             -0.78540   0.78540
              0.78540   0.78540

    4         0.00000  -1.57080
              0.00000   1.57080
             -1.57080   0.00000
              1.57080   0.00000

    5        -0.78540  -1.57080
              0.78540  -1.57080
             -0.78540   1.57080
              0.78540   1.57080
             -1.57080  -0.78540
             -1.57080   0.78540
              1.57080  -0.78540
              1.57080   0.78540

    6        -1.57080  -1.57080
              1.57080  -1.57080
             -1.57080   1.57080
              1.57080   1.57080

    7         0.00000  -2.35619
              0.00000   2.35619
             -2.35619   0.00000
              2.35619   0.00000

    8        -0.78540  -2.35619
              0.78540  -2.35619
             -0.78540   2.35619
              0.78540   2.35619
             -2.35619  -0.78540
             -2.35619   0.78540
              2.35619  -0.78540
              2.35619   0.78540

    9        -1.57080  -2.35619
              1.57080  -2.35619
             -1.57080   2.35619
              1.57080   2.35619
             -2.35619  -1.57080
             -2.35619   1.57080
              2.35619  -1.57080
              2.35619   1.57080

   10         0.00000  -3.14159
             -3.14159   0.00000

   11        -0.78540  -3.14159
              0.78540  -3.14159
             -3.14159  -0.78540
             -3.14159   0.78540

   12        -2.35619  -2.35619
              2.35619  -2.35619
             -2.35619   2.35619
              2.35619   2.35619

   13        -1.57080  -3.14159
              1.57080  -3.14159
             -3.14159  -1.57080
             -3.14159   1.57080

   14        -2.35619  -3.14159
              2.35619  -3.14159
             -3.14159  -2.35619
             -3.14159   2.35619

   15        -3.14159  -3.14159

============================================================================
 Grid for spin/charge correlations
  K-points
  Class
    1         0.00000   0.00000

    2         0.00000  -0.78540
              0.00000   0.78540
             -0.78540   0.00000
              0.78540   0.00000

    3        -0.78540  -0.78540
              0.78540  -0.78540
             -0.78540   0.78540
              0.78540   0.78540

    4         0.00000  -1.57080
              0.00000   1.57080
             -1.57080   0.00000
              1.57080   0.00000

    5        -0.78540  -1.57080
              0.78540  -1.57080
             -0.78540   1.57080
              0.78540   1.57080
             -1.57080  -0.78540
             -1.57080   0.78540
              1.57080  -0.78540
              1.57080   0.78540

    6        -1.57080  -1.57080
              1.57080  -1.57080
             -1.57080   1.57080
              1.57080   1.57080

    7         0.00000  -2.35619
              0.00000   2.35619
             -2.35619   0.00000
              2.35619   0.00000

    8        -0.78540  -2.35619
              0.78540  -2.35619
             -0.78540   2.35619
              0.78540   2.35619
             -2.35619  -0.78540
             -2.35619   0.78540
              2.35619  -0.78540
              2.35619   0.78540

    9        -1.57080  -2.35619
              1.57080  -2.35619
             -1.57080   2.35619
              1.57080   2.35619
             -2.35619  -1.57080
             -2.35619   1.57080
              2.35619  -1.57080
              2.35619   1.57080

   10         0.00000  -3.14159
             -3.14159   0.00000

   11        -0.78540  -3.14159
              0.78540  -3.14159
             -3.14159  -0.78540
             -3.14159   0.78540

   12        -2.35619  -2.35619
              2.35619  -2.35619
             -2.35619   2.35619
              2.35619   2.35619

   13        -1.57080  -3.14159
              1.57080  -3.14159
             -3.14159  -1.57080
             -3.14159   1.57080

   14        -2.35619  -3.14159
              2.35619  -3.14159
             -3.14159  -2.35619
             -3.14159   2.35619

   15        -3.14159  -3.14159

============================================================================
 FT of Ave Equal t Green's function:
    1    0    0                 0.43057972E-01 +-  0.11595312E-03
    2    0    0                 0.53194150E-01 +-  0.13063705E-03
    3    0    0                 0.68685030E-01 +-  0.15829463E-03
    4    0    0                 0.11134211E+00 +-  0.21558513E-03
    5    0    0                 0.16971035E+00 +-  0.25401416E-03
    6    0    0                 0.50000000E+00 +-  0.00000000E+00
    7    0    0                 0.33272752E+00 +-  0.19883696E-03
    8    0    0                 0.50000000E+00 +-  0.19117447E-14
    9    0    0                 0.83028965E+00 +-  0.25401416E-03
   10    0    0                 0.50000000E+00 +-  0.15894811E-14
   11    0    0                 0.66727248E+00 +-  0.19883696E-03
   12    0    0                 0.93131497E+00 +-  0.15829463E-03
   13    0    0                 0.88865789E+00 +-  0.21558513E-03
   14    0    0                 0.94680585E+00 +-  0.13063705E-03
   15    0    0                 0.95694203E+00 +-  0.11595312E-03
============================================================================
 FT of Up Equal t Green's function:
    1    0    0                 0.43128463E-01 +-  0.15664620E-03
    2    0    0                 0.53280327E-01 +-  0.17919987E-03
    3    0    0                 0.68772438E-01 +-  0.22617529E-03
    4    0    0                 0.11155415E+00 +-  0.35191530E-03
    5    0    0                 0.17004894E+00 +-  0.52260263E-03
    6    0    0                 0.50062719E+00 +-  0.95448312E-03
    7    0    0                 0.33326471E+00 +-  0.85171435E-03
    8    0    0                 0.50057009E+00 +-  0.95566377E-03
    9    0    0                 0.83062824E+00 +-  0.47584285E-03
   10    0    0                 0.50052612E+00 +-  0.99097673E-03
   11    0    0                 0.66780967E+00 +-  0.83393308E-03
   12    0    0                 0.93140238E+00 +-  0.19340226E-03
   13    0    0                 0.88886993E+00 +-  0.32034930E-03
   14    0    0                 0.94689203E+00 +-  0.15336658E-03
   15    0    0                 0.95701252E+00 +-  0.13449536E-03
============================================================================
 FT of Dn Equal t Green's function:
    1    0    0                 0.42987480E-01 +-  0.13449536E-03
    2    0    0                 0.53107972E-01 +-  0.15336658E-03
    3    0    0                 0.68597622E-01 +-  0.19340226E-03
    4    0    0                 0.11113007E+00 +-  0.32034930E-03
    5    0    0                 0.16937176E+00 +-  0.47584285E-03
    6    0    0                 0.49937281E+00 +-  0.95448312E-03
    7    0    0                 0.33219033E+00 +-  0.83393308E-03
    8    0    0                 0.49942991E+00 +-  0.95566377E-03
    9    0    0                 0.82995106E+00 +-  0.52260263E-03
   10    0    0                 0.49947388E+00 +-  0.99097673E-03
   11    0    0                 0.66673529E+00 +-  0.85171435E-03
   12    0    0                 0.93122756E+00 +-  0.22617529E-03
   13    0    0                 0.88844585E+00 +-  0.35191530E-03
   14    0    0                 0.94671967E+00 +-  0.17919987E-03
   15    0    0                 0.95687154E+00 +-  0.15664620E-03
============================================================================
 FT of Density-density correlation fn: (up-up)
    1    0    0                 0.16099764E+02 +-  0.90791312E-03
    2    0    0                 0.12431894E+00 +-  0.44347297E-03
    3    0    0                 0.14670203E+00 +-  0.53916684E-03
    4    0    0                 0.17769693E+00 +-  0.52346862E-03
    5    0    0                 0.19612676E+00 +-  0.44867504E-03
    6    0    0                 0.24376706E+00 +-  0.64680972E-03
    7    0    0                 0.22142531E+00 +-  0.60023078E-03
    8    0    0                 0.23989713E+00 +-  0.45998114E-03
    9    0    0                 0.29297935E+00 +-  0.60884072E-03
   10    0    0                 0.23652947E+00 +-  0.84963693E-03
   11    0    0                 0.25617109E+00 +-  0.63215513E-03
   12    0    0                 0.37029433E+00 +-  0.14504325E-02
   13    0    0                 0.31503987E+00 +-  0.90816432E-03
   14    0    0                 0.41698324E+00 +-  0.16532705E-02
   15    0    0                 0.50555571E+00 +-  0.57953815E-02
============================================================================
 FT of Density-density correlation fn: (up-dn)
    1    0    0                 0.15934619E+02 +-  0.90608581E-03
    2    0    0                -0.67180184E-01 +-  0.43783526E-03
    3    0    0                -0.72408796E-01 +-  0.53319682E-03
    4    0    0                -0.79157694E-01 +-  0.51621472E-03
    5    0    0                -0.86291917E-01 +-  0.43467865E-03
    6    0    0                -0.10698861E+00 +-  0.64687377E-03
    7    0    0                -0.91131367E-01 +-  0.59383714E-03
    8    0    0                -0.10045205E+00 +-  0.45488465E-03
    9    0    0                -0.13050321E+00 +-  0.62192063E-03
   10    0    0                -0.94938968E-01 +-  0.85283877E-03
   11    0    0                -0.10568619E+00 +-  0.64385982E-03
   12    0    0                -0.18421181E+00 +-  0.14553847E-02
   13    0    0                -0.14235016E+00 +-  0.91687196E-03
   14    0    0                -0.22105369E+00 +-  0.16688888E-02
   15    0    0                -0.29982438E+00 +-  0.58094098E-02
============================================================================
 FT of XX spin correlation fn:
    1    0    0                 0.32405462E+00 +-  0.62543194E-03
    2    0    0                 0.38446327E+00 +-  0.48717046E-03
    3    0    0                 0.43968828E+00 +-  0.40941094E-03
    4    0    0                 0.51534319E+00 +-  0.32377198E-03
    5    0    0                 0.56654428E+00 +-  0.28131945E-03
    6    0    0                 0.70226469E+00 +-  0.20491867E-03
    7    0    0                 0.62478482E+00 +-  0.29720592E-03
    8    0    0                 0.68000508E+00 +-  0.25549615E-03
    9    0    0                 0.85098792E+00 +-  0.19745298E-03
   10    0    0                 0.66436780E+00 +-  0.32909646E-03
   11    0    0                 0.72058910E+00 +-  0.30005732E-03
   12    0    0                 0.11142408E+01 +-  0.33119362E-03
   13    0    0                 0.91291402E+00 +-  0.24919631E-03
   14    0    0                 0.12726973E+01 +-  0.52373126E-03
   15    0    0                 0.15664383E+01 +-  0.11790972E-02
============================================================================
 FT of ZZ spin correlation fn:
    1    0    0                 0.33028974E+00 +-  0.36271496E-02
    2    0    0                 0.38299825E+00 +-  0.17593589E-02
    3    0    0                 0.43822166E+00 +-  0.21412133E-02
    4    0    0                 0.51370925E+00 +-  0.20740091E-02
    5    0    0                 0.56483735E+00 +-  0.17601361E-02
    6    0    0                 0.70151133E+00 +-  0.25815356E-02
    7    0    0                 0.62511336E+00 +-  0.23817470E-02
    8    0    0                 0.68069837E+00 +-  0.18210217E-02
    9    0    0                 0.84696512E+00 +-  0.24538495E-02
   10    0    0                 0.66293687E+00 +-  0.34000727E-02
   11    0    0                 0.72371457E+00 +-  0.25452686E-02
   12    0    0                 0.11090123E+01 +-  0.58074310E-02
   13    0    0                 0.91478005E+00 +-  0.36443447E-02
   14    0    0                 0.12760739E+01 +-  0.66402963E-02
   15    0    0                 0.16107602E+01 +-  0.23208284E-01
============================================================================
 FT of Average spin correlation fn:
    1    0    0                 0.32613300E+00 +-  0.13220498E-02
    2    0    0                 0.38397493E+00 +-  0.70526700E-03
    3    0    0                 0.43919940E+00 +-  0.75736286E-03
    4    0    0                 0.51479854E+00 +-  0.69317713E-03
    5    0    0                 0.56597530E+00 +-  0.60444775E-03
    6    0    0                 0.70201357E+00 +-  0.87021610E-03
    7    0    0                 0.62489433E+00 +-  0.81711736E-03
    8    0    0                 0.68023617E+00 +-  0.61568305E-03
    9    0    0                 0.84964699E+00 +-  0.83585241E-03
   10    0    0                 0.66389082E+00 +-  0.11667523E-02
   11    0    0                 0.72163092E+00 +-  0.89840472E-03
   12    0    0                 0.11124980E+01 +-  0.19314844E-02
   13    0    0                 0.91353603E+00 +-  0.12375358E-02
   14    0    0                 0.12738228E+01 +-  0.21879327E-02
   15    0    0                 0.15812123E+01 +-  0.77892312E-02
============================================================================
 FT of Pairing correlation fn:
    1    0    0                 0.10286567E+00 +-  0.61776753E-04
    2    0    0                 0.97964778E-01 +-  0.58314884E-04
    3    0    0                 0.93041261E-01 +-  0.55305090E-04
    4    0    0                 0.86344857E-01 +-  0.51286373E-04
    5    0    0                 0.81238070E-01 +-  0.48990399E-04
    6    0    0                 0.68389227E-01 +-  0.43403636E-04
    7    0    0                 0.75242447E-01 +-  0.46778843E-04
    8    0    0                 0.69722544E-01 +-  0.44652456E-04
    9    0    0                 0.54917421E-01 +-  0.38697015E-04
   10    0    0                 0.70795249E-01 +-  0.45579884E-04
   11    0    0                 0.65146973E-01 +-  0.43758932E-04
   12    0    0                 0.37146619E-01 +-  0.30825387E-04
   13    0    0                 0.49269618E-01 +-  0.37468823E-04
   14    0    0                 0.28569378E-01 +-  0.26925945E-04
   15    0    0                 0.17191746E-01 +-  0.19632997E-04
============================================================================
 FT of Double-Double correlation fn: 
    1    0    0                 0.12423001E+01 +-  0.15265151E-02
    2    0    0                 0.88901293E-01 +-  0.39356867E-04
    3    0    0                 0.95353829E-01 +-  0.44737670E-04
    4    0    0                 0.10486056E+00 +-  0.54040172E-04
    5    0    0                 0.10851604E+00 +-  0.57770819E-04
    6    0    0                 0.11740084E+00 +-  0.65493902E-04
    7    0    0                 0.11667470E+00 +-  0.66131451E-04
    8    0    0                 0.11919934E+00 +-  0.65404887E-04
    9    0    0                 0.12584302E+00 +-  0.74461549E-04
   10    0    0                 0.12073330E+00 +-  0.70999496E-04
   11    0    0                 0.12314934E+00 +-  0.71878125E-04
   12    0    0                 0.13273991E+00 +-  0.83073589E-04
   13    0    0                 0.12923935E+00 +-  0.78115442E-04
   14    0    0                 0.13562704E+00 +-  0.88743970E-04
   15    0    0                 0.13824429E+00 +-  0.93480279E-04
============================================================================
 FT of Single-Single correlation fn: 
    1    0    0                 0.34395371E+02 +-  0.16225852E-01
    2    0    0                 0.24132766E+00 +-  0.10858270E-03
    3    0    0                 0.23282884E+00 +-  0.10221760E-03
    4    0    0                 0.22236376E+00 +-  0.96900009E-04
    5    0    0                 0.21439449E+00 +-  0.88459100E-04
    6    0    0                 0.19604645E+00 +-  0.99737783E-04
    7    0    0                 0.20611090E+00 +-  0.10704239E-03
    8    0    0                 0.19790719E+00 +-  0.91171523E-04
    9    0    0                 0.17841981E+00 +-  0.10785229E-03
   10    0    0                 0.19975220E+00 +-  0.13104098E-03
   11    0    0                 0.19162758E+00 +-  0.11355835E-03
   12    0    0                 0.15879460E+00 +-  0.12148225E-03
   13    0    0                 0.17157796E+00 +-  0.11702448E-03
   14    0    0                 0.15064903E+00 +-  0.13324361E-03
   15    0    0                 0.14151448E+00 +-  0.14331859E-03
============================================================================
 Pair-field correlation function - accumulated:
s-wave                          0.20573133E+00 +-  0.12355351E-03
s*-wave                         0.53940413E+00 +-  0.19419482E-03
s**-wave                        0.31944922E+00 +-  0.14460984E-03
d-wave                          0.33622526E+00 +-  0.29634500E-03
d*-wave                         0.31181908E+00 +-  0.20534552E-03
============================================================================
Number of Green's function errors: 0
Running time: 23012.4590 (second)
